{"D:\\dev\\razac_tookan\\razac_tookan\\src\\app.js": {"path":"D:\\dev\\razac_tookan\\razac_tookan\\src\\app.js","statementMap":{"0":{"start":{"line":4,"column":16},"end":{"line":4,"column":34}},"1":{"start":{"line":5,"column":13},"end":{"line":5,"column":28}},"2":{"start":{"line":6,"column":22},"end":{"line":6,"column":63}},"3":{"start":{"line":7,"column":23},"end":{"line":7,"column":66}},"4":{"start":{"line":8,"column":15},"end":{"line":8,"column":34}},"5":{"start":{"line":10,"column":12},"end":{"line":10,"column":21}},"6":{"start":{"line":12,"column":0},"end":{"line":14,"column":1}},"7":{"start":{"line":13,"column":2},"end":{"line":13,"column":28}},"8":{"start":{"line":17,"column":0},"end":{"line":17,"column":16}},"9":{"start":{"line":18,"column":0},"end":{"line":18,"column":40}},"10":{"start":{"line":21,"column":0},"end":{"line":29,"column":1}},"11":{"start":{"line":22,"column":2},"end":{"line":28,"column":5}},"12":{"start":{"line":23,"column":18},"end":{"line":23,"column":28}},"13":{"start":{"line":24,"column":4},"end":{"line":26,"column":7}},"14":{"start":{"line":25,"column":6},"end":{"line":25,"column":100}},"15":{"start":{"line":27,"column":4},"end":{"line":27,"column":11}},"16":{"start":{"line":32,"column":0},"end":{"line":41,"column":3}},"17":{"start":{"line":33,"column":2},"end":{"line":40,"column":5}},"18":{"start":{"line":44,"column":0},"end":{"line":44,"column":39}},"19":{"start":{"line":45,"column":0},"end":{"line":45,"column":41}},"20":{"start":{"line":48,"column":0},"end":{"line":53,"column":3}},"21":{"start":{"line":49,"column":2},"end":{"line":52,"column":5}},"22":{"start":{"line":56,"column":0},"end":{"line":62,"column":3}},"23":{"start":{"line":57,"column":2},"end":{"line":57,"column":39}},"24":{"start":{"line":58,"column":2},"end":{"line":61,"column":5}},"25":{"start":{"line":64,"column":0},"end":{"line":64,"column":21}}},"fnMap":{"0":{"name":"(anonymous_0)","decl":{"start":{"line":22,"column":10},"end":{"line":22,"column":11}},"loc":{"start":{"line":22,"column":30},"end":{"line":28,"column":3}},"line":22},"1":{"name":"(anonymous_1)","decl":{"start":{"line":24,"column":21},"end":{"line":24,"column":22}},"loc":{"start":{"line":24,"column":27},"end":{"line":26,"column":5}},"line":24},"2":{"name":"(anonymous_2)","decl":{"start":{"line":32,"column":23},"end":{"line":32,"column":24}},"loc":{"start":{"line":32,"column":37},"end":{"line":41,"column":1}},"line":32},"3":{"name":"(anonymous_3)","decl":{"start":{"line":48,"column":8},"end":{"line":48,"column":9}},"loc":{"start":{"line":48,"column":22},"end":{"line":53,"column":1}},"line":48},"4":{"name":"(anonymous_4)","decl":{"start":{"line":56,"column":8},"end":{"line":56,"column":9}},"loc":{"start":{"line":56,"column":33},"end":{"line":62,"column":1}},"line":56}},"branchMap":{"0":{"loc":{"start":{"line":12,"column":0},"end":{"line":14,"column":1}},"type":"if","locations":[{"start":{"line":12,"column":0},"end":{"line":14,"column":1}},{"start":{},"end":{}}],"line":12},"1":{"loc":{"start":{"line":21,"column":0},"end":{"line":29,"column":1}},"type":"if","locations":[{"start":{"line":21,"column":0},"end":{"line":29,"column":1}},{"start":{},"end":{}}],"line":21}},"s":{"0":1,"1":1,"2":1,"3":1,"4":1,"5":1,"6":1,"7":0,"8":1,"9":1,"10":1,"11":0,"12":0,"13":0,"14":0,"15":0,"16":1,"17":1,"18":1,"19":1,"20":1,"21":1,"22":1,"23":0,"24":0,"25":1},"f":{"0":0,"1":0,"2":1,"3":1,"4":0},"b":{"0":[0,1],"1":[0,1]},"_coverageSchema":"1a1c01bbd47fc00a2c39e90264f33305004495a9","hash":"859761cbf7269e74047e71002475771c1c1bf754"}
,"D:\\dev\\razac_tookan\\razac_tookan\\src\\server.js": {"path":"D:\\dev\\razac_tookan\\razac_tookan\\src\\server.js","statementMap":{"0":{"start":{"line":4,"column":0},"end":{"line":4,"column":27}},"1":{"start":{"line":5,"column":12},"end":{"line":5,"column":28}},"2":{"start":{"line":6,"column":15},"end":{"line":6,"column":34}},"3":{"start":{"line":8,"column":0},"end":{"line":33,"column":3}},"4":{"start":{"line":9,"column":2},"end":{"line":32,"column":5}}},"fnMap":{"0":{"name":"(anonymous_0)","decl":{"start":{"line":8,"column":24},"end":{"line":8,"column":25}},"loc":{"start":{"line":8,"column":30},"end":{"line":33,"column":1}},"line":8}},"branchMap":{},"s":{"0":0,"1":0,"2":0,"3":0,"4":0},"f":{"0":0},"b":{}}
,"D:\\dev\\razac_tookan\\razac_tookan\\src\\address\\controllers\\addressController.js": {"path":"D:\\dev\\razac_tookan\\razac_tookan\\src\\address\\controllers\\addressController.js","statementMap":{"0":{"start":{"line":4,"column":30},"end":{"line":4,"column":67}},"1":{"start":{"line":5,"column":27},"end":{"line":5,"column":58}},"2":{"start":{"line":7,"column":26},"end":{"line":128,"column":1}},"3":{"start":{"line":12,"column":4},"end":{"line":30,"column":5}},"4":{"start":{"line":13,"column":73},"end":{"line":13,"column":82}},"5":{"start":{"line":15,"column":22},"end":{"line":15,"column":24}},"6":{"start":{"line":16,"column":6},"end":{"line":16,"column":49}},"7":{"start":{"line":16,"column":19},"end":{"line":16,"column":49}},"8":{"start":{"line":17,"column":6},"end":{"line":17,"column":68}},"9":{"start":{"line":17,"column":22},"end":{"line":17,"column":68}},"10":{"start":{"line":18,"column":6},"end":{"line":18,"column":60}},"11":{"start":{"line":18,"column":24},"end":{"line":18,"column":60}},"12":{"start":{"line":19,"column":6},"end":{"line":21,"column":7}},"13":{"start":{"line":20,"column":8},"end":{"line":20,"column":86}},"14":{"start":{"line":23,"column":22},"end":{"line":23,"column":41}},"15":{"start":{"line":24,"column":26},"end":{"line":24,"column":64}},"16":{"start":{"line":26,"column":6},"end":{"line":26,"column":37}},"17":{"start":{"line":28,"column":6},"end":{"line":28,"column":76}},"18":{"start":{"line":29,"column":6},"end":{"line":29,"column":95}},"19":{"start":{"line":37,"column":4},"end":{"line":57,"column":5}},"20":{"start":{"line":38,"column":26},"end":{"line":38,"column":36}},"21":{"start":{"line":40,"column":6},"end":{"line":42,"column":7}},"22":{"start":{"line":41,"column":8},"end":{"line":41,"column":86}},"23":{"start":{"line":44,"column":22},"end":{"line":44,"column":41}},"24":{"start":{"line":45,"column":22},"end":{"line":45,"column":60}},"25":{"start":{"line":48,"column":22},"end":{"line":48,"column":60}},"26":{"start":{"line":49,"column":6},"end":{"line":51,"column":7}},"27":{"start":{"line":50,"column":8},"end":{"line":50,"column":27}},"28":{"start":{"line":53,"column":6},"end":{"line":53,"column":33}},"29":{"start":{"line":55,"column":6},"end":{"line":55,"column":79}},"30":{"start":{"line":56,"column":6},"end":{"line":56,"column":90}},"31":{"start":{"line":65,"column":4},"end":{"line":79,"column":5}},"32":{"start":{"line":66,"column":26},"end":{"line":66,"column":34}},"33":{"start":{"line":68,"column":6},"end":{"line":70,"column":7}},"34":{"start":{"line":69,"column":8},"end":{"line":69,"column":92}},"35":{"start":{"line":72,"column":22},"end":{"line":72,"column":41}},"36":{"start":{"line":73,"column":21},"end":{"line":73,"column":53}},"37":{"start":{"line":75,"column":6},"end":{"line":75,"column":32}},"38":{"start":{"line":77,"column":6},"end":{"line":77,"column":79}},"39":{"start":{"line":78,"column":6},"end":{"line":78,"column":75}},"40":{"start":{"line":87,"column":4},"end":{"line":101,"column":5}},"41":{"start":{"line":88,"column":38},"end":{"line":88,"column":46}},"42":{"start":{"line":90,"column":6},"end":{"line":92,"column":7}},"43":{"start":{"line":91,"column":8},"end":{"line":91,"column":100}},"44":{"start":{"line":94,"column":22},"end":{"line":94,"column":41}},"45":{"start":{"line":95,"column":21},"end":{"line":95,"column":70}},"46":{"start":{"line":97,"column":6},"end":{"line":97,"column":32}},"47":{"start":{"line":99,"column":6},"end":{"line":99,"column":78}},"48":{"start":{"line":100,"column":6},"end":{"line":100,"column":87}},"49":{"start":{"line":109,"column":4},"end":{"line":126,"column":5}},"50":{"start":{"line":110,"column":33},"end":{"line":110,"column":41}},"51":{"start":{"line":112,"column":6},"end":{"line":114,"column":7}},"52":{"start":{"line":113,"column":8},"end":{"line":113,"column":85}},"53":{"start":{"line":115,"column":6},"end":{"line":117,"column":7}},"54":{"start":{"line":116,"column":8},"end":{"line":116,"column":81}},"55":{"start":{"line":119,"column":22},"end":{"line":119,"column":41}},"56":{"start":{"line":120,"column":21},"end":{"line":120,"column":61}},"57":{"start":{"line":122,"column":6},"end":{"line":122,"column":32}},"58":{"start":{"line":124,"column":6},"end":{"line":124,"column":80}},"59":{"start":{"line":125,"column":6},"end":{"line":125,"column":86}},"60":{"start":{"line":130,"column":0},"end":{"line":130,"column":35}}},"fnMap":{"0":{"name":"(anonymous_0)","decl":{"start":{"line":11,"column":2},"end":{"line":11,"column":3}},"loc":{"start":{"line":11,"column":31},"end":{"line":31,"column":3}},"line":11},"1":{"name":"(anonymous_1)","decl":{"start":{"line":36,"column":2},"end":{"line":36,"column":3}},"loc":{"start":{"line":36,"column":34},"end":{"line":58,"column":3}},"line":36},"2":{"name":"(anonymous_2)","decl":{"start":{"line":64,"column":2},"end":{"line":64,"column":3}},"loc":{"start":{"line":64,"column":34},"end":{"line":80,"column":3}},"line":64},"3":{"name":"(anonymous_3)","decl":{"start":{"line":86,"column":2},"end":{"line":86,"column":3}},"loc":{"start":{"line":86,"column":33},"end":{"line":102,"column":3}},"line":86},"4":{"name":"(anonymous_4)","decl":{"start":{"line":108,"column":2},"end":{"line":108,"column":3}},"loc":{"start":{"line":108,"column":35},"end":{"line":127,"column":3}},"line":108}},"branchMap":{"0":{"loc":{"start":{"line":16,"column":6},"end":{"line":16,"column":49}},"type":"if","locations":[{"start":{"line":16,"column":6},"end":{"line":16,"column":49}},{"start":{},"end":{}}],"line":16},"1":{"loc":{"start":{"line":17,"column":6},"end":{"line":17,"column":68}},"type":"if","locations":[{"start":{"line":17,"column":6},"end":{"line":17,"column":68}},{"start":{},"end":{}}],"line":17},"2":{"loc":{"start":{"line":18,"column":6},"end":{"line":18,"column":60}},"type":"if","locations":[{"start":{"line":18,"column":6},"end":{"line":18,"column":60}},{"start":{},"end":{}}],"line":18},"3":{"loc":{"start":{"line":19,"column":6},"end":{"line":21,"column":7}},"type":"if","locations":[{"start":{"line":19,"column":6},"end":{"line":21,"column":7}},{"start":{},"end":{}}],"line":19},"4":{"loc":{"start":{"line":19,"column":10},"end":{"line":19,"column":28}},"type":"binary-expr","locations":[{"start":{"line":19,"column":10},"end":{"line":19,"column":17}},{"start":{"line":19,"column":21},"end":{"line":19,"column":28}}],"line":19},"5":{"loc":{"start":{"line":40,"column":6},"end":{"line":42,"column":7}},"type":"if","locations":[{"start":{"line":40,"column":6},"end":{"line":42,"column":7}},{"start":{},"end":{}}],"line":40},"6":{"loc":{"start":{"line":49,"column":6},"end":{"line":51,"column":7}},"type":"if","locations":[{"start":{"line":49,"column":6},"end":{"line":51,"column":7}},{"start":{},"end":{}}],"line":49},"7":{"loc":{"start":{"line":49,"column":10},"end":{"line":49,"column":33}},"type":"binary-expr","locations":[{"start":{"line":49,"column":10},"end":{"line":49,"column":18}},{"start":{"line":49,"column":22},"end":{"line":49,"column":33}}],"line":49},"8":{"loc":{"start":{"line":68,"column":6},"end":{"line":70,"column":7}},"type":"if","locations":[{"start":{"line":68,"column":6},"end":{"line":70,"column":7}},{"start":{},"end":{}}],"line":68},"9":{"loc":{"start":{"line":90,"column":6},"end":{"line":92,"column":7}},"type":"if","locations":[{"start":{"line":90,"column":6},"end":{"line":92,"column":7}},{"start":{},"end":{}}],"line":90},"10":{"loc":{"start":{"line":90,"column":10},"end":{"line":90,"column":59}},"type":"binary-expr","locations":[{"start":{"line":90,"column":10},"end":{"line":90,"column":32}},{"start":{"line":90,"column":36},"end":{"line":90,"column":59}}],"line":90},"11":{"loc":{"start":{"line":112,"column":6},"end":{"line":114,"column":7}},"type":"if","locations":[{"start":{"line":112,"column":6},"end":{"line":114,"column":7}},{"start":{},"end":{}}],"line":112},"12":{"loc":{"start":{"line":115,"column":6},"end":{"line":117,"column":7}},"type":"if","locations":[{"start":{"line":115,"column":6},"end":{"line":117,"column":7}},{"start":{},"end":{}}],"line":115}},"s":{"0":1,"1":1,"2":1,"3":1,"4":1,"5":1,"6":1,"7":0,"8":1,"9":0,"10":1,"11":0,"12":1,"13":0,"14":1,"15":1,"16":1,"17":0,"18":0,"19":2,"20":2,"21":2,"22":0,"23":2,"24":2,"25":2,"26":2,"27":1,"28":2,"29":0,"30":0,"31":1,"32":1,"33":1,"34":0,"35":1,"36":1,"37":1,"38":0,"39":0,"40":1,"41":1,"42":1,"43":0,"44":1,"45":1,"46":1,"47":0,"48":0,"49":1,"50":1,"51":1,"52":0,"53":1,"54":0,"55":1,"56":1,"57":1,"58":0,"59":0,"60":1},"f":{"0":1,"1":2,"2":1,"3":1,"4":1},"b":{"0":[0,1],"1":[0,1],"2":[0,1],"3":[0,1],"4":[1,0],"5":[0,2],"6":[1,1],"7":[2,1],"8":[0,1],"9":[0,1],"10":[1,1],"11":[0,1],"12":[0,1]},"_coverageSchema":"1a1c01bbd47fc00a2c39e90264f33305004495a9","hash":"84cbfd134011efbdefb47da36d04db9f3de78607"}
,"D:\\dev\\razac_tookan\\razac_tookan\\src\\address\\providers\\index.js": {"path":"D:\\dev\\razac_tookan\\razac_tookan\\src\\address\\providers\\index.js","statementMap":{"0":{"start":{"line":4,"column":15},"end":{"line":4,"column":38}},"1":{"start":{"line":5,"column":30},"end":{"line":5,"column":71}},"2":{"start":{"line":6,"column":30},"end":{"line":6,"column":71}},"3":{"start":{"line":7,"column":28},"end":{"line":7,"column":65}},"4":{"start":{"line":9,"column":16},"end":{"line":9,"column":20}},"5":{"start":{"line":12,"column":2},"end":{"line":12,"column":34}},"6":{"start":{"line":12,"column":17},"end":{"line":12,"column":34}},"7":{"start":{"line":14,"column":2},"end":{"line":25,"column":3}},"8":{"start":{"line":16,"column":6},"end":{"line":16,"column":60}},"9":{"start":{"line":17,"column":6},"end":{"line":17,"column":12}},"10":{"start":{"line":19,"column":6},"end":{"line":19,"column":60}},"11":{"start":{"line":20,"column":6},"end":{"line":20,"column":12}},"12":{"start":{"line":23,"column":6},"end":{"line":23,"column":58}},"13":{"start":{"line":24,"column":6},"end":{"line":24,"column":12}},"14":{"start":{"line":27,"column":2},"end":{"line":27,"column":74}},"15":{"start":{"line":28,"column":2},"end":{"line":28,"column":19}},"16":{"start":{"line":31,"column":0},"end":{"line":31,"column":40}}},"fnMap":{"0":{"name":"getAddressProvider","decl":{"start":{"line":11,"column":9},"end":{"line":11,"column":27}},"loc":{"start":{"line":11,"column":30},"end":{"line":29,"column":1}},"line":11}},"branchMap":{"0":{"loc":{"start":{"line":12,"column":2},"end":{"line":12,"column":34}},"type":"if","locations":[{"start":{"line":12,"column":2},"end":{"line":12,"column":34}},{"start":{},"end":{}}],"line":12},"1":{"loc":{"start":{"line":14,"column":2},"end":{"line":25,"column":3}},"type":"switch","locations":[{"start":{"line":15,"column":4},"end":{"line":17,"column":12}},{"start":{"line":18,"column":4},"end":{"line":20,"column":12}},{"start":{"line":21,"column":4},"end":{"line":21,"column":16}},{"start":{"line":22,"column":4},"end":{"line":24,"column":12}}],"line":14}},"s":{"0":3,"1":3,"2":3,"3":3,"4":3,"5":6,"6":3,"7":3,"8":0,"9":0,"10":0,"11":0,"12":3,"13":3,"14":3,"15":3,"16":3},"f":{"0":6},"b":{"0":[3,3],"1":[0,0,3,3]},"_coverageSchema":"1a1c01bbd47fc00a2c39e90264f33305004495a9","hash":"dba6da79655f81da16748c0d2bb273d190291ebd"}
,"D:\\dev\\razac_tookan\\razac_tookan\\src\\address\\providers\\base\\AddressProvider.js": {"path":"D:\\dev\\razac_tookan\\razac_tookan\\src\\address\\providers\\base\\AddressProvider.js","statementMap":{"0":{"start":{"line":7,"column":4},"end":{"line":9,"column":5}},"1":{"start":{"line":8,"column":6},"end":{"line":8,"column":90}},"2":{"start":{"line":10,"column":4},"end":{"line":10,"column":25}},"3":{"start":{"line":11,"column":4},"end":{"line":11,"column":31}},"4":{"start":{"line":28,"column":4},"end":{"line":28,"column":70}},"5":{"start":{"line":51,"column":4},"end":{"line":51,"column":73}},"6":{"start":{"line":61,"column":4},"end":{"line":61,"column":72}},"7":{"start":{"line":72,"column":4},"end":{"line":72,"column":73}},"8":{"start":{"line":81,"column":4},"end":{"line":81,"column":74}},"9":{"start":{"line":85,"column":0},"end":{"line":85,"column":33}}},"fnMap":{"0":{"name":"(anonymous_0)","decl":{"start":{"line":6,"column":2},"end":{"line":6,"column":3}},"loc":{"start":{"line":6,"column":27},"end":{"line":12,"column":3}},"line":6},"1":{"name":"(anonymous_1)","decl":{"start":{"line":27,"column":2},"end":{"line":27,"column":3}},"loc":{"start":{"line":27,"column":42},"end":{"line":29,"column":3}},"line":27},"2":{"name":"(anonymous_2)","decl":{"start":{"line":50,"column":2},"end":{"line":50,"column":3}},"loc":{"start":{"line":50,"column":33},"end":{"line":52,"column":3}},"line":50},"3":{"name":"(anonymous_3)","decl":{"start":{"line":60,"column":2},"end":{"line":60,"column":3}},"loc":{"start":{"line":60,"column":33},"end":{"line":62,"column":3}},"line":60},"4":{"name":"(anonymous_4)","decl":{"start":{"line":71,"column":2},"end":{"line":71,"column":3}},"loc":{"start":{"line":71,"column":30},"end":{"line":73,"column":3}},"line":71},"5":{"name":"(anonymous_5)","decl":{"start":{"line":80,"column":2},"end":{"line":80,"column":3}},"loc":{"start":{"line":80,"column":36},"end":{"line":82,"column":3}},"line":80}},"branchMap":{"0":{"loc":{"start":{"line":6,"column":14},"end":{"line":6,"column":25}},"type":"default-arg","locations":[{"start":{"line":6,"column":23},"end":{"line":6,"column":25}}],"line":6},"1":{"loc":{"start":{"line":7,"column":4},"end":{"line":9,"column":5}},"type":"if","locations":[{"start":{"line":7,"column":4},"end":{"line":9,"column":5}},{"start":{},"end":{}}],"line":7},"2":{"loc":{"start":{"line":27,"column":28},"end":{"line":27,"column":40}},"type":"default-arg","locations":[{"start":{"line":27,"column":38},"end":{"line":27,"column":40}}],"line":27}},"s":{"0":11,"1":0,"2":11,"3":11,"4":0,"5":0,"6":0,"7":0,"8":0,"9":3},"f":{"0":11,"1":0,"2":0,"3":0,"4":0,"5":0},"b":{"0":[0],"1":[0,11],"2":[0]},"_coverageSchema":"1a1c01bbd47fc00a2c39e90264f33305004495a9","hash":"5817915ba386eb2e3be3f8530dbeb9582306e239"}
,"D:\\dev\\razac_tookan\\razac_tookan\\src\\address\\providers\\google\\GoogleAddressProvider.js": {"path":"D:\\dev\\razac_tookan\\razac_tookan\\src\\address\\providers\\google\\GoogleAddressProvider.js","statementMap":{"0":{"start":{"line":4,"column":24},"end":{"line":4,"column":58}},"1":{"start":{"line":8,"column":4},"end":{"line":8,"column":18}},"2":{"start":{"line":9,"column":4},"end":{"line":9,"column":33}},"3":{"start":{"line":10,"column":4},"end":{"line":10,"column":52}},"4":{"start":{"line":11,"column":4},"end":{"line":11,"column":48}},"5":{"start":{"line":13,"column":4},"end":{"line":15,"column":5}},"6":{"start":{"line":14,"column":6},"end":{"line":14,"column":80}},"7":{"start":{"line":19,"column":65},"end":{"line":19,"column":72}},"8":{"start":{"line":21,"column":19},"end":{"line":26,"column":6}},"9":{"start":{"line":27,"column":4},"end":{"line":27,"column":66}},"10":{"start":{"line":27,"column":22},"end":{"line":27,"column":66}},"11":{"start":{"line":29,"column":16},"end":{"line":29,"column":88}},"12":{"start":{"line":30,"column":16},"end":{"line":30,"column":32}},"13":{"start":{"line":31,"column":17},"end":{"line":31,"column":33}},"14":{"start":{"line":33,"column":4},"end":{"line":35,"column":5}},"15":{"start":{"line":34,"column":6},"end":{"line":34,"column":97}},"16":{"start":{"line":37,"column":24},"end":{"line":42,"column":7}},"17":{"start":{"line":37,"column":82},"end":{"line":42,"column":5}},"18":{"start":{"line":44,"column":4},"end":{"line":44,"column":27}},"19":{"start":{"line":48,"column":19},"end":{"line":52,"column":6}},"20":{"start":{"line":54,"column":16},"end":{"line":54,"column":83}},"21":{"start":{"line":55,"column":16},"end":{"line":55,"column":32}},"22":{"start":{"line":56,"column":17},"end":{"line":56,"column":33}},"23":{"start":{"line":58,"column":4},"end":{"line":60,"column":5}},"24":{"start":{"line":59,"column":6},"end":{"line":59,"column":68}},"25":{"start":{"line":62,"column":4},"end":{"line":62,"column":46}},"26":{"start":{"line":66,"column":19},"end":{"line":69,"column":6}},"27":{"start":{"line":71,"column":16},"end":{"line":71,"column":77}},"28":{"start":{"line":72,"column":16},"end":{"line":72,"column":32}},"29":{"start":{"line":73,"column":17},"end":{"line":73,"column":33}},"30":{"start":{"line":75,"column":4},"end":{"line":77,"column":5}},"31":{"start":{"line":76,"column":6},"end":{"line":76,"column":70}},"32":{"start":{"line":79,"column":4},"end":{"line":79,"column":50}},"33":{"start":{"line":83,"column":20},"end":{"line":83,"column":22}},"34":{"start":{"line":84,"column":4},"end":{"line":84,"column":96}},"35":{"start":{"line":84,"column":21},"end":{"line":84,"column":96}},"36":{"start":{"line":85,"column":4},"end":{"line":85,"column":63}},"37":{"start":{"line":85,"column":34},"end":{"line":85,"column":63}},"38":{"start":{"line":86,"column":4},"end":{"line":86,"column":47}},"39":{"start":{"line":86,"column":26},"end":{"line":86,"column":47}},"40":{"start":{"line":87,"column":4},"end":{"line":87,"column":49}},"41":{"start":{"line":87,"column":27},"end":{"line":87,"column":49}},"42":{"start":{"line":88,"column":4},"end":{"line":88,"column":59}},"43":{"start":{"line":88,"column":32},"end":{"line":88,"column":59}},"44":{"start":{"line":90,"column":4},"end":{"line":92,"column":5}},"45":{"start":{"line":91,"column":6},"end":{"line":91,"column":115}},"46":{"start":{"line":94,"column":4},"end":{"line":96,"column":5}},"47":{"start":{"line":95,"column":6},"end":{"line":95,"column":108}},"48":{"start":{"line":98,"column":4},"end":{"line":98,"column":85}},"49":{"start":{"line":102,"column":23},"end":{"line":102,"column":54}},"50":{"start":{"line":103,"column":16},"end":{"line":103,"column":72}},"51":{"start":{"line":103,"column":26},"end":{"line":103,"column":72}},"52":{"start":{"line":103,"column":49},"end":{"line":103,"column":71}},"53":{"start":{"line":105,"column":25},"end":{"line":105,"column":62}},"54":{"start":{"line":106,"column":18},"end":{"line":106,"column":47}},"55":{"start":{"line":107,"column":23},"end":{"line":107,"column":57}},"56":{"start":{"line":109,"column":4},"end":{"line":125,"column":6}},"57":{"start":{"line":129,"column":0},"end":{"line":129,"column":39}}},"fnMap":{"0":{"name":"(anonymous_0)","decl":{"start":{"line":7,"column":2},"end":{"line":7,"column":3}},"loc":{"start":{"line":7,"column":22},"end":{"line":16,"column":3}},"line":7},"1":{"name":"(anonymous_1)","decl":{"start":{"line":18,"column":2},"end":{"line":18,"column":3}},"loc":{"start":{"line":18,"column":42},"end":{"line":45,"column":3}},"line":18},"2":{"name":"(anonymous_2)","decl":{"start":{"line":37,"column":74},"end":{"line":37,"column":75}},"loc":{"start":{"line":37,"column":82},"end":{"line":42,"column":5}},"line":37},"3":{"name":"(anonymous_3)","decl":{"start":{"line":47,"column":2},"end":{"line":47,"column":3}},"loc":{"start":{"line":47,"column":33},"end":{"line":63,"column":3}},"line":47},"4":{"name":"(anonymous_4)","decl":{"start":{"line":65,"column":2},"end":{"line":65,"column":3}},"loc":{"start":{"line":65,"column":33},"end":{"line":80,"column":3}},"line":65},"5":{"name":"(anonymous_5)","decl":{"start":{"line":82,"column":2},"end":{"line":82,"column":3}},"loc":{"start":{"line":82,"column":30},"end":{"line":99,"column":3}},"line":82},"6":{"name":"(anonymous_6)","decl":{"start":{"line":101,"column":2},"end":{"line":101,"column":3}},"loc":{"start":{"line":101,"column":27},"end":{"line":126,"column":3}},"line":101},"7":{"name":"(anonymous_7)","decl":{"start":{"line":103,"column":16},"end":{"line":103,"column":17}},"loc":{"start":{"line":103,"column":26},"end":{"line":103,"column":72}},"line":103},"8":{"name":"(anonymous_8)","decl":{"start":{"line":103,"column":42},"end":{"line":103,"column":43}},"loc":{"start":{"line":103,"column":49},"end":{"line":103,"column":71}},"line":103}},"branchMap":{"0":{"loc":{"start":{"line":13,"column":4},"end":{"line":15,"column":5}},"type":"if","locations":[{"start":{"line":13,"column":4},"end":{"line":15,"column":5}},{"start":{},"end":{}}],"line":13},"1":{"loc":{"start":{"line":18,"column":28},"end":{"line":18,"column":40}},"type":"default-arg","locations":[{"start":{"line":18,"column":38},"end":{"line":18,"column":40}}],"line":18},"2":{"loc":{"start":{"line":19,"column":12},"end":{"line":19,"column":30}},"type":"default-arg","locations":[{"start":{"line":19,"column":26},"end":{"line":19,"column":30}}],"line":19},"3":{"loc":{"start":{"line":19,"column":32},"end":{"line":19,"column":46}},"type":"default-arg","locations":[{"start":{"line":19,"column":45},"end":{"line":19,"column":46}}],"line":19},"4":{"loc":{"start":{"line":27,"column":4},"end":{"line":27,"column":66}},"type":"if","locations":[{"start":{"line":27,"column":4},"end":{"line":27,"column":66}},{"start":{},"end":{}}],"line":27},"5":{"loc":{"start":{"line":33,"column":4},"end":{"line":35,"column":5}},"type":"if","locations":[{"start":{"line":33,"column":4},"end":{"line":35,"column":5}},{"start":{},"end":{}}],"line":33},"6":{"loc":{"start":{"line":33,"column":8},"end":{"line":33,"column":62}},"type":"binary-expr","locations":[{"start":{"line":33,"column":8},"end":{"line":33,"column":28}},{"start":{"line":33,"column":32},"end":{"line":33,"column":62}}],"line":33},"7":{"loc":{"start":{"line":34,"column":69},"end":{"line":34,"column":93}},"type":"binary-expr","locations":[{"start":{"line":34,"column":69},"end":{"line":34,"column":87}},{"start":{"line":34,"column":91},"end":{"line":34,"column":93}}],"line":34},"8":{"loc":{"start":{"line":37,"column":25},"end":{"line":37,"column":47}},"type":"binary-expr","locations":[{"start":{"line":37,"column":25},"end":{"line":37,"column":41}},{"start":{"line":37,"column":45},"end":{"line":37,"column":47}}],"line":37},"9":{"loc":{"start":{"line":40,"column":19},"end":{"line":40,"column":70}},"type":"binary-expr","locations":[{"start":{"line":40,"column":19},"end":{"line":40,"column":53}},{"start":{"line":40,"column":57},"end":{"line":40,"column":70}}],"line":40},"10":{"loc":{"start":{"line":41,"column":21},"end":{"line":41,"column":66}},"type":"binary-expr","locations":[{"start":{"line":41,"column":21},"end":{"line":41,"column":60}},{"start":{"line":41,"column":64},"end":{"line":41,"column":66}}],"line":41},"11":{"loc":{"start":{"line":58,"column":4},"end":{"line":60,"column":5}},"type":"if","locations":[{"start":{"line":58,"column":4},"end":{"line":60,"column":5}},{"start":{},"end":{}}],"line":58},"12":{"loc":{"start":{"line":68,"column":11},"end":{"line":68,"column":47}},"type":"binary-expr","locations":[{"start":{"line":68,"column":11},"end":{"line":68,"column":26}},{"start":{"line":68,"column":30},"end":{"line":68,"column":47}}],"line":68},"13":{"loc":{"start":{"line":75,"column":4},"end":{"line":77,"column":5}},"type":"if","locations":[{"start":{"line":75,"column":4},"end":{"line":77,"column":5}},{"start":{},"end":{}}],"line":75},"14":{"loc":{"start":{"line":75,"column":8},"end":{"line":75,"column":53}},"type":"binary-expr","locations":[{"start":{"line":75,"column":8},"end":{"line":75,"column":28}},{"start":{"line":75,"column":32},"end":{"line":75,"column":53}}],"line":75},"15":{"loc":{"start":{"line":84,"column":4},"end":{"line":84,"column":96}},"type":"if","locations":[{"start":{"line":84,"column":4},"end":{"line":84,"column":96}},{"start":{},"end":{}}],"line":84},"16":{"loc":{"start":{"line":85,"column":4},"end":{"line":85,"column":63}},"type":"if","locations":[{"start":{"line":85,"column":4},"end":{"line":85,"column":63}},{"start":{},"end":{}}],"line":85},"17":{"loc":{"start":{"line":86,"column":4},"end":{"line":86,"column":47}},"type":"if","locations":[{"start":{"line":86,"column":4},"end":{"line":86,"column":47}},{"start":{},"end":{}}],"line":86},"18":{"loc":{"start":{"line":87,"column":4},"end":{"line":87,"column":49}},"type":"if","locations":[{"start":{"line":87,"column":4},"end":{"line":87,"column":49}},{"start":{},"end":{}}],"line":87},"19":{"loc":{"start":{"line":88,"column":4},"end":{"line":88,"column":59}},"type":"if","locations":[{"start":{"line":88,"column":4},"end":{"line":88,"column":59}},{"start":{},"end":{}}],"line":88},"20":{"loc":{"start":{"line":90,"column":4},"end":{"line":92,"column":5}},"type":"if","locations":[{"start":{"line":90,"column":4},"end":{"line":92,"column":5}},{"start":{},"end":{}}],"line":90},"21":{"loc":{"start":{"line":90,"column":8},"end":{"line":90,"column":53}},"type":"binary-expr","locations":[{"start":{"line":90,"column":8},"end":{"line":90,"column":28}},{"start":{"line":90,"column":32},"end":{"line":90,"column":53}}],"line":90},"22":{"loc":{"start":{"line":94,"column":4},"end":{"line":96,"column":5}},"type":"if","locations":[{"start":{"line":94,"column":4},"end":{"line":96,"column":5}},{"start":{},"end":{}}],"line":94},"23":{"loc":{"start":{"line":102,"column":23},"end":{"line":102,"column":54}},"type":"binary-expr","locations":[{"start":{"line":102,"column":23},"end":{"line":102,"column":48}},{"start":{"line":102,"column":52},"end":{"line":102,"column":54}}],"line":102},"24":{"loc":{"start":{"line":105,"column":25},"end":{"line":105,"column":62}},"type":"binary-expr","locations":[{"start":{"line":105,"column":25},"end":{"line":105,"column":56}},{"start":{"line":105,"column":60},"end":{"line":105,"column":62}}],"line":105},"25":{"loc":{"start":{"line":106,"column":18},"end":{"line":106,"column":47}},"type":"binary-expr","locations":[{"start":{"line":106,"column":18},"end":{"line":106,"column":41}},{"start":{"line":106,"column":45},"end":{"line":106,"column":47}}],"line":106},"26":{"loc":{"start":{"line":107,"column":23},"end":{"line":107,"column":57}},"type":"binary-expr","locations":[{"start":{"line":107,"column":23},"end":{"line":107,"column":51}},{"start":{"line":107,"column":55},"end":{"line":107,"column":57}}],"line":107},"27":{"loc":{"start":{"line":111,"column":24},"end":{"line":111,"column":54}},"type":"binary-expr","locations":[{"start":{"line":111,"column":24},"end":{"line":111,"column":48}},{"start":{"line":111,"column":52},"end":{"line":111,"column":54}}],"line":111},"28":{"loc":{"start":{"line":115,"column":8},"end":{"line":118,"column":10}},"type":"binary-expr","locations":[{"start":{"line":115,"column":8},"end":{"line":115,"column":34}},{"start":{"line":116,"column":8},"end":{"line":116,"column":45}},{"start":{"line":117,"column":8},"end":{"line":117,"column":53}},{"start":{"line":118,"column":8},"end":{"line":118,"column":10}}],"line":115},"29":{"loc":{"start":{"line":119,"column":13},"end":{"line":119,"column":65}},"type":"binary-expr","locations":[{"start":{"line":119,"column":13},"end":{"line":119,"column":59}},{"start":{"line":119,"column":63},"end":{"line":119,"column":65}}],"line":119},"30":{"loc":{"start":{"line":120,"column":18},"end":{"line":120,"column":53}},"type":"binary-expr","locations":[{"start":{"line":120,"column":18},"end":{"line":120,"column":47}},{"start":{"line":120,"column":51},"end":{"line":120,"column":53}}],"line":120},"31":{"loc":{"start":{"line":121,"column":15},"end":{"line":121,"column":47}},"type":"binary-expr","locations":[{"start":{"line":121,"column":15},"end":{"line":121,"column":41}},{"start":{"line":121,"column":45},"end":{"line":121,"column":47}}],"line":121},"32":{"loc":{"start":{"line":122,"column":16},"end":{"line":122,"column":54}},"type":"binary-expr","locations":[{"start":{"line":122,"column":16},"end":{"line":122,"column":46}},{"start":{"line":122,"column":50},"end":{"line":122,"column":54}}],"line":122},"33":{"loc":{"start":{"line":123,"column":17},"end":{"line":123,"column":55}},"type":"binary-expr","locations":[{"start":{"line":123,"column":17},"end":{"line":123,"column":47}},{"start":{"line":123,"column":51},"end":{"line":123,"column":55}}],"line":123}},"s":{"0":3,"1":0,"2":0,"3":0,"4":0,"5":0,"6":0,"7":0,"8":0,"9":0,"10":0,"11":0,"12":0,"13":0,"14":0,"15":0,"16":0,"17":0,"18":0,"19":0,"20":0,"21":0,"22":0,"23":0,"24":0,"25":0,"26":0,"27":0,"28":0,"29":0,"30":0,"31":0,"32":0,"33":0,"34":0,"35":0,"36":0,"37":0,"38":0,"39":0,"40":0,"41":0,"42":0,"43":0,"44":0,"45":0,"46":0,"47":0,"48":0,"49":0,"50":0,"51":0,"52":0,"53":0,"54":0,"55":0,"56":0,"57":3},"f":{"0":0,"1":0,"2":0,"3":0,"4":0,"5":0,"6":0,"7":0,"8":0},"b":{"0":[0,0],"1":[0],"2":[0],"3":[0],"4":[0,0],"5":[0,0],"6":[0,0],"7":[0,0],"8":[0,0],"9":[0,0],"10":[0,0],"11":[0,0],"12":[0,0],"13":[0,0],"14":[0,0],"15":[0,0],"16":[0,0],"17":[0,0],"18":[0,0],"19":[0,0],"20":[0,0],"21":[0,0],"22":[0,0],"23":[0,0],"24":[0,0],"25":[0,0],"26":[0,0],"27":[0,0],"28":[0,0,0,0],"29":[0,0],"30":[0,0],"31":[0,0],"32":[0,0],"33":[0,0]},"_coverageSchema":"1a1c01bbd47fc00a2c39e90264f33305004495a9","hash":"335bedd9ef77f75970d05c4b0b1732bb58fbad1c"}
,"D:\\dev\\razac_tookan\\razac_tookan\\src\\address\\providers\\mapbox\\MapboxAddressProvider.js": {"path":"D:\\dev\\razac_tookan\\razac_tookan\\src\\address\\providers\\mapbox\\MapboxAddressProvider.js","statementMap":{"0":{"start":{"line":4,"column":24},"end":{"line":4,"column":58}},"1":{"start":{"line":8,"column":4},"end":{"line":8,"column":18}},"2":{"start":{"line":9,"column":4},"end":{"line":9,"column":33}},"3":{"start":{"line":10,"column":4},"end":{"line":10,"column":50}},"4":{"start":{"line":12,"column":4},"end":{"line":14,"column":5}},"5":{"start":{"line":13,"column":6},"end":{"line":13,"column":78}},"6":{"start":{"line":18,"column":65},"end":{"line":18,"column":72}},"7":{"start":{"line":20,"column":19},"end":{"line":26,"column":6}},"8":{"start":{"line":28,"column":4},"end":{"line":30,"column":5}},"9":{"start":{"line":29,"column":6},"end":{"line":29,"column":76}},"10":{"start":{"line":32,"column":16},"end":{"line":32,"column":111}},"11":{"start":{"line":33,"column":16},"end":{"line":33,"column":32}},"12":{"start":{"line":34,"column":17},"end":{"line":34,"column":33}},"13":{"start":{"line":36,"column":4},"end":{"line":38,"column":5}},"14":{"start":{"line":37,"column":6},"end":{"line":37,"column":87}},"15":{"start":{"line":40,"column":24},"end":{"line":45,"column":7}},"16":{"start":{"line":40,"column":50},"end":{"line":45,"column":5}},"17":{"start":{"line":47,"column":4},"end":{"line":47,"column":27}},"18":{"start":{"line":53,"column":19},"end":{"line":56,"column":6}},"19":{"start":{"line":58,"column":16},"end":{"line":58,"column":113}},"20":{"start":{"line":59,"column":16},"end":{"line":59,"column":32}},"21":{"start":{"line":60,"column":17},"end":{"line":60,"column":33}},"22":{"start":{"line":62,"column":4},"end":{"line":64,"column":5}},"23":{"start":{"line":63,"column":6},"end":{"line":63,"column":48}},"24":{"start":{"line":66,"column":4},"end":{"line":66,"column":51}},"25":{"start":{"line":70,"column":19},"end":{"line":74,"column":6}},"26":{"start":{"line":76,"column":16},"end":{"line":76,"column":96}},"27":{"start":{"line":77,"column":16},"end":{"line":77,"column":32}},"28":{"start":{"line":78,"column":17},"end":{"line":78,"column":33}},"29":{"start":{"line":80,"column":4},"end":{"line":82,"column":5}},"30":{"start":{"line":81,"column":6},"end":{"line":81,"column":60}},"31":{"start":{"line":84,"column":4},"end":{"line":84,"column":51}},"32":{"start":{"line":88,"column":20},"end":{"line":88,"column":22}},"33":{"start":{"line":89,"column":4},"end":{"line":89,"column":96}},"34":{"start":{"line":89,"column":21},"end":{"line":89,"column":96}},"35":{"start":{"line":90,"column":4},"end":{"line":90,"column":63}},"36":{"start":{"line":90,"column":34},"end":{"line":90,"column":63}},"37":{"start":{"line":91,"column":4},"end":{"line":91,"column":47}},"38":{"start":{"line":91,"column":26},"end":{"line":91,"column":47}},"39":{"start":{"line":93,"column":4},"end":{"line":95,"column":5}},"40":{"start":{"line":94,"column":6},"end":{"line":94,"column":115}},"41":{"start":{"line":97,"column":4},"end":{"line":99,"column":5}},"42":{"start":{"line":98,"column":6},"end":{"line":98,"column":108}},"43":{"start":{"line":101,"column":4},"end":{"line":101,"column":85}},"44":{"start":{"line":105,"column":20},"end":{"line":105,"column":41}},"45":{"start":{"line":106,"column":23},"end":{"line":106,"column":76}},"46":{"start":{"line":106,"column":33},"end":{"line":106,"column":76}},"47":{"start":{"line":106,"column":53},"end":{"line":106,"column":75}},"48":{"start":{"line":108,"column":4},"end":{"line":120,"column":6}},"49":{"start":{"line":124,"column":0},"end":{"line":124,"column":39}}},"fnMap":{"0":{"name":"(anonymous_0)","decl":{"start":{"line":7,"column":2},"end":{"line":7,"column":3}},"loc":{"start":{"line":7,"column":22},"end":{"line":15,"column":3}},"line":7},"1":{"name":"(anonymous_1)","decl":{"start":{"line":17,"column":2},"end":{"line":17,"column":3}},"loc":{"start":{"line":17,"column":42},"end":{"line":48,"column":3}},"line":17},"2":{"name":"(anonymous_2)","decl":{"start":{"line":40,"column":42},"end":{"line":40,"column":43}},"loc":{"start":{"line":40,"column":50},"end":{"line":45,"column":5}},"line":40},"3":{"name":"(anonymous_3)","decl":{"start":{"line":50,"column":2},"end":{"line":50,"column":3}},"loc":{"start":{"line":50,"column":33},"end":{"line":67,"column":3}},"line":50},"4":{"name":"(anonymous_4)","decl":{"start":{"line":69,"column":2},"end":{"line":69,"column":3}},"loc":{"start":{"line":69,"column":33},"end":{"line":85,"column":3}},"line":69},"5":{"name":"(anonymous_5)","decl":{"start":{"line":87,"column":2},"end":{"line":87,"column":3}},"loc":{"start":{"line":87,"column":30},"end":{"line":102,"column":3}},"line":87},"6":{"name":"(anonymous_6)","decl":{"start":{"line":104,"column":2},"end":{"line":104,"column":3}},"loc":{"start":{"line":104,"column":28},"end":{"line":121,"column":3}},"line":104},"7":{"name":"(anonymous_7)","decl":{"start":{"line":106,"column":23},"end":{"line":106,"column":24}},"loc":{"start":{"line":106,"column":33},"end":{"line":106,"column":76}},"line":106},"8":{"name":"(anonymous_8)","decl":{"start":{"line":106,"column":46},"end":{"line":106,"column":47}},"loc":{"start":{"line":106,"column":53},"end":{"line":106,"column":75}},"line":106}},"branchMap":{"0":{"loc":{"start":{"line":12,"column":4},"end":{"line":14,"column":5}},"type":"if","locations":[{"start":{"line":12,"column":4},"end":{"line":14,"column":5}},{"start":{},"end":{}}],"line":12},"1":{"loc":{"start":{"line":17,"column":28},"end":{"line":17,"column":40}},"type":"default-arg","locations":[{"start":{"line":17,"column":38},"end":{"line":17,"column":40}}],"line":17},"2":{"loc":{"start":{"line":18,"column":12},"end":{"line":18,"column":30}},"type":"default-arg","locations":[{"start":{"line":18,"column":26},"end":{"line":18,"column":30}}],"line":18},"3":{"loc":{"start":{"line":18,"column":32},"end":{"line":18,"column":46}},"type":"default-arg","locations":[{"start":{"line":18,"column":45},"end":{"line":18,"column":46}}],"line":18},"4":{"loc":{"start":{"line":28,"column":4},"end":{"line":30,"column":5}},"type":"if","locations":[{"start":{"line":28,"column":4},"end":{"line":30,"column":5}},{"start":{},"end":{}}],"line":28},"5":{"loc":{"start":{"line":28,"column":8},"end":{"line":28,"column":46}},"type":"binary-expr","locations":[{"start":{"line":28,"column":8},"end":{"line":28,"column":25}},{"start":{"line":28,"column":29},"end":{"line":28,"column":46}}],"line":28},"6":{"loc":{"start":{"line":36,"column":4},"end":{"line":38,"column":5}},"type":"if","locations":[{"start":{"line":36,"column":4},"end":{"line":38,"column":5}},{"start":{},"end":{}}],"line":36},"7":{"loc":{"start":{"line":37,"column":52},"end":{"line":37,"column":83}},"type":"binary-expr","locations":[{"start":{"line":37,"column":52},"end":{"line":37,"column":64}},{"start":{"line":37,"column":68},"end":{"line":37,"column":83}}],"line":37},"8":{"loc":{"start":{"line":43,"column":19},"end":{"line":43,"column":55}},"type":"binary-expr","locations":[{"start":{"line":43,"column":19},"end":{"line":43,"column":25}},{"start":{"line":43,"column":29},"end":{"line":43,"column":55}}],"line":43},"9":{"loc":{"start":{"line":62,"column":4},"end":{"line":64,"column":5}},"type":"if","locations":[{"start":{"line":62,"column":4},"end":{"line":64,"column":5}},{"start":{},"end":{}}],"line":62},"10":{"loc":{"start":{"line":80,"column":4},"end":{"line":82,"column":5}},"type":"if","locations":[{"start":{"line":80,"column":4},"end":{"line":82,"column":5}},{"start":{},"end":{}}],"line":80},"11":{"loc":{"start":{"line":89,"column":4},"end":{"line":89,"column":96}},"type":"if","locations":[{"start":{"line":89,"column":4},"end":{"line":89,"column":96}},{"start":{},"end":{}}],"line":89},"12":{"loc":{"start":{"line":90,"column":4},"end":{"line":90,"column":63}},"type":"if","locations":[{"start":{"line":90,"column":4},"end":{"line":90,"column":63}},{"start":{},"end":{}}],"line":90},"13":{"loc":{"start":{"line":91,"column":4},"end":{"line":91,"column":47}},"type":"if","locations":[{"start":{"line":91,"column":4},"end":{"line":91,"column":47}},{"start":{},"end":{}}],"line":91},"14":{"loc":{"start":{"line":93,"column":4},"end":{"line":95,"column":5}},"type":"if","locations":[{"start":{"line":93,"column":4},"end":{"line":95,"column":5}},{"start":{},"end":{}}],"line":93},"15":{"loc":{"start":{"line":93,"column":8},"end":{"line":93,"column":53}},"type":"binary-expr","locations":[{"start":{"line":93,"column":8},"end":{"line":93,"column":28}},{"start":{"line":93,"column":32},"end":{"line":93,"column":53}}],"line":93},"16":{"loc":{"start":{"line":97,"column":4},"end":{"line":99,"column":5}},"type":"if","locations":[{"start":{"line":97,"column":4},"end":{"line":99,"column":5}},{"start":{},"end":{}}],"line":97},"17":{"loc":{"start":{"line":105,"column":20},"end":{"line":105,"column":41}},"type":"binary-expr","locations":[{"start":{"line":105,"column":20},"end":{"line":105,"column":35}},{"start":{"line":105,"column":39},"end":{"line":105,"column":41}}],"line":105},"18":{"loc":{"start":{"line":110,"column":24},"end":{"line":110,"column":48}},"type":"binary-expr","locations":[{"start":{"line":110,"column":24},"end":{"line":110,"column":42}},{"start":{"line":110,"column":46},"end":{"line":110,"column":48}}],"line":110},"19":{"loc":{"start":{"line":113,"column":12},"end":{"line":113,"column":43}},"type":"binary-expr","locations":[{"start":{"line":113,"column":12},"end":{"line":113,"column":37}},{"start":{"line":113,"column":41},"end":{"line":113,"column":43}}],"line":113},"20":{"loc":{"start":{"line":114,"column":13},"end":{"line":114,"column":101}},"type":"binary-expr","locations":[{"start":{"line":114,"column":13},"end":{"line":114,"column":65}},{"start":{"line":114,"column":69},"end":{"line":114,"column":95}},{"start":{"line":114,"column":99},"end":{"line":114,"column":101}}],"line":114},"21":{"loc":{"start":{"line":115,"column":18},"end":{"line":115,"column":52}},"type":"binary-expr","locations":[{"start":{"line":115,"column":18},"end":{"line":115,"column":46}},{"start":{"line":115,"column":50},"end":{"line":115,"column":52}}],"line":115},"22":{"loc":{"start":{"line":116,"column":15},"end":{"line":116,"column":69}},"type":"binary-expr","locations":[{"start":{"line":116,"column":15},"end":{"line":116,"column":63}},{"start":{"line":116,"column":67},"end":{"line":116,"column":69}}],"line":116},"23":{"loc":{"start":{"line":117,"column":16},"end":{"line":117,"column":43}},"type":"binary-expr","locations":[{"start":{"line":117,"column":16},"end":{"line":117,"column":35}},{"start":{"line":117,"column":39},"end":{"line":117,"column":43}}],"line":117},"24":{"loc":{"start":{"line":118,"column":17},"end":{"line":118,"column":44}},"type":"binary-expr","locations":[{"start":{"line":118,"column":17},"end":{"line":118,"column":36}},{"start":{"line":118,"column":40},"end":{"line":118,"column":44}}],"line":118}},"s":{"0":3,"1":0,"2":0,"3":0,"4":0,"5":0,"6":0,"7":0,"8":0,"9":0,"10":0,"11":0,"12":0,"13":0,"14":0,"15":0,"16":0,"17":0,"18":0,"19":0,"20":0,"21":0,"22":0,"23":0,"24":0,"25":0,"26":0,"27":0,"28":0,"29":0,"30":0,"31":0,"32":0,"33":0,"34":0,"35":0,"36":0,"37":0,"38":0,"39":0,"40":0,"41":0,"42":0,"43":0,"44":0,"45":0,"46":0,"47":0,"48":0,"49":3},"f":{"0":0,"1":0,"2":0,"3":0,"4":0,"5":0,"6":0,"7":0,"8":0},"b":{"0":[0,0],"1":[0],"2":[0],"3":[0],"4":[0,0],"5":[0,0],"6":[0,0],"7":[0,0],"8":[0,0],"9":[0,0],"10":[0,0],"11":[0,0],"12":[0,0],"13":[0,0],"14":[0,0],"15":[0,0],"16":[0,0],"17":[0,0],"18":[0,0],"19":[0,0],"20":[0,0,0],"21":[0,0],"22":[0,0],"23":[0,0],"24":[0,0]},"_coverageSchema":"1a1c01bbd47fc00a2c39e90264f33305004495a9","hash":"134cf1f64f2f53d2118bb7457e8ef0996455cd1b"}
,"D:\\dev\\razac_tookan\\razac_tookan\\src\\address\\providers\\mock\\MockAddressProvider.js": {"path":"D:\\dev\\razac_tookan\\razac_tookan\\src\\address\\providers\\mock\\MockAddressProvider.js","statementMap":{"0":{"start":{"line":4,"column":24},"end":{"line":4,"column":58}},"1":{"start":{"line":6,"column":16},"end":{"line":17,"column":1}},"2":{"start":{"line":21,"column":4},"end":{"line":21,"column":18}},"3":{"start":{"line":22,"column":4},"end":{"line":22,"column":31}},"4":{"start":{"line":23,"column":4},"end":{"line":23,"column":21}},"5":{"start":{"line":27,"column":4},"end":{"line":27,"column":79}},"6":{"start":{"line":27,"column":30},"end":{"line":27,"column":77}},"7":{"start":{"line":31,"column":4},"end":{"line":31,"column":27}},"8":{"start":{"line":32,"column":31},"end":{"line":32,"column":38}},"9":{"start":{"line":33,"column":14},"end":{"line":33,"column":33}},"10":{"start":{"line":35,"column":20},"end":{"line":42,"column":27}},"11":{"start":{"line":38,"column":10},"end":{"line":40,"column":27}},"12":{"start":{"line":44,"column":4},"end":{"line":51,"column":6}},"13":{"start":{"line":45,"column":39},"end":{"line":50,"column":7}},"14":{"start":{"line":55,"column":4},"end":{"line":55,"column":27}},"15":{"start":{"line":56,"column":18},"end":{"line":56,"column":55}},"16":{"start":{"line":56,"column":38},"end":{"line":56,"column":54}},"17":{"start":{"line":57,"column":4},"end":{"line":57,"column":68}},"18":{"start":{"line":57,"column":16},"end":{"line":57,"column":68}},"19":{"start":{"line":58,"column":4},"end":{"line":58,"column":40}},"20":{"start":{"line":62,"column":4},"end":{"line":62,"column":27}},"21":{"start":{"line":64,"column":18},"end":{"line":64,"column":28}},"22":{"start":{"line":65,"column":18},"end":{"line":65,"column":26}},"23":{"start":{"line":66,"column":4},"end":{"line":69,"column":5}},"24":{"start":{"line":67,"column":16},"end":{"line":67,"column":66}},"25":{"start":{"line":68,"column":6},"end":{"line":68,"column":52}},"26":{"start":{"line":68,"column":25},"end":{"line":68,"column":37}},"27":{"start":{"line":68,"column":38},"end":{"line":68,"column":50}},"28":{"start":{"line":70,"column":4},"end":{"line":70,"column":42}},"29":{"start":{"line":74,"column":4},"end":{"line":74,"column":96}},"30":{"start":{"line":74,"column":21},"end":{"line":74,"column":96}},"31":{"start":{"line":75,"column":20},"end":{"line":75,"column":22}},"32":{"start":{"line":76,"column":4},"end":{"line":76,"column":63}},"33":{"start":{"line":76,"column":34},"end":{"line":76,"column":63}},"34":{"start":{"line":77,"column":4},"end":{"line":77,"column":47}},"35":{"start":{"line":77,"column":26},"end":{"line":77,"column":47}},"36":{"start":{"line":78,"column":4},"end":{"line":78,"column":59}},"37":{"start":{"line":78,"column":32},"end":{"line":78,"column":59}},"38":{"start":{"line":79,"column":4},"end":{"line":80,"column":95}},"39":{"start":{"line":80,"column":6},"end":{"line":80,"column":95}},"40":{"start":{"line":81,"column":4},"end":{"line":82,"column":101}},"41":{"start":{"line":82,"column":6},"end":{"line":82,"column":101}},"42":{"start":{"line":83,"column":4},"end":{"line":83,"column":85}},"43":{"start":{"line":87,"column":4},"end":{"line":99,"column":6}},"44":{"start":{"line":103,"column":0},"end":{"line":103,"column":37}}},"fnMap":{"0":{"name":"(anonymous_0)","decl":{"start":{"line":20,"column":2},"end":{"line":20,"column":3}},"loc":{"start":{"line":20,"column":22},"end":{"line":24,"column":3}},"line":20},"1":{"name":"(anonymous_1)","decl":{"start":{"line":26,"column":2},"end":{"line":26,"column":3}},"loc":{"start":{"line":26,"column":20},"end":{"line":28,"column":3}},"line":26},"2":{"name":"(anonymous_2)","decl":{"start":{"line":27,"column":23},"end":{"line":27,"column":24}},"loc":{"start":{"line":27,"column":30},"end":{"line":27,"column":77}},"line":27},"3":{"name":"(anonymous_3)","decl":{"start":{"line":30,"column":2},"end":{"line":30,"column":3}},"loc":{"start":{"line":30,"column":42},"end":{"line":52,"column":3}},"line":30},"4":{"name":"(anonymous_4)","decl":{"start":{"line":37,"column":8},"end":{"line":37,"column":9}},"loc":{"start":{"line":38,"column":10},"end":{"line":40,"column":27}},"line":38},"5":{"name":"(anonymous_5)","decl":{"start":{"line":45,"column":31},"end":{"line":45,"column":32}},"loc":{"start":{"line":45,"column":39},"end":{"line":50,"column":7}},"line":45},"6":{"name":"(anonymous_6)","decl":{"start":{"line":54,"column":2},"end":{"line":54,"column":3}},"loc":{"start":{"line":54,"column":33},"end":{"line":59,"column":3}},"line":54},"7":{"name":"(anonymous_7)","decl":{"start":{"line":56,"column":31},"end":{"line":56,"column":32}},"loc":{"start":{"line":56,"column":38},"end":{"line":56,"column":54}},"line":56},"8":{"name":"(anonymous_8)","decl":{"start":{"line":61,"column":2},"end":{"line":61,"column":3}},"loc":{"start":{"line":61,"column":33},"end":{"line":71,"column":3}},"line":61},"9":{"name":"(anonymous_9)","decl":{"start":{"line":73,"column":2},"end":{"line":73,"column":3}},"loc":{"start":{"line":73,"column":30},"end":{"line":84,"column":3}},"line":73},"10":{"name":"(anonymous_10)","decl":{"start":{"line":86,"column":2},"end":{"line":86,"column":3}},"loc":{"start":{"line":86,"column":26},"end":{"line":100,"column":3}},"line":86}},"branchMap":{"0":{"loc":{"start":{"line":30,"column":28},"end":{"line":30,"column":40}},"type":"default-arg","locations":[{"start":{"line":30,"column":38},"end":{"line":30,"column":40}}],"line":30},"1":{"loc":{"start":{"line":32,"column":12},"end":{"line":32,"column":26}},"type":"default-arg","locations":[{"start":{"line":32,"column":25},"end":{"line":32,"column":26}}],"line":32},"2":{"loc":{"start":{"line":38,"column":10},"end":{"line":40,"column":27}},"type":"binary-expr","locations":[{"start":{"line":38,"column":10},"end":{"line":38,"column":45}},{"start":{"line":39,"column":10},"end":{"line":39,"column":42}},{"start":{"line":40,"column":10},"end":{"line":40,"column":27}}],"line":38},"3":{"loc":{"start":{"line":47,"column":64},"end":{"line":47,"column":82}},"type":"binary-expr","locations":[{"start":{"line":47,"column":64},"end":{"line":47,"column":73}},{"start":{"line":47,"column":77},"end":{"line":47,"column":82}}],"line":47},"4":{"loc":{"start":{"line":57,"column":4},"end":{"line":57,"column":68}},"type":"if","locations":[{"start":{"line":57,"column":4},"end":{"line":57,"column":68}},{"start":{},"end":{}}],"line":57},"5":{"loc":{"start":{"line":68,"column":6},"end":{"line":68,"column":52}},"type":"if","locations":[{"start":{"line":68,"column":6},"end":{"line":68,"column":52}},{"start":{},"end":{}}],"line":68},"6":{"loc":{"start":{"line":74,"column":4},"end":{"line":74,"column":96}},"type":"if","locations":[{"start":{"line":74,"column":4},"end":{"line":74,"column":96}},{"start":{},"end":{}}],"line":74},"7":{"loc":{"start":{"line":76,"column":4},"end":{"line":76,"column":63}},"type":"if","locations":[{"start":{"line":76,"column":4},"end":{"line":76,"column":63}},{"start":{},"end":{}}],"line":76},"8":{"loc":{"start":{"line":77,"column":4},"end":{"line":77,"column":47}},"type":"if","locations":[{"start":{"line":77,"column":4},"end":{"line":77,"column":47}},{"start":{},"end":{}}],"line":77},"9":{"loc":{"start":{"line":78,"column":4},"end":{"line":78,"column":59}},"type":"if","locations":[{"start":{"line":78,"column":4},"end":{"line":78,"column":59}},{"start":{},"end":{}}],"line":78},"10":{"loc":{"start":{"line":79,"column":4},"end":{"line":80,"column":95}},"type":"if","locations":[{"start":{"line":79,"column":4},"end":{"line":80,"column":95}},{"start":{},"end":{}}],"line":79},"11":{"loc":{"start":{"line":79,"column":8},"end":{"line":79,"column":53}},"type":"binary-expr","locations":[{"start":{"line":79,"column":8},"end":{"line":79,"column":28}},{"start":{"line":79,"column":32},"end":{"line":79,"column":53}}],"line":79},"12":{"loc":{"start":{"line":81,"column":4},"end":{"line":82,"column":101}},"type":"if","locations":[{"start":{"line":81,"column":4},"end":{"line":82,"column":101}},{"start":{},"end":{}}],"line":81},"13":{"loc":{"start":{"line":89,"column":89},"end":{"line":89,"column":111}},"type":"binary-expr","locations":[{"start":{"line":89,"column":89},"end":{"line":89,"column":102}},{"start":{"line":89,"column":106},"end":{"line":89,"column":111}}],"line":89},"14":{"loc":{"start":{"line":95,"column":15},"end":{"line":95,"column":36}},"type":"binary-expr","locations":[{"start":{"line":95,"column":15},"end":{"line":95,"column":28}},{"start":{"line":95,"column":32},"end":{"line":95,"column":36}}],"line":95}},"s":{"0":3,"1":3,"2":11,"3":11,"4":11,"5":9,"6":9,"7":3,"8":3,"9":3,"10":3,"11":30,"12":3,"13":2,"14":4,"15":4,"16":13,"17":4,"18":1,"19":3,"20":2,"21":2,"22":2,"23":2,"24":20,"25":20,"26":2,"27":2,"28":2,"29":15,"30":1,"31":14,"32":14,"33":2,"34":14,"35":1,"36":14,"37":1,"38":14,"39":3,"40":11,"41":0,"42":11,"43":5,"44":3},"f":{"0":11,"1":9,"2":9,"3":3,"4":30,"5":2,"6":4,"7":13,"8":2,"9":15,"10":5},"b":{"0":[1],"1":[1],"2":[30,28,28],"3":[2,2],"4":[1,3],"5":[2,18],"6":[1,14],"7":[2,12],"8":[1,13],"9":[1,13],"10":[3,11],"11":[14,11],"12":[0,11],"13":[5,5],"14":[5,5]},"_coverageSchema":"1a1c01bbd47fc00a2c39e90264f33305004495a9","hash":"6953b47030662bf81531728f78e84fcf6a3d7966"}
,"D:\\dev\\razac_tookan\\razac_tookan\\src\\address\\routes\\addressRoutes.js": {"path":"D:\\dev\\razac_tookan\\razac_tookan\\src\\address\\routes\\addressRoutes.js","statementMap":{"0":{"start":{"line":4,"column":16},"end":{"line":4,"column":34}},"1":{"start":{"line":5,"column":15},"end":{"line":5,"column":31}},"2":{"start":{"line":6,"column":26},"end":{"line":6,"column":69}},"3":{"start":{"line":7,"column":40},"end":{"line":7,"column":76}},"4":{"start":{"line":8,"column":24},"end":{"line":8,"column":63}},"5":{"start":{"line":9,"column":15},"end":{"line":9,"column":38}},"6":{"start":{"line":12,"column":0},"end":{"line":23,"column":2}},"7":{"start":{"line":26,"column":0},"end":{"line":29,"column":2}},"8":{"start":{"line":32,"column":0},"end":{"line":38,"column":2}},"9":{"start":{"line":41,"column":0},"end":{"line":48,"column":2}},"10":{"start":{"line":51,"column":0},"end":{"line":58,"column":2}},"11":{"start":{"line":60,"column":0},"end":{"line":60,"column":24}}},"fnMap":{},"branchMap":{},"s":{"0":1,"1":1,"2":1,"3":1,"4":1,"5":1,"6":1,"7":1,"8":1,"9":1,"10":1,"11":1},"f":{},"b":{},"_coverageSchema":"1a1c01bbd47fc00a2c39e90264f33305004495a9","hash":"a4cbc23ae752d36eea63ed8f418e564abd877f4c"}
,"D:\\dev\\razac_tookan\\razac_tookan\\src\\address\\services\\addressService.js": {"path":"D:\\dev\\razac_tookan\\razac_tookan\\src\\address\\services\\addressService.js","statementMap":{"0":{"start":{"line":4,"column":31},"end":{"line":4,"column":54}},"1":{"start":{"line":5,"column":48},"end":{"line":5,"column":74}},"2":{"start":{"line":6,"column":15},"end":{"line":6,"column":38}},"3":{"start":{"line":10,"column":4},"end":{"line":10,"column":41}},"4":{"start":{"line":17,"column":17},"end":{"line":22,"column":5}},"5":{"start":{"line":24,"column":19},"end":{"line":24,"column":64}},"6":{"start":{"line":25,"column":4},"end":{"line":25,"column":30}},"7":{"start":{"line":32,"column":4},"end":{"line":32,"column":50}},"8":{"start":{"line":39,"column":4},"end":{"line":39,"column":50}},"9":{"start":{"line":46,"column":4},"end":{"line":46,"column":53}},"10":{"start":{"line":56,"column":17},"end":{"line":56,"column":48}},"11":{"start":{"line":58,"column":4},"end":{"line":66,"column":5}},"12":{"start":{"line":59,"column":6},"end":{"line":65,"column":8}},"13":{"start":{"line":68,"column":4},"end":{"line":76,"column":5}},"14":{"start":{"line":69,"column":6},"end":{"line":75,"column":8}},"15":{"start":{"line":78,"column":4},"end":{"line":86,"column":5}},"16":{"start":{"line":79,"column":6},"end":{"line":85,"column":8}},"17":{"start":{"line":89,"column":4},"end":{"line":108,"column":5}},"18":{"start":{"line":90,"column":23},"end":{"line":95,"column":7}},"19":{"start":{"line":96,"column":20},"end":{"line":96,"column":40}},"20":{"start":{"line":97,"column":22},"end":{"line":97,"column":39}},"21":{"start":{"line":99,"column":6},"end":{"line":107,"column":8}},"22":{"start":{"line":111,"column":4},"end":{"line":127,"column":5}},"23":{"start":{"line":112,"column":21},"end":{"line":112,"column":89}},"24":{"start":{"line":113,"column":23},"end":{"line":118,"column":7}},"25":{"start":{"line":120,"column":6},"end":{"line":126,"column":8}},"26":{"start":{"line":129,"column":4},"end":{"line":135,"column":6}},"27":{"start":{"line":140,"column":15},"end":{"line":140,"column":19}},"28":{"start":{"line":142,"column":2},"end":{"line":142,"column":49}},"29":{"start":{"line":142,"column":17},"end":{"line":142,"column":49}},"30":{"start":{"line":143,"column":2},"end":{"line":143,"column":18}},"31":{"start":{"line":146,"column":0},"end":{"line":146,"column":55}}},"fnMap":{"0":{"name":"(anonymous_0)","decl":{"start":{"line":9,"column":2},"end":{"line":9,"column":3}},"loc":{"start":{"line":9,"column":16},"end":{"line":11,"column":3}},"line":9},"1":{"name":"(anonymous_1)","decl":{"start":{"line":16,"column":2},"end":{"line":16,"column":3}},"loc":{"start":{"line":16,"column":42},"end":{"line":26,"column":3}},"line":16},"2":{"name":"(anonymous_2)","decl":{"start":{"line":31,"column":2},"end":{"line":31,"column":3}},"loc":{"start":{"line":31,"column":33},"end":{"line":33,"column":3}},"line":31},"3":{"name":"(anonymous_3)","decl":{"start":{"line":38,"column":2},"end":{"line":38,"column":3}},"loc":{"start":{"line":38,"column":33},"end":{"line":40,"column":3}},"line":38},"4":{"name":"(anonymous_4)","decl":{"start":{"line":45,"column":2},"end":{"line":45,"column":3}},"loc":{"start":{"line":45,"column":30},"end":{"line":47,"column":3}},"line":45},"5":{"name":"(anonymous_5)","decl":{"start":{"line":55,"column":2},"end":{"line":55,"column":3}},"loc":{"start":{"line":55,"column":35},"end":{"line":136,"column":3}},"line":55},"6":{"name":"getAddressService","decl":{"start":{"line":141,"column":9},"end":{"line":141,"column":26}},"loc":{"start":{"line":141,"column":29},"end":{"line":144,"column":1}},"line":141}},"branchMap":{"0":{"loc":{"start":{"line":16,"column":28},"end":{"line":16,"column":40}},"type":"default-arg","locations":[{"start":{"line":16,"column":38},"end":{"line":16,"column":40}}],"line":16},"1":{"loc":{"start":{"line":18,"column":19},"end":{"line":18,"column":81}},"type":"binary-expr","locations":[{"start":{"line":18,"column":19},"end":{"line":18,"column":38}},{"start":{"line":18,"column":42},"end":{"line":18,"column":81}}],"line":18},"2":{"loc":{"start":{"line":19,"column":18},"end":{"line":19,"column":78}},"type":"binary-expr","locations":[{"start":{"line":19,"column":18},"end":{"line":19,"column":36}},{"start":{"line":19,"column":40},"end":{"line":19,"column":78}}],"line":19},"3":{"loc":{"start":{"line":20,"column":20},"end":{"line":20,"column":48}},"type":"binary-expr","locations":[{"start":{"line":20,"column":20},"end":{"line":20,"column":40}},{"start":{"line":20,"column":44},"end":{"line":20,"column":48}}],"line":20},"4":{"loc":{"start":{"line":21,"column":20},"end":{"line":21,"column":48}},"type":"binary-expr","locations":[{"start":{"line":21,"column":20},"end":{"line":21,"column":40}},{"start":{"line":21,"column":44},"end":{"line":21,"column":48}}],"line":21},"5":{"loc":{"start":{"line":58,"column":4},"end":{"line":66,"column":5}},"type":"if","locations":[{"start":{"line":58,"column":4},"end":{"line":66,"column":5}},{"start":{},"end":{}}],"line":58},"6":{"loc":{"start":{"line":64,"column":17},"end":{"line":64,"column":34}},"type":"binary-expr","locations":[{"start":{"line":64,"column":17},"end":{"line":64,"column":26}},{"start":{"line":64,"column":30},"end":{"line":64,"column":34}}],"line":64},"7":{"loc":{"start":{"line":68,"column":4},"end":{"line":76,"column":5}},"type":"if","locations":[{"start":{"line":68,"column":4},"end":{"line":76,"column":5}},{"start":{},"end":{}}],"line":68},"8":{"loc":{"start":{"line":68,"column":8},"end":{"line":68,"column":49}},"type":"binary-expr","locations":[{"start":{"line":68,"column":8},"end":{"line":68,"column":26}},{"start":{"line":68,"column":30},"end":{"line":68,"column":49}}],"line":68},"9":{"loc":{"start":{"line":74,"column":17},"end":{"line":74,"column":34}},"type":"binary-expr","locations":[{"start":{"line":74,"column":17},"end":{"line":74,"column":26}},{"start":{"line":74,"column":30},"end":{"line":74,"column":34}}],"line":74},"10":{"loc":{"start":{"line":78,"column":4},"end":{"line":86,"column":5}},"type":"if","locations":[{"start":{"line":78,"column":4},"end":{"line":86,"column":5}},{"start":{},"end":{}}],"line":78},"11":{"loc":{"start":{"line":78,"column":8},"end":{"line":78,"column":45}},"type":"binary-expr","locations":[{"start":{"line":78,"column":8},"end":{"line":78,"column":24}},{"start":{"line":78,"column":28},"end":{"line":78,"column":45}}],"line":78},"12":{"loc":{"start":{"line":84,"column":17},"end":{"line":84,"column":34}},"type":"binary-expr","locations":[{"start":{"line":84,"column":17},"end":{"line":84,"column":26}},{"start":{"line":84,"column":30},"end":{"line":84,"column":34}}],"line":84},"13":{"loc":{"start":{"line":89,"column":4},"end":{"line":108,"column":5}},"type":"if","locations":[{"start":{"line":89,"column":4},"end":{"line":108,"column":5}},{"start":{},"end":{}}],"line":89},"14":{"loc":{"start":{"line":96,"column":20},"end":{"line":96,"column":40}},"type":"binary-expr","locations":[{"start":{"line":96,"column":20},"end":{"line":96,"column":34}},{"start":{"line":96,"column":38},"end":{"line":96,"column":40}}],"line":96},"15":{"loc":{"start":{"line":101,"column":16},"end":{"line":103,"column":88}},"type":"cond-expr","locations":[{"start":{"line":102,"column":12},"end":{"line":102,"column":61}},{"start":{"line":103,"column":12},"end":{"line":103,"column":88}}],"line":101},"16":{"loc":{"start":{"line":106,"column":17},"end":{"line":106,"column":33}},"type":"binary-expr","locations":[{"start":{"line":106,"column":17},"end":{"line":106,"column":25}},{"start":{"line":106,"column":29},"end":{"line":106,"column":33}}],"line":106},"17":{"loc":{"start":{"line":111,"column":4},"end":{"line":127,"column":5}},"type":"if","locations":[{"start":{"line":111,"column":4},"end":{"line":127,"column":5}},{"start":{},"end":{}}],"line":111},"18":{"loc":{"start":{"line":111,"column":8},"end":{"line":111,"column":56}},"type":"binary-expr","locations":[{"start":{"line":111,"column":8},"end":{"line":111,"column":26}},{"start":{"line":111,"column":30},"end":{"line":111,"column":56}}],"line":111},"19":{"loc":{"start":{"line":122,"column":16},"end":{"line":122,"column":87}},"type":"cond-expr","locations":[{"start":{"line":122,"column":25},"end":{"line":122,"column":54}},{"start":{"line":122,"column":57},"end":{"line":122,"column":87}}],"line":122},"20":{"loc":{"start":{"line":125,"column":17},"end":{"line":125,"column":33}},"type":"binary-expr","locations":[{"start":{"line":125,"column":17},"end":{"line":125,"column":25}},{"start":{"line":125,"column":29},"end":{"line":125,"column":33}}],"line":125},"21":{"loc":{"start":{"line":134,"column":15},"end":{"line":134,"column":32}},"type":"binary-expr","locations":[{"start":{"line":134,"column":15},"end":{"line":134,"column":24}},{"start":{"line":134,"column":28},"end":{"line":134,"column":32}}],"line":134},"22":{"loc":{"start":{"line":142,"column":2},"end":{"line":142,"column":49}},"type":"if","locations":[{"start":{"line":142,"column":2},"end":{"line":142,"column":49}},{"start":{},"end":{}}],"line":142}},"s":{"0":3,"1":3,"2":3,"3":6,"4":1,"5":1,"6":1,"7":2,"8":1,"9":12,"10":15,"11":15,"12":0,"13":15,"14":1,"15":14,"16":1,"17":13,"18":13,"19":13,"20":13,"21":13,"22":0,"23":0,"24":0,"25":0,"26":0,"27":3,"28":17,"29":2,"30":17,"31":3},"f":{"0":6,"1":1,"2":2,"3":1,"4":12,"5":15,"6":17},"b":{"0":[0],"1":[1,1],"2":[1,1],"3":[1,1],"4":[1,1],"5":[0,15],"6":[0,0],"7":[1,14],"8":[15,14],"9":[1,0],"10":[1,13],"11":[14,13],"12":[1,1],"13":[13,0],"14":[13,0],"15":[9,4],"16":[13,0],"17":[0,0],"18":[0,0],"19":[0,0],"20":[0,0],"21":[0,0],"22":[2,15]},"_coverageSchema":"1a1c01bbd47fc00a2c39e90264f33305004495a9","hash":"aa660e39082b128d8f50f218aa124a135f741bc1"}
,"D:\\dev\\razac_tookan\\razac_tookan\\src\\config\\index.js": {"path":"D:\\dev\\razac_tookan\\razac_tookan\\src\\config\\index.js","statementMap":{"0":{"start":{"line":4,"column":15},"end":{"line":55,"column":1}},"1":{"start":{"line":57,"column":0},"end":{"line":57,"column":24}}},"fnMap":{},"branchMap":{"0":{"loc":{"start":{"line":5,"column":8},"end":{"line":5,"column":46}},"type":"binary-expr","locations":[{"start":{"line":5,"column":8},"end":{"line":5,"column":38}},{"start":{"line":5,"column":42},"end":{"line":5,"column":46}}],"line":5},"1":{"loc":{"start":{"line":6,"column":7},"end":{"line":6,"column":44}},"type":"binary-expr","locations":[{"start":{"line":6,"column":7},"end":{"line":6,"column":27}},{"start":{"line":6,"column":31},"end":{"line":6,"column":44}}],"line":6},"2":{"loc":{"start":{"line":9,"column":14},"end":{"line":9,"column":52}},"type":"binary-expr","locations":[{"start":{"line":9,"column":14},"end":{"line":9,"column":42}},{"start":{"line":9,"column":46},"end":{"line":9,"column":52}}],"line":9},"3":{"loc":{"start":{"line":11,"column":16},"end":{"line":11,"column":77}},"type":"binary-expr","locations":[{"start":{"line":11,"column":16},"end":{"line":11,"column":72}},{"start":{"line":11,"column":76},"end":{"line":11,"column":77}}],"line":11},"4":{"loc":{"start":{"line":12,"column":18},"end":{"line":12,"column":83}},"type":"binary-expr","locations":[{"start":{"line":12,"column":18},"end":{"line":12,"column":76}},{"start":{"line":12,"column":80},"end":{"line":12,"column":83}}],"line":12},"5":{"loc":{"start":{"line":13,"column":18},"end":{"line":13,"column":81}},"type":"binary-expr","locations":[{"start":{"line":13,"column":18},"end":{"line":13,"column":76}},{"start":{"line":13,"column":80},"end":{"line":13,"column":81}}],"line":13},"6":{"loc":{"start":{"line":14,"column":19},"end":{"line":14,"column":72}},"type":"binary-expr","locations":[{"start":{"line":14,"column":19},"end":{"line":14,"column":64}},{"start":{"line":14,"column":68},"end":{"line":14,"column":72}}],"line":14},"7":{"loc":{"start":{"line":17,"column":12},"end":{"line":17,"column":61}},"type":"binary-expr","locations":[{"start":{"line":17,"column":12},"end":{"line":17,"column":49}},{"start":{"line":17,"column":53},"end":{"line":17,"column":61}}],"line":17},"8":{"loc":{"start":{"line":20,"column":18},"end":{"line":20,"column":55}},"type":"binary-expr","locations":[{"start":{"line":20,"column":18},"end":{"line":20,"column":49}},{"start":{"line":20,"column":53},"end":{"line":20,"column":55}}],"line":20},"9":{"loc":{"start":{"line":21,"column":20},"end":{"line":21,"column":59}},"type":"binary-expr","locations":[{"start":{"line":21,"column":20},"end":{"line":21,"column":53}},{"start":{"line":21,"column":57},"end":{"line":21,"column":59}}],"line":21},"10":{"loc":{"start":{"line":24,"column":19},"end":{"line":24,"column":56}},"type":"binary-expr","locations":[{"start":{"line":24,"column":19},"end":{"line":24,"column":50}},{"start":{"line":24,"column":54},"end":{"line":24,"column":56}}],"line":24},"11":{"loc":{"start":{"line":29,"column":14},"end":{"line":29,"column":53}},"type":"binary-expr","locations":[{"start":{"line":29,"column":14},"end":{"line":29,"column":43}},{"start":{"line":29,"column":47},"end":{"line":29,"column":53}}],"line":29},"12":{"loc":{"start":{"line":31,"column":14},"end":{"line":31,"column":46}},"type":"binary-expr","locations":[{"start":{"line":31,"column":14},"end":{"line":31,"column":40}},{"start":{"line":31,"column":44},"end":{"line":31,"column":46}}],"line":31},"13":{"loc":{"start":{"line":32,"column":15},"end":{"line":32,"column":76}},"type":"binary-expr","locations":[{"start":{"line":32,"column":15},"end":{"line":32,"column":42}},{"start":{"line":32,"column":46},"end":{"line":32,"column":76}}],"line":32},"14":{"loc":{"start":{"line":33,"column":16},"end":{"line":33,"column":115}},"type":"cond-expr","locations":[{"start":{"line":33,"column":67},"end":{"line":33,"column":71}},{"start":{"line":33,"column":74},"end":{"line":33,"column":115}}],"line":33},"15":{"loc":{"start":{"line":35,"column":14},"end":{"line":35,"column":46}},"type":"binary-expr","locations":[{"start":{"line":35,"column":14},"end":{"line":35,"column":40}},{"start":{"line":35,"column":44},"end":{"line":35,"column":46}}],"line":35},"16":{"loc":{"start":{"line":36,"column":18},"end":{"line":36,"column":54}},"type":"binary-expr","locations":[{"start":{"line":36,"column":18},"end":{"line":36,"column":48}},{"start":{"line":36,"column":52},"end":{"line":36,"column":54}}],"line":36},"17":{"loc":{"start":{"line":37,"column":14},"end":{"line":37,"column":106}},"type":"cond-expr","locations":[{"start":{"line":37,"column":63},"end":{"line":37,"column":64}},{"start":{"line":37,"column":67},"end":{"line":37,"column":106}}],"line":37},"18":{"loc":{"start":{"line":38,"column":16},"end":{"line":38,"column":112}},"type":"cond-expr","locations":[{"start":{"line":38,"column":67},"end":{"line":38,"column":68}},{"start":{"line":38,"column":71},"end":{"line":38,"column":112}}],"line":38},"19":{"loc":{"start":{"line":39,"column":12},"end":{"line":39,"column":41}},"type":"binary-expr","locations":[{"start":{"line":39,"column":12},"end":{"line":39,"column":35}},{"start":{"line":39,"column":39},"end":{"line":39,"column":41}}],"line":39},"20":{"loc":{"start":{"line":40,"column":33},"end":{"line":40,"column":73}},"type":"binary-expr","locations":[{"start":{"line":40,"column":33},"end":{"line":40,"column":67}},{"start":{"line":40,"column":71},"end":{"line":40,"column":73}}],"line":40},"21":{"loc":{"start":{"line":41,"column":35},"end":{"line":41,"column":77}},"type":"binary-expr","locations":[{"start":{"line":41,"column":35},"end":{"line":41,"column":71}},{"start":{"line":41,"column":75},"end":{"line":41,"column":77}}],"line":41},"22":{"loc":{"start":{"line":47,"column":16},"end":{"line":47,"column":84}},"type":"binary-expr","locations":[{"start":{"line":47,"column":16},"end":{"line":47,"column":75}},{"start":{"line":47,"column":79},"end":{"line":47,"column":84}}],"line":47},"23":{"loc":{"start":{"line":48,"column":11},"end":{"line":48,"column":70}},"type":"binary-expr","locations":[{"start":{"line":48,"column":11},"end":{"line":48,"column":64}},{"start":{"line":48,"column":68},"end":{"line":48,"column":70}}],"line":48},"24":{"loc":{"start":{"line":51,"column":16},"end":{"line":51,"column":80}},"type":"binary-expr","locations":[{"start":{"line":51,"column":16},"end":{"line":51,"column":71}},{"start":{"line":51,"column":75},"end":{"line":51,"column":80}}],"line":51},"25":{"loc":{"start":{"line":52,"column":11},"end":{"line":52,"column":66}},"type":"binary-expr","locations":[{"start":{"line":52,"column":11},"end":{"line":52,"column":60}},{"start":{"line":52,"column":64},"end":{"line":52,"column":66}}],"line":52}},"s":{"0":3,"1":3},"f":{},"b":{"0":[3,3],"1":[3,0],"2":[3,0],"3":[3,3],"4":[3,3],"5":[3,3],"6":[3,3],"7":[3,0],"8":[3,3],"9":[3,3],"10":[3,3],"11":[3,1],"12":[3,3],"13":[3,3],"14":[3,0],"15":[3,3],"16":[3,3],"17":[3,0],"18":[3,0],"19":[3,3],"20":[3,3],"21":[3,3],"22":[3,3],"23":[3,3],"24":[3,3],"25":[3,3]},"_coverageSchema":"1a1c01bbd47fc00a2c39e90264f33305004495a9","hash":"e6003f65bc1910e1b50c15c84e165bd8bc882040"}
,"D:\\dev\\razac_tookan\\razac_tookan\\src\\delivery\\controllers\\deliveryController.js": {"path":"D:\\dev\\razac_tookan\\razac_tookan\\src\\delivery\\controllers\\deliveryController.js","statementMap":{"0":{"start":{"line":4,"column":31},"end":{"line":4,"column":69}},"1":{"start":{"line":5,"column":27},"end":{"line":5,"column":58}},"2":{"start":{"line":8,"column":2},"end":{"line":8,"column":50}},"3":{"start":{"line":8,"column":39},"end":{"line":8,"column":50}},"4":{"start":{"line":9,"column":18},"end":{"line":9,"column":56}},"5":{"start":{"line":10,"column":2},"end":{"line":13,"column":3}},"6":{"start":{"line":11,"column":29},"end":{"line":11,"column":32}},"7":{"start":{"line":12,"column":4},"end":{"line":12,"column":16}},"8":{"start":{"line":14,"column":2},"end":{"line":14,"column":13}},"9":{"start":{"line":17,"column":27},"end":{"line":500,"column":1}},"10":{"start":{"line":35,"column":4},"end":{"line":83,"column":5}},"11":{"start":{"line":36,"column":96},"end":{"line":36,"column":104}},"12":{"start":{"line":38,"column":6},"end":{"line":40,"column":7}},"13":{"start":{"line":39,"column":8},"end":{"line":39,"column":94}},"14":{"start":{"line":41,"column":6},"end":{"line":43,"column":7}},"15":{"start":{"line":42,"column":8},"end":{"line":42,"column":94}},"16":{"start":{"line":44,"column":6},"end":{"line":46,"column":7}},"17":{"start":{"line":45,"column":8},"end":{"line":45,"column":90}},"18":{"start":{"line":48,"column":22},"end":{"line":48,"column":81}},"19":{"start":{"line":49,"column":30},"end":{"line":54,"column":7}},"20":{"start":{"line":56,"column":22},"end":{"line":56,"column":42}},"21":{"start":{"line":57,"column":21},"end":{"line":57,"column":75}},"22":{"start":{"line":59,"column":6},"end":{"line":71,"column":7}},"23":{"start":{"line":60,"column":8},"end":{"line":70,"column":11}},"24":{"start":{"line":74,"column":22},"end":{"line":74,"column":60}},"25":{"start":{"line":75,"column":6},"end":{"line":77,"column":7}},"26":{"start":{"line":76,"column":8},"end":{"line":76,"column":35}},"27":{"start":{"line":79,"column":6},"end":{"line":79,"column":44}},"28":{"start":{"line":81,"column":6},"end":{"line":81,"column":65}},"29":{"start":{"line":82,"column":6},"end":{"line":82,"column":84}},"30":{"start":{"line":91,"column":4},"end":{"line":121,"column":5}},"31":{"start":{"line":92,"column":78},"end":{"line":92,"column":86}},"32":{"start":{"line":94,"column":6},"end":{"line":96,"column":7}},"33":{"start":{"line":95,"column":8},"end":{"line":95,"column":94}},"34":{"start":{"line":98,"column":22},"end":{"line":98,"column":63}},"35":{"start":{"line":99,"column":30},"end":{"line":104,"column":7}},"36":{"start":{"line":106,"column":22},"end":{"line":106,"column":42}},"37":{"start":{"line":107,"column":21},"end":{"line":107,"column":79}},"38":{"start":{"line":109,"column":6},"end":{"line":115,"column":7}},"39":{"start":{"line":110,"column":8},"end":{"line":114,"column":11}},"40":{"start":{"line":117,"column":6},"end":{"line":117,"column":44}},"41":{"start":{"line":119,"column":6},"end":{"line":119,"column":77}},"42":{"start":{"line":120,"column":6},"end":{"line":120,"column":71}},"43":{"start":{"line":129,"column":4},"end":{"line":151,"column":5}},"44":{"start":{"line":130,"column":54},"end":{"line":130,"column":62}},"45":{"start":{"line":132,"column":6},"end":{"line":134,"column":7}},"46":{"start":{"line":133,"column":8},"end":{"line":133,"column":90}},"47":{"start":{"line":136,"column":22},"end":{"line":136,"column":61}},"48":{"start":{"line":137,"column":22},"end":{"line":137,"column":42}},"49":{"start":{"line":138,"column":21},"end":{"line":138,"column":60}},"50":{"start":{"line":140,"column":6},"end":{"line":145,"column":7}},"51":{"start":{"line":141,"column":8},"end":{"line":144,"column":11}},"52":{"start":{"line":147,"column":6},"end":{"line":147,"column":44}},"53":{"start":{"line":149,"column":6},"end":{"line":149,"column":75}},"54":{"start":{"line":150,"column":6},"end":{"line":150,"column":71}},"55":{"start":{"line":159,"column":4},"end":{"line":172,"column":5}},"56":{"start":{"line":160,"column":25},"end":{"line":160,"column":35}},"57":{"start":{"line":161,"column":6},"end":{"line":163,"column":7}},"58":{"start":{"line":162,"column":8},"end":{"line":162,"column":84}},"59":{"start":{"line":165,"column":22},"end":{"line":165,"column":42}},"60":{"start":{"line":166,"column":21},"end":{"line":166,"column":56}},"61":{"start":{"line":168,"column":6},"end":{"line":168,"column":55}},"62":{"start":{"line":170,"column":6},"end":{"line":170,"column":70}},"63":{"start":{"line":171,"column":6},"end":{"line":171,"column":84}},"64":{"start":{"line":180,"column":4},"end":{"line":193,"column":5}},"65":{"start":{"line":181,"column":25},"end":{"line":181,"column":35}},"66":{"start":{"line":182,"column":6},"end":{"line":184,"column":7}},"67":{"start":{"line":183,"column":8},"end":{"line":183,"column":84}},"68":{"start":{"line":186,"column":22},"end":{"line":186,"column":42}},"69":{"start":{"line":187,"column":21},"end":{"line":187,"column":53}},"70":{"start":{"line":189,"column":6},"end":{"line":189,"column":32}},"71":{"start":{"line":191,"column":6},"end":{"line":191,"column":67}},"72":{"start":{"line":192,"column":6},"end":{"line":192,"column":75}},"73":{"start":{"line":200,"column":4},"end":{"line":206,"column":5}},"74":{"start":{"line":201,"column":21},"end":{"line":201,"column":83}},"75":{"start":{"line":202,"column":6},"end":{"line":202,"column":44}},"76":{"start":{"line":204,"column":6},"end":{"line":204,"column":76}},"77":{"start":{"line":205,"column":6},"end":{"line":205,"column":94}},"78":{"start":{"line":213,"column":4},"end":{"line":219,"column":5}},"79":{"start":{"line":214,"column":21},"end":{"line":214,"column":74}},"80":{"start":{"line":215,"column":6},"end":{"line":215,"column":32}},"81":{"start":{"line":217,"column":6},"end":{"line":217,"column":67}},"82":{"start":{"line":218,"column":6},"end":{"line":218,"column":94}},"83":{"start":{"line":227,"column":4},"end":{"line":237,"column":5}},"84":{"start":{"line":228,"column":34},"end":{"line":228,"column":48}},"85":{"start":{"line":229,"column":6},"end":{"line":231,"column":7}},"86":{"start":{"line":230,"column":8},"end":{"line":230,"column":91}},"87":{"start":{"line":232,"column":21},"end":{"line":232,"column":75}},"88":{"start":{"line":233,"column":6},"end":{"line":233,"column":32}},"89":{"start":{"line":235,"column":6},"end":{"line":235,"column":70}},"90":{"start":{"line":236,"column":6},"end":{"line":236,"column":94}},"91":{"start":{"line":244,"column":4},"end":{"line":254,"column":5}},"92":{"start":{"line":245,"column":36},"end":{"line":245,"column":50}},"93":{"start":{"line":246,"column":6},"end":{"line":248,"column":7}},"94":{"start":{"line":247,"column":8},"end":{"line":247,"column":93}},"95":{"start":{"line":249,"column":21},"end":{"line":249,"column":86}},"96":{"start":{"line":250,"column":6},"end":{"line":250,"column":32}},"97":{"start":{"line":252,"column":6},"end":{"line":252,"column":79}},"98":{"start":{"line":253,"column":6},"end":{"line":253,"column":94}},"99":{"start":{"line":261,"column":4},"end":{"line":269,"column":5}},"100":{"start":{"line":262,"column":24},"end":{"line":262,"column":34}},"101":{"start":{"line":263,"column":19},"end":{"line":263,"column":57}},"102":{"start":{"line":264,"column":21},"end":{"line":264,"column":62}},"103":{"start":{"line":265,"column":6},"end":{"line":265,"column":32}},"104":{"start":{"line":267,"column":6},"end":{"line":267,"column":65}},"105":{"start":{"line":268,"column":6},"end":{"line":268,"column":94}},"106":{"start":{"line":276,"column":4},"end":{"line":282,"column":5}},"107":{"start":{"line":277,"column":21},"end":{"line":277,"column":81}},"108":{"start":{"line":278,"column":6},"end":{"line":278,"column":32}},"109":{"start":{"line":280,"column":6},"end":{"line":280,"column":74}},"110":{"start":{"line":281,"column":6},"end":{"line":281,"column":94}},"111":{"start":{"line":289,"column":4},"end":{"line":296,"column":5}},"112":{"start":{"line":290,"column":24},"end":{"line":290,"column":34}},"113":{"start":{"line":291,"column":21},"end":{"line":291,"column":65}},"114":{"start":{"line":292,"column":6},"end":{"line":292,"column":32}},"115":{"start":{"line":294,"column":6},"end":{"line":294,"column":67}},"116":{"start":{"line":295,"column":6},"end":{"line":295,"column":94}},"117":{"start":{
[...]
},"21":{"start":{"line":45,"column":38},"end":{"line":45,"column":58}},"22":{"start":{"line":49,"column":0},"end":{"line":49,"column":33}}},"fnMap":{"0":{"name":"rateLimiter","decl":{"start":{"line":6,"column":9},"end":{"line":6,"column":20}},"loc":{"start":{"line":6,"column":72},"end":{"line":39,"column":1}},"line":6},"1":{"name":"(anonymous_1)","decl":{"start":{"line":7,"column":9},"end":{"line":7,"column":10}},"loc":{"start":{"line":7,"column":29},"end":{"line":38,"column":3}},"line":7},"2":{"name":"(anonymous_2)","decl":{"start":{"line":42,"column":12},"end":{"line":42,"column":13}},"loc":{"start":{"line":42,"column":18},"end":{"line":47,"column":1}},"line":42}},"branchMap":{"0":{"loc":{"start":{"line":6,"column":21},"end":{"line":6,"column":70}},"type":"default-arg","locations":[{"start":{"line":6,"column":68},"end":{"line":6,"column":70}}],"line":6},"1":{"loc":{"start":{"line":6,"column":23},"end":{"line":6,"column":39}},"type":"default-arg","locations":[{"start":{"line":6,"column":34},"end":{"line":6,"column":39}}],"line":6},"2":{"loc":{"start":{"line":6,"column":41},"end":{"line":6,"column":49}},"type":"default-arg","locations":[{"start":{"line":6,"column":47},"end":{"line":6,"column":49}}],"line":6},"3":{"loc":{"start":{"line":6,"column":51},"end":{"line":6,"column":63}},"type":"default-arg","locations":[{"start":{"line":6,"column":59},"end":{"line":6,"column":63}}],"line":6},"4":{"loc":{"start":{"line":8,"column":16},"end":{"line":8,"column":43}},"type":"cond-expr","locations":[{"start":{"line":8,"column":24},"end":{"line":8,"column":34}},{"start":{"line":8,"column":37},"end":{"line":8,"column":43}}],"line":8},"5":{"loc":{"start":{"line":11,"column":4},"end":{"line":14,"column":5}},"type":"if","locations":[{"start":{"line":11,"column":4},"end":{"line":14,"column":5}},{"start":{},"end":{}}],"line":11},"6":{"loc":{"start":{"line":18,"column":4},"end":{"line":22,"column":5}},"type":"if","locations":[{"start":{"line":18,"column":4},"end":{"line":22,"column":5}},{"start":{},"end":{}}],"line":18},"7":{"loc":{"start":{"line":24,"column":4},"end":{"line":34,"column":5}},"type":"if","locations":[{"start":{"line":24,"column":4},"end":{"line":34,"column":5}},{"start":{},"end":{}}],"line":24},"8":{"loc":{"start":{"line":45,"column":4},"end":{"line":45,"column":58}},"type":"if","locations":[{"start":{"line":45,"column":4},"end":{"line":45,"column":58}},{"start":{},"end":{}}],"line":45}},"s":{"0":1,"1":2,"2":12,"3":12,"4":12,"5":1,"6":1,"7":11,"8":11,"9":0,"10":0,"11":0,"12":11,"13":0,"14":0,"15":11,"16":11,"17":1,"18":0,"19":0,"20":0,"21":0,"22":1},"f":{"0":2,"1":12,"2":0},"b":{"0":[0],"1":[0],"2":[0],"3":[2],"4":[0,12],"5":[1,11],"6":[0,11],"7":[0,11],"8":[0,0]},"_coverageSchema":"1a1c01bbd47fc00a2c39e90264f33305004495a9","hash":"1bf4eb116fed43899ff1af49c75055f2665c0a7d"}
,"D:\\dev\\razac_tookan\\razac_tookan\\src\\middleware\\validate.js": {"path":"D:\\dev\\razac_tookan\\razac_tookan\\src\\middleware\\validate.js","statementMap":{"0":{"start":{"line":9,"column":2},"end":{"line":46,"column":4}},"1":{"start":{"line":10,"column":19},"end":{"line":10,"column":21}},"2":{"start":{"line":11,"column":4},"end":{"line":37,"column":5}},"3":{"start":{"line":12,"column":20},"end":{"line":12,"column":36}},"4":{"start":{"line":14,"column":6},"end":{"line":17,"column":7}},"5":{"start":{"line":15,"column":8},"end":{"line":15,"column":58}},"6":{"start":{"line":16,"column":8},"end":{"line":16,"column":17}},"7":{"start":{"line":19,"column":6},"end":{"line":19,"column":40}},"8":{"start":{"line":19,"column":31},"end":{"line":19,"column":40}},"9":{"start":{"line":21,"column":6},"end":{"line":29,"column":7}},"10":{"start":{"line":22,"column":20},"end":{"line":22,"column":33}},"11":{"start":{"line":23,"column":8},"end":{"line":28,"column":9}},"12":{"start":{"line":24,"column":10},"end":{"line":24,"column":53}},"13":{"start":{"line":26,"column":10},"end":{"line":26,"column":108}},"14":{"start":{"line":26,"column":58},"end":{"line":26,"column":108}},"15":{"start":{"line":27,"column":10},"end":{"line":27,"column":108}},"16":{"start":{"line":27,"column":58},"end":{"line":27,"column":108}},"17":{"start":{"line":31,"column":6},"end":{"line":36,"column":7}},"18":{"start":{"line":32,"column":8},"end":{"line":33,"column":83}},"19":{"start":{"line":33,"column":10},"end":{"line":33,"column":83}},"20":{"start":{"line":34,"column":8},"end":{"line":35,"column":82}},"21":{"start":{"line":35,"column":10},"end":{"line":35,"column":82}},"22":{"start":{"line":39,"column":4},"end":{"line":44,"column":5}},"23":{"start":{"line":40,"column":6},"end":{"line":43,"column":9}},"24":{"start":{"line":45,"column":4},"end":{"line":45,"column":11}},"25":{"start":{"line":53,"column":2},"end":{"line":85,"column":4}},"26":{"start":{"line":54,"column":19},"end":{"line":54,"column":21}},"27":{"start":{"line":55,"column":17},"end":{"line":55,"column":31}},"28":{"start":{"line":57,"column":4},"end":{"line":76,"column":5}},"29":{"start":{"line":58,"column":20},"end":{"line":58,"column":47}},"30":{"start":{"line":60,"column":6},"end":{"line":63,"column":7}},"31":{"start":{"line":61,"column":8},"end":{"line":61,"column":46}},"32":{"start":{"line":62,"column":8},"end":{"line":62,"column":17}},"33":{"start":{"line":65,"column":6},"end":{"line":65,"column":58}},"34":{"start":{"line":65,"column":49},"end":{"line":65,"column":58}},"35":{"start":{"line":67,"column":6},"end":{"line":69,"column":7}},"36":{"start":{"line":68,"column":8},"end":{"line":68,"column":51}},"37":{"start":{"line":70,"column":6},"end":{"line":72,"column":7}},"38":{"start":{"line":71,"column":8},"end":{"line":71,"column":51}},"39":{"start":{"line":73,"column":6},"end":{"line":75,"column":7}},"40":{"start":{"line":74,"column":8},"end":{"line":74,"column":52}},"41":{"start":{"line":78,"column":4},"end":{"line":83,"column":5}},"42":{"start":{"line":79,"column":6},"end":{"line":82,"column":9}},"43":{"start":{"line":84,"column":4},"end":{"line":84,"column":11}},"44":{"start":{"line":89,"column":2},"end":{"line":89,"column":63}},"45":{"start":{"line":89,"column":46},"end":{"line":89,"column":56}},"46":{"start":{"line":92,"column":0},"end":{"line":92,"column":49}}},"fnMap":{"0":{"name":"validateQuery","decl":{"start":{"line":8,"column":9},"end":{"line":8,"column":22}},"loc":{"start":{"line":8,"column":31},"end":{"line":47,"column":1}},"line":8},"1":{"name":"(anonymous_1)","decl":{"start":{"line":9,"column":9},"end":{"line":9,"column":10}},"loc":{"start":{"line":9,"column":29},"end":{"line":46,"column":3}},"line":9},"2":{"name":"validateBody","decl":{"start":{"line":52,"column":9},"end":{"line":52,"column":21}},"loc":{"start":{"line":52,"column":30},"end":{"line":86,"column":1}},"line":52},"3":{"name":"(anonymous_3)","decl":{"start":{"line":53,"column":9},"end":{"line":53,"column":10}},"loc":{"start":{"line":53,"column":29},"end":{"line":85,"column":3}},"line":53},"4":{"name":"getNestedValue","decl":{"start":{"line":88,"column":9},"end":{"line":88,"column":23}},"loc":{"start":{"line":88,"column":35},"end":{"line":90,"column":1}},"line":88},"5":{"name":"(anonymous_5)","decl":{"start":{"line":89,"column":32},"end":{"line":89,"column":33}},"loc":{"start":{"line":89,"column":46},"end":{"line":89,"column":56}},"line":89}},"branchMap":{"0":{"loc":{"start":{"line":14,"column":6},"end":{"line":17,"column":7}},"type":"if","locations":[{"start":{"line":14,"column":6},"end":{"line":17,"column":7}},{"start":{},"end":{}}],"line":14},"1":{"loc":{"start":{"line":14,"column":10},"end":{"line":14,"column":65}},"type":"binary-expr","locations":[{"start":{"line":14,"column":10},"end":{"line":14,"column":24}},{"start":{"line":14,"column":29},"end":{"line":14,"column":48}},{"start":{"line":14,"column":52},"end":{"line":14,"column":64}}],"line":14},"2":{"loc":{"start":{"line":19,"column":6},"end":{"line":19,"column":40}},"type":"if","locations":[{"start":{"line":19,"column":6},"end":{"line":19,"column":40}},{"start":{},"end":{}}],"line":19},"3":{"loc":{"start":{"line":21,"column":6},"end":{"line":29,"column":7}},"type":"if","locations":[{"start":{"line":21,"column":6},"end":{"line":29,"column":7}},{"start":{},"end":{}}],"line":21},"4":{"loc":{"start":{"line":23,"column":8},"end":{"line":28,"column":9}},"type":"if","locations":[{"start":{"line":23,"column":8},"end":{"line":28,"column":9}},{"start":{"line":25,"column":15},"end":{"line":28,"column":9}}],"line":23},"5":{"loc":{"start":{"line":26,"column":10},"end":{"line":26,"column":108}},"type":"if","locations":[{"start":{"line":26,"column":10},"end":{"line":26,"column":108}},{"start":{},"end":{}}],"line":26},"6":{"loc":{"start":{"line":26,"column":14},"end":{"line":26,"column":56}},"type":"binary-expr","locations":[{"start":{"line":26,"column":14},"end":{"line":26,"column":37}},{"start":{"line":26,"column":41},"end":{"line":26,"column":56}}],"line":26},"7":{"loc":{"start":{"line":27,"column":10},"end":{"line":27,"column":108}},"type":"if","locations":[{"start":{"line":27,"column":10},"end":{"line":27,"column":108}},{"start":{},"end":{}}],"line":27},"8":{"loc":{"start":{"line":27,"column":14},"end":{"line":27,"column":56}},"type":"binary-expr","locations":[{"start":{"line":27,"column":14},"end":{"line":27,"column":37}},{"start":{"line":27,"column":41},"end":{"line":27,"column":56}}],"line":27},"9":{"loc":{"start":{"line":31,"column":6},"end":{"line":36,"column":7}},"type":"if","locations":[{"start":{"line":31,"column":6},"end":{"line":36,"column":7}},{"start":{},"end":{}}],"line":31},"10":{"loc":{"start":{"line":32,"column":8},"end":{"line":33,"column":83}},"type":"if","locations":[{"start":{"line":32,"column":8},"end":{"line":33,"column":83}},{"start":{},"end":{}}],"line":32},"11":{"loc":{"start":{"line":32,"column":12},"end":{"line":32,"column":61}},"type":"binary-expr","locations":[{"start":{"line":32,"column":12},"end":{"line":32,"column":27}},{"start":{"line":32,"column":31},"end":{"line":32,"column":61}}],"line":32},"12":{"loc":{"start":{"line":34,"column":8},"end":{"line":35,"column":82}},"type":"if","locations":[{"start":{"line":34,"column":8},"end":{"line":35,"column":82}},{"start":{},"end":{}}],"line":34},"13":{"loc":{"start":{"line":34,"column":12},"end":{"line":34,"column":61}},"type":"binary-expr","locations":[{"start":{"line":34,"column":12},"end":{"line":34,"column":27}},{"start":{"line":34,"column":31},"end":{"line":34,"column":61}}],"line":34},"14":{"loc":{"start":{"line":39,"column":4},"end":{"line":44,"column":5}},"type":"if","locations":[{"start":{"line":39,"column":4},"end":{"line":44,"column":5}},{"start":{},"end":{}}],"line":39},"15":{"loc":{"start":{"line":55,"column":17},"end":{"line":55,"column":31}},"type":"binary-expr","locations":[{"start":{"line":55,"column":17},"end":{"line":55,"column":25}},{"start":{"line":55,"column":29},"end":{"line":55,"column":31}}],"line":55},"16":{"loc":{"start":{"line":60,"column":6},"end":{"line":63,"column":7}},"type":"if","locations":[{"start":{"line":60,"column":6},"end":{"line":63,"column":7}},{"start":{},"end":{}}],"line":60},"17":{"loc":{"start":{"line":60,"column":10},"end":{"line":60,"column":83}},"type":"binary-expr","locations":[{"start":{"line":60,"column":10},"end":{"line":60,"column":24}},{"start":{"line":60,"column":29},"end":{"line":60,"column":48}},{"start":{"line":60,"column":52},"end":{"line":60,"column":66}},{"start":{"line":60,"column":70},"end":{"line":60,"column":82}}],"line":60},"18":{"loc":{"start":{"line":65,"column":6},"end":{"line":65,"column":58}},"type":"if","locations":[{"start":{"line":65,"column":6},"end":{"line":65,"column":58}},{"start":{},"end":{}}],"line":65},"19":{"loc":{"start":{"line":65,"column":10},"end":{"line":65,"column":47}},"type":"binary-expr","locations":[{"start":{"line":65,"column":10},"end":{"line":65,"column":29}},{"start":{"line":65,"column":33},"end":{"line":65,"column":47}}],"line":65},"20":{"loc":{"start":{"line":67,"column":6},"end":{"line":69,"column":7}},"type":"if","locations":[{"start":{"line":67,"column":6},"end":{"line":69,"column":7}},{"start":{},"end":{}}],"line":67},"21":{"loc":{"start":{"line":67,"column":10},"end":{"line":67,"column":62}},"type":"binary-expr","locations":[{"start":{"line":67,"column":10},"end":{"line":67,"column":33}},{"start":{"line":67,"column":37},"end":{"line":67,"column":62}}],"line":67},"22":{"loc":{"start":{"line":70,"column":6},"end":{"line":72,"column":7}},"type":"if","locations":[{"start":{"line":70,"column":6},"end":{"line":72,"column":7}},{"start":{},"end":{}}],"line":70},"23":{"loc":{"start":{"line":70,"column":10},"end":{"line":70,"column":62}},"type":"binary-expr","locations":[{"start":{"line":70,"column":10},"end":{"line":70,"column":33}},{"start":{"line":70,"column":37},"end":{"line":70,"column":62}}],"line":70},"24":{"loc":{"start":{"line":73,"column":6},"end":{"line":75,"column":7}},"type":"if","locations":[{"start":{"line":73,"column":6},"end":{"line":75,"column":7}},{"start":{},"end":{}}],"line":73},"25":{"loc":{"start":{"line":73,"column":10},"end":{"line":73,"column":64}},"type":"binary-expr","locations":[{"start":{"line":73,"column":10},"end":{"line":73,"column":34}},{"start":{"line":73,"column":38},"end":{"line":73,"column":64}}],"line":73},"26":{"loc":{"start":{"line":78,"column":4},"end":{"line":83,"column":5}},"type":"if","locations":[{"start":{"line":78,"column":4},"end":{"line":83,"column":5}},{"start":{},"end":{}}],"line":78}},"s":{"0":1,"1":2,"2":2,"3":4,"4":4,"5":1,"6":1,"7":3,"8":2,"9":1,"10":0,"11":0,"12":0,"13":0,"14":0,"15":0,"16":0,"17":1,"18":1,"19":0,"20":1,"21":0,"22":2,"23":1,"24":1,"25":3,"26":3,"27":3,"28":3,"29":5,"30":5,"31":0,"32":0,"33":5,"34":0,"35":5,"36":0,"37":5,"38":0,"39":5,"40":0,"41":3,"42":0,"43":3,"44":5,"45":5,"46":1},"f":{"0":1,"1":2,"2":3,"3":3,"4":5,"5":5},"b":{"0":[1,3],"1":[4,2,1],"2":[2,1],"3":[0,1],"4":[0,0],"5":[0,0],"6":[0,0],"7":[0,0],"8":[0,0],"9":[1,0],"10":[0,1],"11":[1,1],"12":[0,1],"13":[1,1],"14":[1,1],"15":[3,0],"16":[0,5],"17":[5,5,5,5],"18":[0,5],"19":[5,5],"20":[0,5],"21":[5,2],"22":[0,5],"23":[5,0],"24":[0,5],"25":[5,0],"26":[0,3]},"_coverageSchema":"1a1c01bbd47fc00a2c39e90264f33305004495a9","hash":"40a777bbf3132bee310ac5bbb9cedb78f341db28"}
,"D:\\dev\\razac_tookan\\razac_tookan\\src\\utils\\geo.js": {"path":"D:\\dev\\razac_tookan\\razac_tookan\\src\\utils\\geo.js","statementMap":{"0":{"start":{"line":4,"column":24},"end":{"line":4,"column":28}},"1":{"start":{"line":11,"column":16},"end":{"line":11,"column":46}},"2":{"start":{"line":11,"column":25},"end":{"line":11,"column":46}},"3":{"start":{"line":12,"column":15},"end":{"line":12,"column":33}},"4":{"start":{"line":13,"column":15},"end":{"line":13,"column":33}},"5":{"start":{"line":15,"column":4},"end":{"line":16,"column":75}},"6":{"start":{"line":17,"column":2},"end":{"line":17,"column":74}},"7":{"start":{"line":28,"column":15},"end":{"line":28,"column":20}},"8":{"start":{"line":29,"column":2},"end":{"line":36,"column":3}},"9":{"start":{"line":29,"column":15},"end":{"line":29,"column":16}},"10":{"start":{"line":29,"column":22},"end":{"line":29,"column":40}},"11":{"start":{"line":30,"column":15},"end":{"line":30,"column":29}},"12":{"start":{"line":30,"column":36},"end":{"line":30,"column":50}},"13":{"start":{"line":31,"column":15},"end":{"line":31,"column":29}},"14":{"start":{"line":31,"column":36},"end":{"line":31,"column":50}},"15":{"start":{"line":33,"column":6},"end":{"line":34,"column":53}},"16":{"start":{"line":35,"column":4},"end":{"line":35,"column":36}},"17":{"start":{"line":35,"column":19},"end":{"line":35,"column":36}},"18":{"start":{"line":37,"column":2},"end":{"line":37,"column":16}},"19":{"start":{"line":41,"column":2},"end":{"line":41,"column":60}},"20":{"start":{"line":45,"column":2},"end":{"line":45,"column":62}},"21":{"start":{"line":48,"column":0},"end":{"line":48,"column":92}}},"fnMap":{"0":{"name":"haversineDistance","decl":{"start":{"line":10,"column":9},"end":{"line":10,"column":26}},"loc":{"start":{"line":10,"column":51},"end":{"line":18,"column":1}},"line":10},"1":{"name":"(anonymous_1)","decl":{"start":{"line":11,"column":16},"end":{"line":11,"column":17}},"loc":{"start":{"line":11,"column":25},"end":{"line":11,"column":46}},"line":11},"2":{"name":"isPointInPolygon","decl":{"start":{"line":27,"column":9},"end":{"line":27,"column":25}},"loc":{"start":{"line":27,"column":45},"end":{"line":38,"column":1}},"line":27},"3":{"name":"isValidLatitude","decl":{"start":{"line":40,"column":9},"end":{"line":40,"column":24}},"loc":{"start":{"line":40,"column":30},"end":{"line":42,"column":1}},"line":40},"4":{"name":"isValidLongitude","decl":{"start":{"line":44,"column":9},"end":{"line":44,"column":25}},"loc":{"start":{"line":44,"column":31},"end":{"line":46,"column":1}},"line":44}},"branchMap":{"0":{"loc":{"start":{"line":33,"column":6},"end":{"line":34,"column":53}},"type":"binary-expr","locations":[{"start":{"line":33,"column":6},"end":{"line":33,"column":27}},{"start":{"line":34,"column":6},"end":{"line":34,"column":53}}],"line":33},"1":{"loc":{"start":{"line":35,"column":4},"end":{"line":35,"column":36}},"type":"if","locations":[{"start":{"line":35,"column":4},"end":{"line":35,"column":36}},{"start":{},"end":{}}],"line":35},"2":{"loc":{"start":{"line":41,"column":9},"end":{"line":41,"column":59}},"type":"binary-expr","locations":[{"start":{"line":41,"column":9},"end":{"line":41,"column":32}},{"start":{"line":41,"column":36},"end":{"line":41,"column":46}},{"start":{"line":41,"column":50},"end":{"line":41,"column":59}}],"line":41},"3":{"loc":{"start":{"line":45,"column":9},"end":{"line":45,"column":61}},"type":"binary-expr","locations":[{"start":{"line":45,"column":9},"end":{"line":45,"column":32}},{"start":{"line":45,"column":36},"end":{"line":45,"column":47}},{"start":{"line":45,"column":51},"end":{"line":45,"column":61}}],"line":45}},"s":{"0":3,"1":13,"2":52,"3":13,"4":13,"5":13,"6":13,"7":0,"8":0,"9":0,"10":0,"11":0,"12":0,"13":0,"14":0,"15":0,"16":0,"17":0,"18":0,"19":0,"20":0,"21":3},"f":{"0":13,"1":52,"2":0,"3":0,"4":0},"b":{"0":[0,0],"1":[0,0],"2":[0,0,0],"3":[0,0,0]},"_coverageSchema":"1a1c01bbd47fc00a2c39e90264f33305004495a9","hash":"9105da2a77593bc6db840d03e7ef670aaa067b10"}
,"D:\\dev\\razac_tookan\\razac_tookan\\src\\utils\\response.js": {"path":"D:\\dev\\razac_tookan\\razac_tookan\\src\\utils\\response.js","statementMap":{"0":{"start":{"line":5,"column":2},"end":{"line":5,"column":42}},"1":{"start":{"line":9,"column":14},"end":{"line":9,"column":58}},"2":{"start":{"line":10,"column":2},"end":{"line":10,"column":43}},"3":{"start":{"line":10,"column":15},"end":{"line":10,"column":43}},"4":{"start":{"line":11,"column":2},"end":{"line":11,"column":13}},"5":{"start":{"line":14,"column":0},"end":{"line":14,"column":36}}},"fnMap":{"0":{"name":"success","decl":{"start":{"line":4,"column":9},"end":{"line":4,"column":16}},"loc":{"start":{"line":4,"column":34},"end":{"line":6,"column":1}},"line":4},"1":{"name":"error","decl":{"start":{"line":8,"column":9},"end":{"line":8,"column":14}},"loc":{"start":{"line":8,"column":64},"end":{"line":12,"column":1}},"line":8}},"branchMap":{"0":{"loc":{"start":{"line":4,"column":23},"end":{"line":4,"column":32}},"type":"default-arg","locations":[{"start":{"line":4,"column":30},"end":{"line":4,"column":32}}],"line":4},"1":{"loc":{"start":{"line":8,"column":24},"end":{"line":8,"column":46}},"type":"default-arg","locations":[{"start":{"line":8,"column":31},"end":{"line":8,"column":46}}],"line":8},"2":{"loc":{"start":{"line":8,"column":48},"end":{"line":8,"column":62}},"type":"default-arg","locations":[{"start":{"line":8,"column":58},"end":{"line":8,"column":62}}],"line":8},"3":{"loc":{"start":{"line":10,"column":2},"end":{"line":10,"column":43}},"type":"if","locations":[{"start":{"line":10,"column":2},"end":{"line":10,"column":43}},{"start":{},"end":{}}],"line":10}},"s":{"0":14,"1":2,"2":2,"3":1,"4":2,"5":1},"f":{"0":14,"1":2},"b":{"0":[14],"1":[0],"2":[1],"3":[1,1]},"_coverageSchema":"1a1c01bbd47fc00a2c39e90264f33305004495a9","hash":"42e26f8602e38cd2d181d34aa24ccd0aad1d6b00"}
}
