TN:
SF:src\app.js
FN:22,(anonymous_0)
FN:24,(anonymous_1)
FN:32,(anonymous_2)
FN:48,(anonymous_3)
FN:56,(anonymous_4)
FNF:5
FNH:2
FNDA:0,(anonymous_0)
FNDA:0,(anonymous_1)
FNDA:1,(anonymous_2)
FNDA:1,(anonymous_3)
FNDA:0,(anonymous_4)
DA:4,1
DA:5,1
DA:6,1
DA:7,1
DA:8,1
DA:10,1
DA:12,1
DA:13,0
DA:17,1
DA:18,1
DA:21,1
DA:22,0
DA:23,0
DA:24,0
DA:25,0
DA:27,0
DA:32,1
DA:33,1
DA:44,1
DA:45,1
DA:48,1
DA:49,1
DA:56,1
DA:57,0
DA:58,0
DA:64,1
LF:26
LH:18
BRDA:12,0,0,0
BRDA:12,0,1,1
BRDA:21,1,0,0
BRDA:21,1,1,1
BRF:4
BRH:2
end_of_record
TN:
SF:src\server.js
FN:8,(anonymous_0)
FNF:1
FNH:0
FNDA:0,(anonymous_0)
DA:4,0
DA:5,0
DA:6,0
DA:8,0
DA:9,0
LF:5
LH:0
BRF:0
BRH:0
end_of_record
TN:
SF:src\address\controllers\addressController.js
FN:11,(anonymous_0)
FN:36,(anonymous_1)
FN:64,(anonymous_2)
FN:86,(anonymous_3)
FN:108,(anonymous_4)
FNF:5
FNH:5
FNDA:1,(anonymous_0)
FNDA:2,(anonymous_1)
FNDA:1,(anonymous_2)
FNDA:1,(anonymous_3)
FNDA:1,(anonymous_4)
DA:4,1
DA:5,1
DA:7,1
DA:12,1
DA:13,1
DA:15,1
DA:16,1
DA:17,1
DA:18,1
DA:19,1
DA:20,0
DA:23,1
DA:24,1
DA:26,1
DA:28,0
DA:29,0
DA:37,2
DA:38,2
DA:40,2
DA:41,0
DA:44,2
DA:45,2
DA:48,2
DA:49,2
DA:50,1
DA:53,2
DA:55,0
DA:56,0
DA:65,1
DA:66,1
DA:68,1
DA:69,0
DA:72,1
DA:73,1
DA:75,1
DA:77,0
DA:78,0
DA:87,1
DA:88,1
DA:90,1
DA:91,0
DA:94,1
DA:95,1
DA:97,1
DA:99,0
DA:100,0
DA:109,1
DA:110,1
DA:112,1
DA:113,0
DA:115,1
DA:116,0
DA:119,1
DA:120,1
DA:122,1
DA:124,0
DA:125,0
DA:130,1
LF:58
LH:42
BRDA:16,0,0,0
BRDA:16,0,1,1
BRDA:17,1,0,0
BRDA:17,1,1,1
BRDA:18,2,0,0
BRDA:18,2,1,1
BRDA:19,3,0,0
BRDA:19,3,1,1
BRDA:19,4,0,1
BRDA:19,4,1,0
BRDA:40,5,0,0
BRDA:40,5,1,2
BRDA:49,6,0,1
BRDA:49,6,1,1
BRDA:49,7,0,2
BRDA:49,7,1,1
BRDA:68,8,0,0
BRDA:68,8,1,1
BRDA:90,9,0,0
BRDA:90,9,1,1
BRDA:90,10,0,1
BRDA:90,10,1,1
BRDA:112,11,0,0
BRDA:112,11,1,1
BRDA:115,12,0,0
BRDA:115,12,1,1
BRF:26
BRH:16
end_of_record
TN:
SF:src\address\providers\index.js
FN:11,getAddressProvider
FNF:1
FNH:1
FNDA:6,getAddressProvider
DA:4,3
DA:5,3
DA:6,3
DA:7,3
DA:9,3
DA:12,6
DA:14,3
DA:16,0
DA:17,0
DA:19,0
DA:20,0
DA:23,3
DA:24,3
DA:27,3
DA:28,3
DA:31,3
LF:16
LH:12
BRDA:12,0,0,3
BRDA:12,0,1,3
BRDA:14,1,0,0
BRDA:14,1,1,0
BRDA:14,1,2,3
BRDA:14,1,3,3
BRF:6
BRH:4
end_of_record
TN:
SF:src\address\providers\base\AddressProvider.js
FN:6,(anonymous_0)
FN:27,(anonymous_1)
FN:50,(anonymous_2)
FN:60,(anonymous_3)
FN:71,(anonymous_4)
FN:80,(anonymous_5)
FNF:6
FNH:1
FNDA:11,(anonymous_0)
FNDA:0,(anonymous_1)
FNDA:0,(anonymous_2)
FNDA:0,(anonymous_3)
FNDA:0,(anonymous_4)
FNDA:0,(anonymous_5)
DA:7,11
DA:8,0
DA:10,11
DA:11,11
DA:28,0
DA:51,0
DA:61,0
DA:72,0
DA:81,0
DA:85,3
LF:10
LH:4
BRDA:6,0,0,0
BRDA:7,1,0,0
BRDA:7,1,1,11
BRDA:27,2,0,0
BRF:4
BRH:1
end_of_record
TN:
SF:src\address\providers\google\GoogleAddressProvider.js
FN:7,(anonymous_0)
FN:18,(anonymous_1)
FN:37,(anonymous_2)
FN:47,(anonymous_3)
FN:65,(anonymous_4)
FN:82,(anonymous_5)
FN:101,(anonymous_6)
FN:103,(anonymous_7)
FN:103,(anonymous_8)
FNF:9
FNH:0
FNDA:0,(anonymous_0)
FNDA:0,(anonymous_1)
FNDA:0,(anonymous_2)
FNDA:0,(anonymous_3)
FNDA:0,(anonymous_4)
FNDA:0,(anonymous_5)
FNDA:0,(anonymous_6)
FNDA:0,(anonymous_7)
FNDA:0,(anonymous_8)
DA:4,3
DA:8,0
DA:9,0
DA:10,0
DA:11,0
DA:13,0
DA:14,0
DA:19,0
DA:21,0
DA:27,0
DA:29,0
DA:30,0
DA:31,0
DA:33,0
DA:34,0
DA:37,0
DA:44,0
DA:48,0
DA:54,0
DA:55,0
DA:56,0
DA:58,0
DA:59,0
DA:62,0
DA:66,0
DA:71,0
DA:72,0
DA:73,0
DA:75,0
DA:76,0
DA:79,0
DA:83,0
DA:84,0
DA:85,0
DA:86,0
DA:87,0
DA:88,0
DA:90,0
DA:91,0
DA:94,0
DA:95,0
DA:98,0
DA:102,0
DA:103,0
DA:105,0
DA:106,0
DA:107,0
DA:109,0
DA:129,3
LF:49
LH:2
BRDA:13,0,0,0
BRDA:13,0,1,0
BRDA:18,1,0,0
BRDA:19,2,0,0
BRDA:19,3,0,0
BRDA:27,4,0,0
BRDA:27,4,1,0
BRDA:33,5,0,0
BRDA:33,5,1,0
BRDA:33,6,0,0
BRDA:33,6,1,0
BRDA:34,7,0,0
BRDA:34,7,1,0
BRDA:37,8,0,0
BRDA:37,8,1,0
BRDA:40,9,0,0
BRDA:40,9,1,0
BRDA:41,10,0,0
BRDA:41,10,1,0
BRDA:58,11,0,0
BRDA:58,11,1,0
BRDA:68,12,0,0
BRDA:68,12,1,0
BRDA:75,13,0,0
BRDA:75,13,1,0
BRDA:75,14,0,0
BRDA:75,14,1,0
BRDA:84,15,0,0
BRDA:84,15,1,0
BRDA:85,16,0,0
BRDA:85,16,1,0
BRDA:86,17,0,0
BRDA:86,17,1,0
BRDA:87,18,0,0
BRDA:87,18,1,0
BRDA:88,19,0,0
BRDA:88,19,1,0
BRDA:90,20,0,0
BRDA:90,20,1,0
BRDA:90,21,0,0
BRDA:90,21,1,0
BRDA:94,22,0,0
BRDA:94,22,1,0
BRDA:102,23,0,0
BRDA:102,23,1,0
BRDA:105,24,0,0
BRDA:105,24,1,0
BRDA:106,25,0,0
BRDA:106,25,1,0
BRDA:107,26,0,0
BRDA:107,26,1,0
BRDA:111,27,0,0
BRDA:111,27,1,0
BRDA:115,28,0,0
BRDA:115,28,1,0
BRDA:115,28,2,0
BRDA:115,28,3,0
BRDA:119,29,0,0
BRDA:119,29,1,0
BRDA:120,30,0,0
BRDA:120,30,1,0
BRDA:121,31,0,0
BRDA:121,31,1,0
BRDA:122,32,0,0
BRDA:122,32,1,0
BRDA:123,33,0,0
BRDA:123,33,1,0
BRF:67
BRH:0
end_of_record
TN:
SF:src\address\providers\mapbox\MapboxAddressProvider.js
FN:7,(anonymous_0)
FN:17,(anonymous_1)
FN:40,(anonymous_2)
FN:50,(anonymous_3)
FN:69,(anonymous_4)
FN:87,(anonymous_5)
FN:104,(anonymous_6)
FN:106,(anonymous_7)
FN:106,(anonymous_8)
FNF:9
FNH:0
FNDA:0,(anonymous_0)
FNDA:0,(anonymous_1)
FNDA:0,(anonymous_2)
FNDA:0,(anonymous_3)
FNDA:0,(anonymous_4)
FNDA:0,(anonymous_5)
FNDA:0,(anonymous_6)
FNDA:0,(anonymous_7)
FNDA:0,(anonymous_8)
DA:4,3
DA:8,0
DA:9,0
DA:10,0
DA:12,0
DA:13,0
DA:18,0
DA:20,0
DA:28,0
DA:29,0
DA:32,0
DA:33,0
DA:34,0
DA:36,0
DA:37,0
DA:40,0
DA:47,0
DA:53,0
DA:58,0
DA:59,0
DA:60,0
DA:62,0
DA:63,0
DA:66,0
DA:70,0
DA:76,0
DA:77,0
DA:78,0
DA:80,0
DA:81,0
DA:84,0
DA:88,0
DA:89,0
DA:90,0
DA:91,0
DA:93,0
DA:94,0
DA:97,0
DA:98,0
DA:101,0
DA:105,0
DA:106,0
DA:108,0
DA:124,3
LF:44
LH:2
BRDA:12,0,0,0
BRDA:12,0,1,0
BRDA:17,1,0,0
BRDA:18,2,0,0
BRDA:18,3,0,0
BRDA:28,4,0,0
BRDA:28,4,1,0
BRDA:28,5,0,0
BRDA:28,5,1,0
BRDA:36,6,0,0
BRDA:36,6,1,0
BRDA:37,7,0,0
BRDA:37,7,1,0
BRDA:43,8,0,0
BRDA:43,8,1,0
BRDA:62,9,0,0
BRDA:62,9,1,0
BRDA:80,10,0,0
BRDA:80,10,1,0
BRDA:89,11,0,0
BRDA:89,11,1,0
BRDA:90,12,0,0
BRDA:90,12,1,0
BRDA:91,13,0,0
BRDA:91,13,1,0
BRDA:93,14,0,0
BRDA:93,14,1,0
BRDA:93,15,0,0
BRDA:93,15,1,0
BRDA:97,16,0,0
BRDA:97,16,1,0
BRDA:105,17,0,0
BRDA:105,17,1,0
BRDA:110,18,0,0
BRDA:110,18,1,0
BRDA:113,19,0,0
BRDA:113,19,1,0
BRDA:114,20,0,0
BRDA:114,20,1,0
BRDA:114,20,2,0
BRDA:115,21,0,0
BRDA:115,21,1,0
BRDA:116,22,0,0
BRDA:116,22,1,0
BRDA:117,23,0,0
BRDA:117,23,1,0
BRDA:118,24,0,0
BRDA:118,24,1,0
BRF:48
BRH:0
end_of_record
TN:
SF:src\address\providers\mock\MockAddressProvider.js
FN:20,(anonymous_0)
FN:26,(anonymous_1)
FN:27,(anonymous_2)
FN:30,(anonymous_3)
FN:37,(anonymous_4)
FN:45,(anonymous_5)
FN:54,(anonymous_6)
FN:56,(anonymous_7)
FN:61,(anonymous_8)
FN:73,(anonymous_9)
FN:86,(anonymous_10)
FNF:11
FNH:11
FNDA:11,(anonymous_0)
FNDA:9,(anonymous_1)
FNDA:9,(anonymous_2)
FNDA:3,(anonymous_3)
FNDA:30,(anonymous_4)
FNDA:2,(anonymous_5)
FNDA:4,(anonymous_6)
FNDA:13,(anonymous_7)
FNDA:2,(anonymous_8)
FNDA:15,(anonymous_9)
FNDA:5,(anonymous_10)
DA:4,3
DA:6,3
DA:21,11
DA:22,11
DA:23,11
DA:27,9
DA:31,3
DA:32,3
DA:33,3
DA:35,3
DA:38,30
DA:44,3
DA:45,2
DA:55,4
DA:56,13
DA:57,4
DA:58,3
DA:62,2
DA:64,2
DA:65,2
DA:66,2
DA:67,20
DA:68,20
DA:70,2
DA:74,15
DA:75,14
DA:76,14
DA:77,14
DA:78,14
DA:79,14
DA:80,3
DA:81,11
DA:82,0
DA:83,11
DA:87,5
DA:103,3
LF:36
LH:35
BRDA:30,0,0,1
BRDA:32,1,0,1
BRDA:38,2,0,30
BRDA:38,2,1,28
BRDA:38,2,2,28
BRDA:47,3,0,2
BRDA:47,3,1,2
BRDA:57,4,0,1
BRDA:57,4,1,3
BRDA:68,5,0,2
BRDA:68,5,1,18
BRDA:74,6,0,1
BRDA:74,6,1,14
BRDA:76,7,0,2
BRDA:76,7,1,12
BRDA:77,8,0,1
BRDA:77,8,1,13
BRDA:78,9,0,1
BRDA:78,9,1,13
BRDA:79,10,0,3
BRDA:79,10,1,11
BRDA:79,11,0,14
BRDA:79,11,1,11
BRDA:81,12,0,0
BRDA:81,12,1,11
BRDA:89,13,0,5
BRDA:89,13,1,5
BRDA:95,14,0,5
BRDA:95,14,1,5
BRF:29
BRH:28
end_of_record
TN:
SF:src\address\routes\addressRoutes.js
FNF:0
FNH:0
DA:4,1
DA:5,1
DA:6,1
DA:7,1
DA:8,1
DA:9,1
DA:12,1
DA:26,1
DA:32,1
DA:41,1
DA:51,1
DA:60,1
LF:12
LH:12
BRF:0
BRH:0
end_of_record
TN:
SF:src\address\services\addressService.js
FN:9,(anonymous_0)
FN:16,(anonymous_1)
FN:31,(anonymous_2)
FN:38,(anonymous_3)
FN:45,(anonymous_4)
FN:55,(anonymous_5)
FN:141,getAddressService
FNF:7
FNH:7
FNDA:6,(anonymous_0)
FNDA:1,(anonymous_1)
FNDA:2,(anonymous_2)
FNDA:1,(anonymous_3)
FNDA:12,(anonymous_4)
FNDA:15,(anonymous_5)
FNDA:17,getAddressService
DA:4,3
DA:5,3
DA:6,3
DA:10,6
DA:17,1
DA:24,1
DA:25,1
DA:32,2
DA:39,1
DA:46,12
DA:56,15
DA:58,15
DA:59,0
DA:68,15
DA:69,1
DA:78,14
DA:79,1
DA:89,13
DA:90,13
DA:96,13
DA:97,13
DA:99,13
DA:111,0
DA:112,0
DA:113,0
DA:120,0
DA:129,0
DA:140,3
DA:142,17
DA:143,17
DA:146,3
LF:31
LH:25
BRDA:16,0,0,0
BRDA:18,1,0,1
BRDA:18,1,1,1
BRDA:19,2,0,1
BRDA:19,2,1,1
BRDA:20,3,0,1
BRDA:20,3,1,1
BRDA:21,4,0,1
BRDA:21,4,1,1
BRDA:58,5,0,0
BRDA:58,5,1,15
BRDA:64,6,0,0
BRDA:64,6,1,0
BRDA:68,7,0,1
BRDA:68,7,1,14
BRDA:68,8,0,15
BRDA:68,8,1,14
BRDA:74,9,0,1
BRDA:74,9,1,0
BRDA:78,10,0,1
BRDA:78,10,1,13
BRDA:78,11,0,14
BRDA:78,11,1,13
BRDA:84,12,0,1
BRDA:84,12,1,1
BRDA:89,13,0,13
BRDA:89,13,1,0
BRDA:96,14,0,13
BRDA:96,14,1,0
BRDA:101,15,0,9
BRDA:101,15,1,4
BRDA:106,16,0,13
BRDA:106,16,1,0
BRDA:111,17,0,0
BRDA:111,17,1,0
BRDA:111,18,0,0
BRDA:111,18,1,0
BRDA:122,19,0,0
BRDA:122,19,1,0
BRDA:125,20,0,0
BRDA:125,20,1,0
BRDA:134,21,0,0
BRDA:134,21,1,0
BRDA:142,22,0,2
BRDA:142,22,1,15
BRF:45
BRH:27
end_of_record
TN:
SF:src\config\index.js
FNF:0
FNH:0
DA:4,3
DA:57,3
LF:2
LH:2
BRDA:5,0,0,3
BRDA:5,0,1,3
BRDA:6,1,0,3
BRDA:6,1,1,0
BRDA:9,2,0,3
BRDA:9,2,1,0
BRDA:11,3,0,3
BRDA:11,3,1,3
BRDA:12,4,0,3
BRDA:12,4,1,3
BRDA:13,5,0,3
BRDA:13,5,1,3
BRDA:14,6,0,3
BRDA:14,6,1,3
BRDA:17,7,0,3
BRDA:17,7,1,0
BRDA:20,8,0,3
BRDA:20,8,1,3
BRDA:21,9,0,3
BRDA:21,9,1,3
BRDA:24,10,0,3
BRDA:24,10,1,3
BRDA:29,11,0,3
BRDA:29,11,1,1
BRDA:31,12,0,3
BRDA:31,12,1,3
BRDA:32,13,0,3
BRDA:32,13,1,3
BRDA:33,14,0,3
BRDA:33,14,1,0
BRDA:35,15,0,3
BRDA:35,15,1,3
BRDA:36,16,0,3
BRDA:36,16,1,3
BRDA:37,17,0,3
BRDA:37,17,1,0
BRDA:38,18,0,3
BRDA:38,18,1,0
BRDA:39,19,0,3
BRDA:39,19,1,3
BRDA:40,20,0,3
BRDA:40,20,1,3
BRDA:41,21,0,3
BRDA:41,21,1,3
BRDA:47,22,0,3
BRDA:47,22,1,3
BRDA:48,23,0,3
BRDA:48,23,1,3
BRDA:51,24,0,3
BRDA:51,24,1,3
BRDA:52,25,0,3
BRDA:52,25,1,3
BRF:52
BRH:46
end_of_record
TN:
SF:src\delivery\controllers\deliveryController.js
FN:7,stripRawIfNeeded
FN:34,(anonymous_1)
FN:90,(anonymous_2)
FN:128,(anonymous_3)
FN:158,(anonymous_4)
FN:179,(anonymous_5)
FN:199,(anonymous_6)
FN:212,(anonymous_7)
FN:226,(anonymous_8)
FN:243,(anonymous_9)
FN:260,(anonymous_10)
FN:275,(anonymous_11)
FN:288,(anonymous_12)
FN:302,(anonymous_13)
FN:320,(anonymous_14)
FN:335,(anonymous_15)
FN:351,(anonymous_16)
FN:364,(anonymous_17)
FN:377,(anonymous_18)
FN:390,(anonymous_19)
FN:403,(anonymous_20)
FN:416,(anonymous_21)
FN:431,(anonymous_22)
FN:445,(anonymous_23)
FN:458,(anonymous_24)
FN:471,(anonymous_25)
FN:485,(anonymous_26)
FNF:27
FNH:7
FNDA:1,stripRawIfNeeded
FNDA:5,(anonymous_1)
FNDA:0,(anonymous_2)
FNDA:0,(anonymous_3)
FNDA:1,(anonymous_4)
FNDA:1,(anonymous_5)
FNDA:0,(anonymous_6)
FNDA:1,(anonymous_7)
FNDA:2,(anonymous_8)
FNDA:0,(anonymous_9)
FNDA:0,(anonymous_10)
FNDA:0,(anonymous_11)
FNDA:0,(anonymous_12)
FNDA:0,(anonymous_13)
FNDA:0,(anonymous_14)
FNDA:0,(anonymous_15)
FNDA:0,(anonymous_16)
FNDA:0,(anonymous_17)
FNDA:0,(anonymous_18)
FNDA:0,(anonymous_19)
FNDA:0,(anonymous_20)
FNDA:0,(anonymous_21)
FNDA:0,(anonymous_22)
FNDA:0,(anonymous_23)
FNDA:0,(anonymous_24)
FNDA:0,(anonymous_25)
FNDA:1,(anonymous_26)
DA:4,1
DA:5,1
DA:8,1
DA:9,1
DA:10,1
DA:11,1
DA:12,1
DA:14,0
DA:17,1
DA:35,5
DA:36,5
DA:38,5
DA:39,0
DA:41,5
DA:42,0
DA:44,5
DA:45,0
DA:48,5
DA:49,5
DA:56,5
DA:57,5
DA:59,5
DA:60,2
DA:74,3
DA:75,3
DA:76,3
DA:79,3
DA:81,0
DA:82,0
DA:91,0
DA:92,0
DA:94,0
DA:95,0
DA:98,0
DA:99,0
DA:106,0
DA:107,0
DA:109,0
DA:110,0
DA:117,0
DA:119,0
DA:120,0
DA:129,0
DA:130,0
DA:132,0
DA:133,0
DA:136,0
DA:137,0
DA:138,0
DA:140,0
DA:141,0
DA:147,0
DA:149,0
DA:150,0
DA:159,1
DA:160,1
DA:161,1
DA:162,0
DA:165,1
DA:166,1
DA:168,1
DA:170,0
DA:171,0
DA:180,1
DA:181,1
DA:182,1
DA:183,0
DA:186,1
DA:187,1
DA:189,1
DA:191,0
DA:192,0
DA:200,0
DA:201,0
DA:202,0
DA:204,0
DA:205,0
DA:213,1
DA:214,1
DA:215,1
DA:217,0
DA:218,0
DA:227,2
DA:228,2
DA:229,2
DA:230,1
DA:232,1
DA:233,1
DA:235,0
DA:236,0
DA:244,0
DA:245,0
DA:246,0
DA:247,0
DA:249,0
DA:250,0
DA:252,0
DA:253,0
DA:261,0
DA:262,0
DA:263,0
DA:264,0
DA:265,0
DA:267,0
DA:268,0
DA:276,0
DA:277,0
DA:278,0
DA:280,0
DA:281,0
DA:289,0
DA:290,0
DA:291,0
DA:292,0
DA:294,0
DA:295,0
DA:303,0
DA:304,0
DA:305,0
DA:306,0
DA:307,0
DA:309,0
DA:310,0
DA:312,0
DA:313,0
DA:321,0
DA:322,0
DA:323,0
DA:324,0
DA:325,0
DA:327,0
DA:328,0
DA:336,0
DA:337,0
DA:338,0
DA:339,0
DA:341,0
DA:342,0
DA:352,0
DA:353,0
DA:354,0
DA:356,0
DA:357,0
DA:365,0
DA:366,0
DA:367,0
DA:369,0
DA:370,0
DA:378,0
DA:379,0
DA:380,0
DA:382,0
DA:383,0
DA:391,0
DA:392,0
DA:393,0
DA:395,0
DA:396,0
DA:404,0
DA:405,0
DA:406,0
DA:408,0
DA:409,0
DA:417,0
DA:418,0
DA:419,0
DA:420,0
DA:421,0
DA:423,0
DA:424,0
DA:432,0
DA:433,0
DA:434,0
DA:435,0
DA:437,0
DA:438,0
DA:446,0
DA:447,0
DA:448,0
DA:450,0
DA:451,0
DA:459,0
DA:460,0
DA:461,0
DA:463,0
DA:464,0
DA:472,0
DA:473,0
DA:474,0
DA:476,0
DA:477,0
DA:486,1
DA:487,1
DA:488,1
DA:489,1
DA:491,1
DA:496,0
DA:497,0
DA:502,1
LF:199
LH:50
BRDA:8,0,0,0
BRDA:8,0,1,1
BRDA:8,1,0,1
BRDA:8,1,1,1
BRDA:10,2,0,1
BRDA:10,2,1,0
BRDA:10,3,0,1
BRDA:10,3,1,1
BRDA:38,4,0,0
BRDA:38,4,1,5
BRDA:41,5,0,0
BRDA:41,5,1,5
BRDA:41,6,0,5
BRDA:41,6,1,0
BRDA:44,7,0,0
BRDA:44,7,1,5
BRDA:50,8,0,5
BRDA:50,8,1,5
BRDA:51,9,0,5
BRDA:51,9,1,5
BRDA:52,10,0,5
BRDA:52,10,1,5
BRDA:53,11,0,5
BRDA:53,11,1,0
BRDA:59,12,0,2
BRDA:59,12,1,3
BRDA:75,13,0,3
BRDA:75,13,1,0
BRDA:75,14,0,3
BRDA:75,14,1,3
BRDA:94,15,0,0
BRDA:94,15,1,0
BRDA:100,16,0,0
BRDA:100,16,1,0
BRDA:101,17,0,0
BRDA:101,17,1,0
BRDA:102,18,0,0
BRDA:102,18,1,0
BRDA:103,19,0,0
BRDA:103,19,1,0
BRDA:109,20,0,0
BRDA:109,20,1,0
BRDA:132,21,0,0
BRDA:132,21,1,0
BRDA:140,22,0,0
BRDA:140,22,1,0
BRDA:161,23,0,0
BRDA:161,23,1,1
BRDA:182,24,0,0
BRDA:182,24,1,1
BRDA:201,25,0,0
BRDA:201,25,1,0
BRDA:205,26,0,0
BRDA:205,26,1,0
BRDA:214,27,0,1
BRDA:214,27,1,0
BRDA:218,28,0,0
BRDA:218,28,1,0
BRDA:228,29,0,2
BRDA:228,29,1,0
BRDA:229,30,0,1
BRDA:229,30,1,1
BRDA:229,31,0,2
BRDA:229,31,1,1
BRDA:229,31,2,1
BRDA:236,32,0,0
BRDA:236,32,1,0
BRDA:245,33,0,0
BRDA:245,33,1,0
BRDA:246,34,0,0
BRDA:246,34,1,0
BRDA:246,35,0,0
BRDA:246,35,1,0
BRDA:246,35,2,0
BRDA:253,36,0,0
BRDA:253,36,1,0
BRDA:263,37,0,0
BRDA:263,37,1,0
BRDA:268,38,0,0
BRDA:268,38,1,0
BRDA:277,39,0,0
BRDA:277,39,1,0
BRDA:281,40,0,0
BRDA:281,40,1,0
BRDA:295,41,0,0
BRDA:295,41,1,0
BRDA:305,42,0,0
BRDA:305,42,1,0
BRDA:306,43,0,0
BRDA:306,43,1,0
BRDA:306,44,0,0
BRDA:306,44,1,0
BRDA:306,44,2,0
BRDA:313,45,0,0
BRDA:313,45,1,0
BRDA:323,46,0,0
BRDA:323,46,1,0
BRDA:328,47,0,0
BRDA:328,47,1,0
BRDA:342,48,0,0
BRDA:342,48,1,0
BRDA:353,49,0,0
BRDA:353,49,1,0
BRDA:357,50,0,0
BRDA:357,50,1,0
BRDA:366,51,0,0
BRDA:366,51,1,0
BRDA:370,52,0,0
BRDA:370,52,1,0
BRDA:379,53,0,0
BRDA:379,53,1,0
BRDA:383,54,0,0
BRDA:383,54,1,0
BRDA:392,55,0,0
BRDA:392,55,1,0
BRDA:396,56,0,0
BRDA:396,56,1,0
BRDA:405,57,0,0
BRDA:405,57,1,0
BRDA:409,58,0,0
BRDA:409,58,1,0
BRDA:419,59,0,0
BRDA:419,59,1,0
BRDA:424,60,0,0
BRDA:424,60,1,0
BRDA:438,61,0,0
BRDA:438,61,1,0
BRDA:447,62,0,0
BRDA:447,62,1,0
BRDA:451,63,0,0
BRDA:451,63,1,0
BRDA:460,64,0,0
BRDA:460,64,1,0
BRDA:464,65,0,0
BRDA:464,65,1,0
BRDA:473,66,0,0
BRDA:473,66,1,0
BRDA:477,67,0,0
BRDA:477,67,1,0
BRF:139
BRH:31
end_of_record
TN:
SF:src\delivery\providers\index.js
FN:10,getDeliveryProvider
FNF:1
FNH:1
FNDA:11,getDeliveryProvider
DA:4,2
DA:5,2
DA:6,2
DA:8,2
DA:11,11
DA:13,2
DA:15,0
DA:16,0
DA:19,2
DA:20,2
DA:23,2
DA:24,2
DA:27,2
LF:13
LH:11
BRDA:11,0,0,9
BRDA:11,0,1,2
BRDA:13,1,0,0
BRDA:13,1,1,2
BRDA:13,1,2,2
BRF:5
BRH:4
end_of_record
TN:
SF:src\delivery\providers\base\DeliveryProvider.js
FN:5,(anonymous_0)
FN:18,(anonymous_1)
FN:27,(anonymous_2)
FN:36,(anonymous_3)
FN:45,(anonymous_4)
FN:54,(anonymous_5)
FN:63,(anonymous_6)
FN:69,(anonymous_7)
FN:73,(anonymous_8)
FN:77,(anonymous_9)
FN:81,(anonymous_10)
FN:85,(anonymous_11)
FN:89,(anonymous_12)
FN:93,(anonymous_13)
FN:97,(anonymous_14)
FN:101,(anonymous_15)
FN:105,(anonymous_16)
FN:109,(anonymous_17)
FN:113,(anonymous_18)
FN:117,(anonymous_19)
FN:121,(anonymous_20)
FN:125,(anonymous_21)
FN:129,(anonymous_22)
FN:133,(anonymous_23)
FN:137,(anonymous_24)
FN:141,(anonymous_25)
FN:145,(anonymous_26)
FNF:27
FNH:1
FNDA:3,(anonymous_0)
FNDA:0,(anonymous_1)
FNDA:0,(anonymous_2)
FNDA:0,(anonymous_3)
FNDA:0,(anonymous_4)
FNDA:0,(anonymous_5)
FNDA:0,(anonymous_6)
FNDA:0,(anonymous_7)
FNDA:0,(anonymous_8)
FNDA:0,(anonymous_9)
FNDA:0,(anonymous_10)
FNDA:0,(anonymous_11)
FNDA:0,(anonymous_12)
FNDA:0,(anonymous_13)
FNDA:0,(anonymous_14)
FNDA:0,(anonymous_15)
FNDA:0,(anonymous_16)
FNDA:0,(anonymous_17)
FNDA:0,(anonymous_18)
FNDA:0,(anonymous_19)
FNDA:0,(anonymous_20)
FNDA:0,(anonymous_21)
FNDA:0,(anonymous_22)
FNDA:0,(anonymous_23)
FNDA:0,(anonymous_24)
FNDA:0,(anonymous_25)
FNDA:0,(anonymous_26)
DA:6,3
DA:7,0
DA:9,3
DA:10,3
DA:19,0
DA:28,0
DA:37,0
DA:46,0
DA:55,0
DA:64,0
DA:70,0
DA:74,0
DA:78,0
DA:82,0
DA:86,0
DA:90,0
DA:94,0
DA:98,0
DA:102,0
DA:106,0
DA:110,0
DA:114,0
DA:118,0
DA:122,0
DA:126,0
DA:130,0
DA:134,0
DA:138,0
DA:142,0
DA:146,0
DA:150,2
LF:31
LH:4
BRDA:5,0,0,0
BRDA:6,1,0,0
BRDA:6,1,1,3
BRF:3
BRH:1
end_of_record
TN:
SF:src\delivery\providers\mock\MockDeliveryProvider.js
FN:9,(anonymous_0)
FN:15,(anonymous_1)
FN:38,(anonymous_2)
FN:45,(anonymous_3)
FN:52,(anonymous_4)
FN:58,(anonymous_5)
FN:64,(anonymous_6)
FN:79,(anonymous_7)
FN:83,(anonymous_8)
FN:92,(anonymous_9)
FN:100,(anonymous_10)
FN:103,(anonymous_11)
FN:115,(anonymous_12)
FN:118,(anonymous_13)
FN:126,(anonymous_14)
FN:130,(anonymous_15)
FN:134,(anonymous_16)
FN:138,(anonymous_17)
FN:142,(anonymous_18)
FN:146,(anonymous_19)
FN:150,(anonymous_20)
FN:154,(anonymous_21)
FN:158,(anonymous_22)
FN:162,(anonymous_23)
FN:166,(anonymous_24)
FN:172,(anonymous_25)
FN:176,(anonymous_26)
FN:180,(anonymous_27)
FN:184,(anonymous_28)
FN:188,(anonymous_29)
FNF:30
FNH:9
FNDA:2,(anonymous_0)
FNDA:8,(anonymous_1)
FNDA:0,(anonymous_2)
FNDA:0,(anonymous_3)
FNDA:2,(anonymous_4)
FNDA:2,(anonymous_5)
FNDA:10,(anonymous_6)
FNDA:4,(anonymous_7)
FNDA:0,(anonymous_8)
FNDA:2,(anonymous_9)
FNDA:2,(anonymous_10)
FNDA:2,(anonymous_11)
FNDA:0,(anonymous_12)
FNDA:0,(anonymous_13)
FNDA:0,(anonymous_14)
FNDA:0,(anonymous_15)
FNDA:0,(anonymous_16)
FNDA:0,(anonymous_17)
FNDA:0,(anonymous_18)
FNDA:0,(anonymous_19)
FNDA:0,(anonymous_20)
FNDA:0,(anonymous_21)
FNDA:0,(anonymous_22)
FNDA:0,(anonymous_23)
FNDA:0,(anonymous_24)
FNDA:0,(anonymous_25)
FNDA:0,(anonymous_26)
FNDA:0,(anonymous_27)
FNDA:0,(anonymous_28)
FNDA:0,(anonymous_29)
DA:4,2
DA:6,2
DA:10,2
DA:11,2
DA:12,2
DA:16,8
DA:17,8
DA:18,8
DA:19,8
DA:21,8
DA:34,8
DA:35,8
DA:39,0
DA:40,0
DA:41,0
DA:42,0
DA:46,0
DA:47,0
DA:48,0
DA:49,0
DA:53,2
DA:54,2
DA:55,2
DA:59,2
DA:60,2
DA:61,2
DA:65,10
DA:80,4
DA:84,0
DA:93,2
DA:101,2
DA:102,2
DA:103,2
DA:116,0
DA:117,0
DA:118,0
DA:127,0
DA:131,0
DA:135,0
DA:139,0
DA:143,0
DA:147,0
DA:151,0
DA:155,0
DA:159,0
DA:163,0
DA:167,0
DA:173,0
DA:177,0
DA:181,0
DA:185,0
DA:189,0
DA:193,2
LF:53
LH:25
BRDA:54,0,0,0
BRDA:54,0,1,2
BRDA:55,1,0,2
BRDA:55,1,1,0
BRDA:60,2,0,2
BRDA:60,2,1,0
BRDA:66,3,0,10
BRDA:66,3,1,0
BRDA:67,4,0,10
BRDA:67,4,1,0
BRDA:68,5,0,10
BRDA:68,5,1,0
BRDA:69,6,0,10
BRDA:69,6,1,0
BRDA:69,6,2,0
BRDA:72,7,0,10
BRDA:72,7,1,0
BRDA:75,8,0,10
BRDA:75,8,1,1
BRDA:79,9,0,0
BRDA:92,10,0,0
BRDA:95,11,0,2
BRDA:95,11,1,2
BRDA:100,12,0,1
BRDA:101,13,0,2
BRDA:101,13,1,0
BRDA:115,14,0,0
BRDA:116,15,0,0
BRDA:116,15,1,0
BRDA:131,16,0,0
BRDA:131,16,1,0
BRDA:131,17,0,0
BRDA:131,17,1,0
BRDA:166,18,0,0
BRDA:188,19,0,0
BRF:35
BRH:14
end_of_record
TN:
SF:src\delivery\providers\tookan\TookanProvider.js
FN:21,(anonymous_0)
FN:44,(anonymous_1)
FN:73,(anonymous_2)
FN:92,(anonymous_3)
FN:125,(anonymous_4)
FN:159,(anonymous_5)
FN:161,(anonymous_6)
FN:170,(anonymous_7)
FN:184,(anonymous_8)
FN:196,(anonymous_9)
FN:203,(anonymous_10)
FN:207,(anonymous_11)
FN:211,(anonymous_12)
FN:215,(anonymous_13)
FN:219,(anonymous_14)
FN:226,(anonymous_15)
FN:230,(anonymous_16)
FN:234,(anonymous_17)
FN:238,(anonymous_18)
FN:242,(anonymous_19)
FN:246,(anonymous_20)
FN:250,(anonymous_21)
FN:254,(anonymous_22)
FN:258,(anonymous_23)
FN:262,(anonymous_24)
FN:266,(anonymous_25)
FN:270,(anonymous_26)
FN:277,(anonymous_27)
FN:310,(anonymous_28)
FN:335,(anonymous_29)
FN:490,(anonymous_30)
FN:491,(anonymous_31)
FN:495,(anonymous_32)
FN:504,(anonymous_33)
FNF:34
FNH:4
FNDA:1,(anonymous_0)
FNDA:0,(anonymous_1)
FNDA:0,(anonymous_2)
FNDA:0,(anonymous_3)
FNDA:0,(anonymous_4)
FNDA:0,(anonymous_5)
FNDA:0,(anonymous_6)
FNDA:0,(anonymous_7)
FNDA:0,(anonymous_8)
FNDA:0,(anonymous_9)
FNDA:0,(anonymous_10)
FNDA:0,(anonymous_11)
FNDA:0,(anonymous_12)
FNDA:0,(anonymous_13)
FNDA:0,(anonymous_14)
FNDA:0,(anonymous_15)
FNDA:0,(anonymous_16)
FNDA:0,(anonymous_17)
FNDA:0,(anonymous_18)
FNDA:0,(anonymous_19)
FNDA:0,(anonymous_20)
FNDA:0,(anonymous_21)
FNDA:0,(anonymous_22)
FNDA:0,(anonymous_23)
FNDA:0,(anonymous_24)
FNDA:0,(anonymous_25)
FNDA:0,(anonymous_26)
FNDA:0,(anonymous_27)
FNDA:0,(anonymous_28)
FNDA:1,(anonymous_29)
FNDA:1,(anonymous_30)
FNDA:4,(anonymous_31)
FNDA:0,(anonymous_32)
FNDA:0,(anonymous_33)
DA:4,2
DA:7,2
DA:22,1
DA:23,1
DA:24,1
DA:25,1
DA:26,1
DA:27,1
DA:28,1
DA:29,1
DA:30,1
DA:31,1
DA:32,1
DA:33,1
DA:34,1
DA:36,1
DA:37,0
DA:45,0
DA:46,0
DA:51,0
DA:57,0
DA:59,0
DA:60,0
DA:61,0
DA:62,0
DA:63,0
DA:64,0
DA:67,0
DA:74,0
DA:75,0
DA:77,0
DA:93,0
DA:110,0
DA:112,0
DA:114,0
DA:126,0
DA:144,0
DA:146,0
DA:148,0
DA:160,0
DA:161,0
DA:162,0
DA:163,0
DA:171,0
DA:172,0
DA:178,0
DA:185,0
DA:186,0
DA:190,0
DA:197,0
DA:204,0
DA:208,0
DA:212,0
DA:216,0
DA:220,0
DA:227,0
DA:231,0
DA:235,0
DA:239,0
DA:243,0
DA:247,0
DA:251,0
DA:255,0
DA:259,0
DA:263,0
DA:267,0
DA:271,0
DA:278,0
DA:284,0
DA:285,0
DA:287,0
DA:311,0
DA:315,0
DA:336,1
DA:337,1
DA:340,1
DA:341,1
DA:342,0
DA:345,1
DA:393,1
DA:394,1
DA:399,1
DA:400,0
DA:405,1
DA:406,0
DA:411,1
DA:412,0
DA:414,1
DA:415,0
DA:417,1
DA:418,0
DA:423,1
DA:424,0
DA:426,1
DA:427,0
DA:433,1
DA:435,1
DA:436,1
DA:437,1
DA:442,1
DA:443,1
DA:448,1
DA:449,1
DA:457,1
DA:458,1
DA:470,1
DA:471,0
DA:475,1
DA:476,0
DA:480,1
DA:481,0
DA:484,1
DA:491,4
DA:492,1
DA:496,0
DA:505,0
DA:508,0
DA:511,0
DA:512,0
DA:515,0
DA:519,2
LF:121
LH:47
BRDA:25,0,0,1
BRDA:25,0,1,0
BRDA:26,1,0,1
BRDA:26,1,1,0
BRDA:27,2,0,1
BRDA:27,2,1,0
BRDA:28,3,0,1
BRDA:28,3,1,0
BRDA:29,4,0,1
BRDA:29,4,1,1
BRDA:30,5,0,1
BRDA:30,5,1,1
BRDA:31,6,0,1
BRDA:31,6,1,1
BRDA:32,7,0,1
BRDA:32,7,1,1
BRDA:33,8,0,1
BRDA:33,8,1,1
BRDA:34,9,0,1
BRDA:34,9,1,1
BRDA:36,10,0,0
BRDA:36,10,1,1
BRDA:44,11,0,0
BRDA:59,12,0,0
BRDA:59,12,1,0
BRDA:60,13,0,0
BRDA:60,13,1,0
BRDA:78,14,0,0
BRDA:78,14,1,0
BRDA:79,15,0,0
BRDA:79,15,1,0
BRDA:80,16,0,0
BRDA:80,16,1,0
BRDA:81,17,0,0
BRDA:81,17,1,0
BRDA:82,18,0,0
BRDA:82,18,1,0
BRDA:83,19,0,0
BRDA:83,19,1,0
BRDA:94,20,0,0
BRDA:94,20,1,0
BRDA:95,21,0,0
BRDA:95,21,1,0
BRDA:96,22,0,0
BRDA:96,22,1,0
BRDA:97,23,0,0
BRDA:97,23,1,0
BRDA:98,24,0,0
BRDA:98,24,1,0
BRDA:99,25,0,0
BRDA:99,25,1,0
BRDA:100,26,0,0
BRDA:100,26,1,0
BRDA:101,27,0,0
BRDA:101,27,1,0
BRDA:107,28,0,0
BRDA:107,28,1,0
BRDA:110,29,0,0
BRDA:110,29,1,0
BRDA:115,30,0,0
BRDA:115,30,1,0
BRDA:116,31,0,0
BRDA:116,31,1,0
BRDA:127,32,0,0
BRDA:127,32,1,0
BRDA:128,33,0,0
BRDA:128,33,1,0
BRDA:129,34,0,0
BRDA:129,34,1,0
BRDA:130,35,0,0
BRDA:130,35,1,0
BRDA:131,36,0,0
BRDA:131,36,1,0
BRDA:132,37,0,0
BRDA:132,37,1,0
BRDA:133,38,0,0
BRDA:133,38,1,0
BRDA:134,39,0,0
BRDA:134,39,1,0
BRDA:135,40,0,0
BRDA:135,40,1,0
BRDA:141,41,0,0
BRDA:141,41,1,0
BRDA:144,42,0,0
BRDA:144,42,1,0
BRDA:149,43,0,0
BRDA:149,43,1,0
BRDA:150,44,0,0
BRDA:150,44,1,0
BRDA:160,45,0,0
BRDA:160,45,1,0
BRDA:163,46,0,0
BRDA:163,46,1,0
BRDA:170,47,0,0
BRDA:174,48,0,0
BRDA:174,48,1,0
BRDA:175,49,0,0
BRDA:175,49,1,0
BRDA:176,50,0,0
BRDA:176,50,1,0
BRDA:184,51,0,0
BRDA:185,52,0,0
BRDA:185,52,1,0
BRDA:188,53,0,0
BRDA:188,53,1,0
BRDA:196,54,0,0
BRDA:250,55,0,0
BRDA:270,56,0,0
BRDA:284,57,0,0
BRDA:284,57,1,0
BRDA:285,58,0,0
BRDA:285,58,1,0
BRDA:289,59,0,0
BRDA:289,59,1,0
BRDA:291,60,0,0
BRDA:291,60,1,0
BRDA:292,61,0,0
BRDA:292,61,1,0
BRDA:293,62,0,0
BRDA:293,62,1,0
BRDA:294,63,0,0
BRDA:294,63,1,0
BRDA:340,64,0,1
BRDA:340,64,1,0
BRDA:341,65,0,0
BRDA:341,65,1,1
BRDA:342,66,0,0
BRDA:342,66,1,0
BRDA:347,67,0,1
BRDA:347,67,1,0
BRDA:351,68,0,1
BRDA:351,68,1,0
BRDA:352,69,0,1
BRDA:352,69,1,0
BRDA:353,70,0,1
BRDA:353,70,1,0
BRDA:354,71,0,1
BRDA:354,71,1,0
BRDA:354,71,2,0
BRDA:355,72,0,1
BRDA:355,72,1,0
BRDA:356,73,0,1
BRDA:356,73,1,0
BRDA:359,74,0,1
BRDA:359,74,1,1
BRDA:360,75,0,1
BRDA:360,75,1,0
BRDA:361,76,0,1
BRDA:361,76,1,1
BRDA:362,77,0,1
BRDA:362,77,1,0
BRDA:363,78,0,1
BRDA:363,78,1,0
BRDA:364,79,0,1
BRDA:364,79,1,0
BRDA:368,80,0,0
BRDA:368,80,1,1
BRDA:369,81,0,0
BRDA:369,81,1,1
BRDA:389,82,0,1
BRDA:389,82,1,0
BRDA:393,83,0,1
BRDA:393,83,1,0
BRDA:399,84,0,0
BRDA:399,84,1,1
BRDA:399,85,0,1
BRDA:399,85,1,1
BRDA:400,86,0,0
BRDA:400,86,1,0
BRDA:405,87,0,0
BRDA:405,87,1,1
BRDA:405,88,0,1
BRDA:405,88,1,1
BRDA:406,89,0,0
BRDA:406,89,1,0
BRDA:411,90,0,0
BRDA:411,90,1,1
BRDA:411,91,0,1
BRDA:411,91,1,1
BRDA:412,92,0,0
BRDA:412,92,1,0
BRDA:414,93,0,0
BRDA:414,93,1,1
BRDA:414,94,0,1
BRDA:414,94,1,1
BRDA:415,95,0,0
BRDA:415,95,1,0
BRDA:417,96,0,0
BRDA:417,96,1,1
BRDA:417,97,0,1
BRDA:417,97,1,1
BRDA:418,98,0,0
BRDA:418,98,1,0
BRDA:423,99,0,0
BRDA:423,99,1,1
BRDA:426,100,0,0
BRDA:426,100,1,1
BRDA:435,101,0,1
BRDA:435,101,1,0
BRDA:436,102,0,1
BRDA:436,102,1,0
BRDA:442,103,0,1
BRDA:442,103,1,0
BRDA:445,104,0,1
BRDA:445,104,1,0
BRDA:448,105,0,1
BRDA:448,105,1,0
BRDA:457,106,0,1
BRDA:457,106,1,0
BRDA:460,107,0,1
BRDA:460,107,1,1
BRDA:461,108,0,1
BRDA:461,108,1,0
BRDA:462,109,0,1
BRDA:462,109,1,0
BRDA:463,110,0,1
BRDA:463,110,1,0
BRDA:464,111,0,1
BRDA:464,111,1,0
BRDA:465,112,0,1
BRDA:465,112,1,0
BRDA:470,113,0,0
BRDA:470,113,1,1
BRDA:475,114,0,0
BRDA:475,114,1,1
BRDA:480,115,0,0
BRDA:480,115,1,1
BRDA:505,116,0,0
BRDA:505,116,1,0
BRDA:508,117,0,0
BRDA:508,117,1,0
BRDA:512,118,0,0
BRDA:512,118,1,0
BRF:233
BRH:71
end_of_record
TN:
SF:src\delivery\routes\deliveryRoutes.js
FN:19,validateWith
FN:20,(anonymous_1)
FNF:2
FNH:2
FNDA:3,validateWith
FNDA:6,(anonymous_1)
DA:4,1
DA:5,1
DA:6,1
DA:7,1
DA:8,1
DA:9,1
DA:10,1
DA:13,1
DA:20,3
DA:21,6
DA:22,6
DA:23,1
DA:27,5
DA:33,1
DA:41,1
DA:49,1
DA:58,1
DA:65,1
DA:72,1
DA:81,1
DA:87,1
DA:93,1
DA:99,1
DA:105,1
DA:111,1
DA:117,1
DA:123,1
DA:129,1
DA:135,1
DA:141,1
DA:147,1
DA:153,1
DA:159,1
DA:165,1
DA:171,1
DA:177,1
DA:183,1
DA:189,1
DA:195,1
DA:201,1
DA:207,1
LF:41
LH:41
BRDA:22,0,0,1
BRDA:22,0,1,5
BRF:2
BRH:2
end_of_record
TN:
SF:src\delivery\services\deliveryService.js
FN:8,(anonymous_0)
FN:18,(anonymous_1)
FN:94,(anonymous_2)
FN:112,(anonymous_3)
FN:124,(anonymous_4)
FN:131,(anonymous_5)
FN:136,(anonymous_6)
FN:141,(anonymous_7)
FN:146,(anonymous_8)
FN:151,(anonymous_9)
FN:156,(anonymous_10)
FN:161,(anonymous_11)
FN:166,(anonymous_12)
FN:171,(anonymous_13)
FN:176,(anonymous_14)
FN:181,(anonymous_15)
FN:186,(anonymous_16)
FN:191,(anonymous_17)
FN:196,(anonymous_18)
FN:201,(anonymous_19)
FN:206,(anonymous_20)
FN:211,(anonymous_21)
FN:216,(anonymous_22)
FN:221,(anonymous_23)
FN:226,(anonymous_24)
FN:231,(anonymous_25)
FN:238,(anonymous_26)
FN:245,(anonymous_27)
FN:282,getDeliveryService
FNF:29
FNH:8
FNDA:11,(anonymous_0)
FNDA:12,(anonymous_1)
FNDA:0,(anonymous_2)
FNDA:0,(anonymous_3)
FNDA:2,(anonymous_4)
FNDA:2,(anonymous_5)
FNDA:0,(anonymous_6)
FNDA:2,(anonymous_7)
FNDA:2,(anonymous_8)
FNDA:0,(anonymous_9)
FNDA:0,(anonymous_10)
FNDA:0,(anonymous_11)
FNDA:0,(anonymous_12)
FNDA:0,(anonymous_13)
FNDA:0,(anonymous_14)
FNDA:0,(anonymous_15)
FNDA:0,(anonymous_16)
FNDA:0,(anonymous_17)
FNDA:0,(anonymous_18)
FNDA:0,(anonymous_19)
FNDA:0,(anonymous_20)
FNDA:0,(anonymous_21)
FNDA:0,(anonymous_22)
FNDA:0,(anonymous_23)
FNDA:0,(anonymous_24)
FNDA:0,(anonymous_25)
FNDA:2,(anonymous_26)
FNDA:0,(anonymous_27)
FNDA:10,getDeliveryService
DA:4,2
DA:5,2
DA:9,11
DA:10,11
DA:24,12
DA:26,12
DA:35,12
DA:36,11
DA:47,11
DA:49,11
DA:50,2
DA:51,2
DA:52,2
DA:57,10
DA:58,10
DA:63,10
DA:65,10
DA:66,2
DA:67,2
DA:68,2
DA:73,8
DA:74,8
DA:75,8
DA:76,8
DA:77,8
DA:80,8
DA:81,8
DA:83,0
DA:84,0
DA:85,0
DA:88,8
DA:96,0
DA:97,0
DA:99,0
DA:100,0
DA:102,0
DA:103,0
DA:106,0
DA:113,0
DA:114,0
DA:115,0
DA:117,0
DA:125,2
DA:132,2
DA:137,0
DA:142,2
DA:147,2
DA:152,0
DA:157,0
DA:162,0
DA:167,0
DA:172,0
DA:177,0
DA:182,0
DA:187,0
DA:192,0
DA:197,0
DA:202,0
DA:207,0
DA:212,0
DA:217,0
DA:222,0
DA:227,0
DA:232,0
DA:239,2
DA:246,0
DA:248,0
DA:249,0
DA:257,0
DA:258,0
DA:259,0
DA:260,0
DA:264,0
DA:265,0
DA:269,0
DA:270,0
DA:271,0
DA:272,0
DA:276,0
DA:281,2
DA:283,10
DA:284,10
DA:287,2
LF:83
LH:37
BRDA:18,0,0,0
BRDA:20,1,0,6
BRDA:21,2,0,7
BRDA:22,3,0,6
BRDA:23,4,0,0
BRDA:35,5,0,11
BRDA:35,5,1,1
BRDA:49,6,0,2
BRDA:49,6,1,9
BRDA:57,7,0,10
BRDA:57,7,1,0
BRDA:57,8,0,10
BRDA:57,8,1,10
BRDA:65,9,0,2
BRDA:65,9,1,8
BRDA:65,10,0,10
BRDA:65,10,1,3
BRDA:73,11,0,4
BRDA:73,11,1,4
BRDA:74,12,0,8
BRDA:74,12,1,1
BRDA:75,13,0,8
BRDA:75,13,1,0
BRDA:85,14,0,0
BRDA:85,14,1,0
BRDA:94,15,0,0
BRDA:97,16,0,0
BRDA:97,16,1,0
BRDA:245,17,0,0
BRDA:248,18,0,0
BRDA:248,18,1,0
BRDA:257,19,0,0
BRDA:257,19,1,0
BRDA:264,20,0,0
BRDA:264,20,1,0
BRDA:264,21,0,0
BRDA:264,21,1,0
BRDA:269,22,0,0
BRDA:269,22,1,0
BRDA:269,23,0,0
BRDA:269,23,1,0
BRDA:283,24,0,1
BRDA:283,24,1,9
BRF:43
BRH:21
end_of_record
TN:
SF:src\delivery\validators\dispatchValidator.js
FN:8,validateDispatchPayload
FN:60,validateDeliveryOnlyPayload
FN:72,validatePickupOnlyPayload
FN:81,isValidDateFormat
FNF:4
FNH:1
FNDA:11,validateDispatchPayload
FNDA:0,validateDeliveryOnlyPayload
FNDA:0,validatePickupOnlyPayload
FNDA:0,isValidDateFormat
DA:9,11
DA:11,11
DA:12,1
DA:16,10
DA:17,2
DA:19,8
DA:20,8
DA:21,8
DA:22,0
DA:24,8
DA:25,6
DA:26,1
DA:29,8
DA:30,6
DA:31,0
DA:37,10
DA:38,1
DA:40,9
DA:44,10
DA:45,5
DA:46,5
DA:50,10
DA:51,0
DA:54,10
DA:61,0
DA:62,0
DA:64,0
DA:66,0
DA:73,0
DA:74,0
DA:76,0
DA:78,0
DA:83,0
DA:86,2
LF:34
LH:22
BRDA:11,0,0,1
BRDA:11,0,1,10
BRDA:16,1,0,2
BRDA:16,1,1,8
BRDA:19,2,0,0
BRDA:19,2,1,8
BRDA:20,3,0,0
BRDA:20,3,1,8
BRDA:21,4,0,0
BRDA:21,4,1,8
BRDA:21,5,0,8
BRDA:21,5,1,0
BRDA:24,6,0,6
BRDA:24,6,1,2
BRDA:24,7,0,8
BRDA:24,7,1,7
BRDA:25,8,0,1
BRDA:25,8,1,5
BRDA:25,9,0,6
BRDA:25,9,1,6
BRDA:25,9,2,6
BRDA:29,10,0,6
BRDA:29,10,1,2
BRDA:29,11,0,8
BRDA:29,11,1,7
BRDA:30,12,0,0
BRDA:30,12,1,6
BRDA:30,13,0,6
BRDA:30,13,1,6
BRDA:30,13,2,6
BRDA:37,14,0,1
BRDA:37,14,1,9
BRDA:40,15,0,0
BRDA:40,15,1,9
BRDA:44,16,0,5
BRDA:44,16,1,5
BRDA:45,17,0,0
BRDA:45,17,1,5
BRDA:46,18,0,0
BRDA:46,18,1,5
BRDA:50,19,0,0
BRDA:50,19,1,10
BRDA:50,20,0,10
BRDA:50,20,1,0
BRDA:62,21,0,0
BRDA:62,21,1,0
BRDA:64,22,0,0
BRDA:64,22,1,0
BRDA:64,23,0,0
BRDA:64,23,1,0
BRDA:74,24,0,0
BRDA:74,24,1,0
BRDA:76,25,0,0
BRDA:76,25,1,0
BRDA:83,26,0,0
BRDA:83,26,1,0
BRF:56
BRH:34
end_of_record
TN:
SF:src\middleware\rateLimiter.js
FN:6,rateLimiter
FN:7,(anonymous_1)
FN:42,(anonymous_2)
FNF:3
FNH:2
FNDA:2,rateLimiter
FNDA:12,(anonymous_1)
FNDA:0,(anonymous_2)
DA:4,1
DA:7,2
DA:8,12
DA:9,12
DA:11,12
DA:12,1
DA:13,1
DA:16,11
DA:18,11
DA:19,0
DA:20,0
DA:21,0
DA:24,11
DA:25,0
DA:33,0
DA:36,11
DA:37,11
DA:42,1
DA:43,0
DA:44,0
DA:45,0
DA:49,1
LF:22
LH:14
BRDA:6,0,0,0
BRDA:6,1,0,0
BRDA:6,2,0,0
BRDA:6,3,0,2
BRDA:8,4,0,0
BRDA:8,4,1,12
BRDA:11,5,0,1
BRDA:11,5,1,11
BRDA:18,6,0,0
BRDA:18,6,1,11
BRDA:24,7,0,0
BRDA:24,7,1,11
BRDA:45,8,0,0
BRDA:45,8,1,0
BRF:14
BRH:6
end_of_record
TN:
SF:src\middleware\validate.js
FN:8,validateQuery
FN:9,(anonymous_1)
FN:52,validateBody
FN:53,(anonymous_3)
FN:88,getNestedValue
FN:89,(anonymous_5)
FNF:6
FNH:6
FNDA:1,validateQuery
FNDA:2,(anonymous_1)
FNDA:3,validateBody
FNDA:3,(anonymous_3)
FNDA:5,getNestedValue
FNDA:5,(anonymous_5)
DA:9,1
DA:10,2
DA:11,2
DA:12,4
DA:14,4
DA:15,1
DA:16,1
DA:19,3
DA:21,1
DA:22,0
DA:23,0
DA:24,0
DA:26,0
DA:27,0
DA:31,1
DA:32,1
DA:33,0
DA:34,1
DA:35,0
DA:39,2
DA:40,1
DA:45,1
DA:53,3
DA:54,3
DA:55,3
DA:57,3
DA:58,5
DA:60,5
DA:61,0
DA:62,0
DA:65,5
DA:67,5
DA:68,0
DA:70,5
DA:71,0
DA:73,5
DA:74,0
DA:78,3
DA:79,0
DA:84,3
DA:89,5
DA:92,1
LF:42
LH:29
BRDA:14,0,0,1
BRDA:14,0,1,3
BRDA:14,1,0,4
BRDA:14,1,1,2
BRDA:14,1,2,1
BRDA:19,2,0,2
BRDA:19,2,1,1
BRDA:21,3,0,0
BRDA:21,3,1,1
BRDA:23,4,0,0
BRDA:23,4,1,0
BRDA:26,5,0,0
BRDA:26,5,1,0
BRDA:26,6,0,0
BRDA:26,6,1,0
BRDA:27,7,0,0
BRDA:27,7,1,0
BRDA:27,8,0,0
BRDA:27,8,1,0
BRDA:31,9,0,1
BRDA:31,9,1,0
BRDA:32,10,0,0
BRDA:32,10,1,1
BRDA:32,11,0,1
BRDA:32,11,1,1
BRDA:34,12,0,0
BRDA:34,12,1,1
BRDA:34,13,0,1
BRDA:34,13,1,1
BRDA:39,14,0,1
BRDA:39,14,1,1
BRDA:55,15,0,3
BRDA:55,15,1,0
BRDA:60,16,0,0
BRDA:60,16,1,5
BRDA:60,17,0,5
BRDA:60,17,1,5
BRDA:60,17,2,5
BRDA:60,17,3,5
BRDA:65,18,0,0
BRDA:65,18,1,5
BRDA:65,19,0,5
BRDA:65,19,1,5
BRDA:67,20,0,0
BRDA:67,20,1,5
BRDA:67,21,0,5
BRDA:67,21,1,2
BRDA:70,22,0,0
BRDA:70,22,1,5
BRDA:70,23,0,5
BRDA:70,23,1,0
BRDA:73,24,0,0
BRDA:73,24,1,5
BRDA:73,25,0,5
BRDA:73,25,1,0
BRDA:78,26,0,0
BRDA:78,26,1,3
BRF:57
BRH:34
end_of_record
TN:
SF:src\utils\geo.js
FN:10,haversineDistance
FN:11,(anonymous_1)
FN:27,isPointInPolygon
FN:40,isValidLatitude
FN:44,isValidLongitude
FNF:5
FNH:2
FNDA:13,haversineDistance
FNDA:52,(anonymous_1)
FNDA:0,isPointInPolygon
FNDA:0,isValidLatitude
FNDA:0,isValidLongitude
DA:4,3
DA:11,52
DA:12,13
DA:13,13
DA:15,13
DA:17,13
DA:28,0
DA:29,0
DA:30,0
DA:31,0
DA:33,0
DA:35,0
DA:37,0
DA:41,0
DA:45,0
DA:48,3
LF:16
LH:7
BRDA:33,0,0,0
BRDA:33,0,1,0
BRDA:35,1,0,0
BRDA:35,1,1,0
BRDA:41,2,0,0
BRDA:41,2,1,0
BRDA:41,2,2,0
BRDA:45,3,0,0
BRDA:45,3,1,0
BRDA:45,3,2,0
BRF:10
BRH:0
end_of_record
TN:
SF:src\utils\response.js
FN:4,success
FN:8,error
FNF:2
FNH:2
FNDA:14,success
FNDA:2,error
DA:5,14
DA:9,2
DA:10,2
DA:11,2
DA:14,1
LF:5
LH:5
BRDA:4,0,0,14
BRDA:8,1,0,0
BRDA:8,2,0,1
BRDA:10,3,0,1
BRDA:10,3,1,1
BRF:5
BRH:4
end_of_record
