TN:
SF:src\app.js
FN:22,(anonymous_0)
FN:24,(anonymous_1)
FN:32,(anonymous_2)
FN:48,(anonymous_3)
FN:56,(anonymous_4)
FNF:5
FNH:2
FNDA:0,(anonymous_0)
FNDA:0,(anonymous_1)
FNDA:1,(anonymous_2)
FNDA:1,(anonymous_3)
FNDA:0,(anonymous_4)
DA:4,1
DA:5,1
DA:6,1
DA:7,1
DA:8,1
DA:10,1
DA:12,1
DA:13,0
DA:17,1
DA:18,1
DA:21,1
DA:22,0
DA:23,0
DA:24,0
DA:25,0
DA:27,0
DA:32,1
DA:33,1
DA:44,1
DA:45,1
DA:48,1
DA:49,1
DA:56,1
DA:57,0
DA:58,0
DA:64,1
LF:26
LH:18
BRDA:12,0,0,0
BRDA:12,0,1,1
BRDA:21,1,0,0
BRDA:21,1,1,1
BRF:4
BRH:2
end_of_record
TN:
SF:src\server.js
FN:8,(anonymous_0)
FNF:1
FNH:0
FNDA:0,(anonymous_0)
DA:4,0
DA:5,0
DA:6,0
DA:8,0
DA:9,0
LF:5
LH:0
BRF:0
BRH:0
end_of_record
TN:
SF:src\address\controllers\addressController.js
FN:11,(anonymous_0)
FN:36,(anonymous_1)
FN:64,(anonymous_2)
FN:86,(anonymous_3)
FN:108,(anonymous_4)
FNF:5
FNH:5
FNDA:1,(anonymous_0)
FNDA:2,(anonymous_1)
FNDA:1,(anonymous_2)
FNDA:1,(anonymous_3)
FNDA:1,(anonymous_4)
DA:4,1
DA:5,1
DA:7,1
DA:12,1
DA:13,1
DA:15,1
DA:16,1
DA:17,1
DA:18,1
DA:19,1
DA:20,0
DA:23,1
DA:24,1
DA:26,1
DA:28,0
DA:29,0
DA:37,2
DA:38,2
DA:40,2
DA:41,0
DA:44,2
DA:45,2
DA:48,2
DA:49,2
DA:50,1
DA:53,2
DA:55,0
DA:56,0
DA:65,1
DA:66,1
DA:68,1
DA:69,0
DA:72,1
DA:73,1
DA:75,1
DA:77,0
DA:78,0
DA:87,1
DA:88,1
DA:90,1
DA:91,0
DA:94,1
DA:95,1
DA:97,1
DA:99,0
DA:100,0
DA:109,1
DA:110,1
DA:112,1
DA:113,0
DA:115,1
DA:116,0
DA:119,1
DA:120,1
DA:122,1
DA:124,0
DA:125,0
DA:130,1
LF:58
LH:42
BRDA:16,0,0,0
BRDA:16,0,1,1
BRDA:17,1,0,0
BRDA:17,1,1,1
BRDA:18,2,0,0
BRDA:18,2,1,1
BRDA:19,3,0,0
BRDA:19,3,1,1
BRDA:19,4,0,1
BRDA:19,4,1,0
BRDA:40,5,0,0
BRDA:40,5,1,2
BRDA:49,6,0,1
BRDA:49,6,1,1
BRDA:49,7,0,2
BRDA:49,7,1,1
BRDA:68,8,0,0
BRDA:68,8,1,1
BRDA:90,9,0,0
BRDA:90,9,1,1
BRDA:90,10,0,1
BRDA:90,10,1,1
BRDA:112,11,0,0
BRDA:112,11,1,1
BRDA:115,12,0,0
BRDA:115,12,1,1
BRF:26
BRH:16
end_of_record
TN:
SF:src\address\providers\index.js
FN:11,getAddressProvider
FNF:1
FNH:1
FNDA:6,getAddressProvider
DA:4,3
DA:5,3
DA:6,3
DA:7,3
DA:9,3
DA:12,6
DA:14,3
DA:16,0
DA:17,0
DA:19,0
DA:20,0
DA:23,3
DA:24,3
DA:27,3
DA:28,3
DA:31,3
LF:16
LH:12
BRDA:12,0,0,3
BRDA:12,0,1,3
BRDA:14,1,0,0
BRDA:14,1,1,0
BRDA:14,1,2,3
BRDA:14,1,3,3
BRF:6
BRH:4
end_of_record
TN:
SF:src\address\providers\base\AddressProvider.js
FN:6,(anonymous_0)
FN:27,(anonymous_1)
FN:50,(anonymous_2)
FN:60,(anonymous_3)
FN:71,(anonymous_4)
FN:80,(anonymous_5)
FNF:6
FNH:1
FNDA:11,(anonymous_0)
FNDA:0,(anonymous_1)
FNDA:0,(anonymous_2)
FNDA:0,(anonymous_3)
FNDA:0,(anonymous_4)
FNDA:0,(anonymous_5)
DA:7,11
DA:8,0
DA:10,11
DA:11,11
DA:28,0
DA:51,0
DA:61,0
DA:72,0
DA:81,0
DA:85,3
LF:10
LH:4
BRDA:6,0,0,0
BRDA:7,1,0,0
BRDA:7,1,1,11
BRDA:27,2,0,0
BRF:4
BRH:1
end_of_record
TN:
SF:src\address\providers\google\GoogleAddressProvider.js
FN:7,(anonymous_0)
FN:18,(anonymous_1)
FN:37,(anonymous_2)
FN:47,(anonymous_3)
FN:65,(anonymous_4)
FN:82,(anonymous_5)
FN:101,(anonymous_6)
FN:103,(anonymous_7)
FN:103,(anonymous_8)
FNF:9
FNH:0
FNDA:0,(anonymous_0)
FNDA:0,(anonymous_1)
FNDA:0,(anonymous_2)
FNDA:0,(anonymous_3)
FNDA:0,(anonymous_4)
FNDA:0,(anonymous_5)
FNDA:0,(anonymous_6)
FNDA:0,(anonymous_7)
FNDA:0,(anonymous_8)
DA:4,3
DA:8,0
DA:9,0
DA:10,0
DA:11,0
DA:13,0
DA:14,0
DA:19,0
DA:21,0
DA:27,0
DA:29,0
DA:30,0
DA:31,0
DA:33,0
DA:34,0
DA:37,0
DA:44,0
DA:48,0
DA:54,0
DA:55,0
DA:56,0
DA:58,0
DA:59,0
DA:62,0
DA:66,0
DA:71,0
DA:72,0
DA:73,0
DA:75,0
DA:76,0
DA:79,0
DA:83,0
DA:84,0
DA:85,0
DA:86,0
DA:87,0
DA:88,0
DA:90,0
DA:91,0
DA:94,0
DA:95,0
DA:98,0
DA:102,0
DA:103,0
DA:105,0
DA:106,0
DA:107,0
DA:109,0
DA:129,3
LF:49
LH:2
BRDA:13,0,0,0
BRDA:13,0,1,0
BRDA:18,1,0,0
BRDA:19,2,0,0
BRDA:19,3,0,0
BRDA:27,4,0,0
BRDA:27,4,1,0
BRDA:33,5,0,0
BRDA:33,5,1,0
BRDA:33,6,0,0
BRDA:33,6,1,0
BRDA:34,7,0,0
BRDA:34,7,1,0
BRDA:37,8,0,0
BRDA:37,8,1,0
BRDA:40,9,0,0
BRDA:40,9,1,0
BRDA:41,10,0,0
BRDA:41,10,1,0
BRDA:58,11,0,0
BRDA:58,11,1,0
BRDA:68,12,0,0
BRDA:68,12,1,0
BRDA:75,13,0,0
BRDA:75,13,1,0
BRDA:75,14,0,0
BRDA:75,14,1,0
BRDA:84,15,0,0
BRDA:84,15,1,0
BRDA:85,16,0,0
BRDA:85,16,1,0
BRDA:86,17,0,0
BRDA:86,17,1,0
BRDA:87,18,0,0
BRDA:87,18,1,0
BRDA:88,19,0,0
BRDA:88,19,1,0
BRDA:90,20,0,0
BRDA:90,20,1,0
BRDA:90,21,0,0
BRDA:90,21,1,0
BRDA:94,22,0,0
BRDA:94,22,1,0
BRDA:102,23,0,0
BRDA:102,23,1,0
BRDA:105,24,0,0
BRDA:105,24,1,0
BRDA:106,25,0,0
BRDA:106,25,1,0
BRDA:107,26,0,0
BRDA:107,26,1,0
BRDA:111,27,0,0
BRDA:111,27,1,0
BRDA:115,28,0,0
BRDA:115,28,1,0
BRDA:115,28,2,0
BRDA:115,28,3,0
BRDA:119,29,0,0
BRDA:119,29,1,0
BRDA:120,30,0,0
BRDA:120,30,1,0
BRDA:121,31,0,0
BRDA:121,31,1,0
BRDA:122,32,0,0
BRDA:122,32,1,0
BRDA:123,33,0,0
BRDA:123,33,1,0
BRF:67
BRH:0
end_of_record
TN:
SF:src\address\providers\mapbox\MapboxAddressProvider.js
FN:7,(anonymous_0)
FN:17,(anonymous_1)
FN:40,(anonymous_2)
FN:50,(anonymous_3)
FN:69,(anonymous_4)
FN:87,(anonymous_5)
FN:104,(anonymous_6)
FN:106,(anonymous_7)
FN:106,(anonymous_8)
FNF:9
FNH:0
FNDA:0,(anonymous_0)
FNDA:0,(anonymous_1)
FNDA:0,(anonymous_2)
FNDA:0,(anonymous_3)
FNDA:0,(anonymous_4)
FNDA:0,(anonymous_5)
FNDA:0,(anonymous_6)
FNDA:0,(anonymous_7)
FNDA:0,(anonymous_8)
DA:4,3
DA:8,0
DA:9,0
DA:10,0
DA:12,0
DA:13,0
DA:18,0
DA:20,0
DA:28,0
DA:29,0
DA:32,0
DA:33,0
DA:34,0
DA:36,0
DA:37,0
DA:40,0
DA:47,0
DA:53,0
DA:58,0
DA:59,0
DA:60,0
DA:62,0
DA:63,0
DA:66,0
DA:70,0
DA:76,0
DA:77,0
DA:78,0
DA:80,0
DA:81,0
DA:84,0
DA:88,0
DA:89,0
DA:90,0
DA:91,0
DA:93,0
DA:94,0
DA:97,0
DA:98,0
DA:101,0
DA:105,0
DA:106,0
DA:108,0
DA:124,3
LF:44
LH:2
BRDA:12,0,0,0
BRDA:12,0,1,0
BRDA:17,1,0,0
BRDA:18,2,0,0
BRDA:18,3,0,0
BRDA:28,4,0,0
BRDA:28,4,1,0
BRDA:28,5,0,0
BRDA:28,5,1,0
BRDA:36,6,0,0
BRDA:36,6,1,0
BRDA:37,7,0,0
BRDA:37,7,1,0
BRDA:43,8,0,0
BRDA:43,8,1,0
BRDA:62,9,0,0
BRDA:62,9,1,0
BRDA:80,10,0,0
BRDA:80,10,1,0
BRDA:89,11,0,0
BRDA:89,11,1,0
BRDA:90,12,0,0
BRDA:90,12,1,0
BRDA:91,13,0,0
BRDA:91,13,1,0
BRDA:93,14,0,0
BRDA:93,14,1,0
BRDA:93,15,0,0
BRDA:93,15,1,0
BRDA:97,16,0,0
BRDA:97,16,1,0
BRDA:105,17,0,0
BRDA:105,17,1,0
BRDA:110,18,0,0
BRDA:110,18,1,0
BRDA:113,19,0,0
BRDA:113,19,1,0
BRDA:114,20,0,0
BRDA:114,20,1,0
BRDA:114,20,2,0
BRDA:115,21,0,0
BRDA:115,21,1,0
BRDA:116,22,0,0
BRDA:116,22,1,0
BRDA:117,23,0,0
BRDA:117,23,1,0
BRDA:118,24,0,0
BRDA:118,24,1,0
BRF:48
BRH:0
end_of_record
TN:
SF:src\address\providers\mock\MockAddressProvider.js
FN:20,(anonymous_0)
FN:26,(anonymous_1)
FN:27,(anonymous_2)
FN:30,(anonymous_3)
FN:37,(anonymous_4)
FN:45,(anonymous_5)
FN:54,(anonymous_6)
FN:56,(anonymous_7)
FN:61,(anonymous_8)
FN:73,(anonymous_9)
FN:86,(anonymous_10)
FNF:11
FNH:11
FNDA:11,(anonymous_0)
FNDA:9,(anonymous_1)
FNDA:9,(anonymous_2)
FNDA:3,(anonymous_3)
FNDA:30,(anonymous_4)
FNDA:2,(anonymous_5)
FNDA:4,(anonymous_6)
FNDA:13,(anonymous_7)
FNDA:2,(anonymous_8)
FNDA:15,(anonymous_9)
FNDA:5,(anonymous_10)
DA:4,3
DA:6,3
DA:21,11
DA:22,11
DA:23,11
DA:27,9
DA:31,3
DA:32,3
DA:33,3
DA:35,3
DA:38,30
DA:44,3
DA:45,2
DA:55,4
DA:56,13
DA:57,4
DA:58,3
DA:62,2
DA:64,2
DA:65,2
DA:66,2
DA:67,20
DA:68,20
DA:70,2
DA:74,15
DA:75,14
DA:76,14
DA:77,14
DA:78,14
DA:79,14
DA:80,3
DA:81,11
DA:82,0
DA:83,11
DA:87,5
DA:103,3
LF:36
LH:35
BRDA:30,0,0,1
BRDA:32,1,0,1
BRDA:38,2,0,30
BRDA:38,2,1,28
BRDA:38,2,2,28
BRDA:47,3,0,2
BRDA:47,3,1,2
BRDA:57,4,0,1
BRDA:57,4,1,3
BRDA:68,5,0,2
BRDA:68,5,1,18
BRDA:74,6,0,1
BRDA:74,6,1,14
BRDA:76,7,0,2
BRDA:76,7,1,12
BRDA:77,8,0,1
BRDA:77,8,1,13
BRDA:78,9,0,1
BRDA:78,9,1,13
BRDA:79,10,0,3
BRDA:79,10,1,11
BRDA:79,11,0,14
BRDA:79,11,1,11
BRDA:81,12,0,0
BRDA:81,12,1,11
BRDA:89,13,0,5
BRDA:89,13,1,5
BRDA:95,14,0,5
BRDA:95,14,1,5
BRF:29
BRH:28
end_of_record
TN:
SF:src\address\routes\addressRoutes.js
FNF:0
FNH:0
DA:4,1
DA:5,1
DA:6,1
DA:7,1
DA:8,1
DA:9,1
DA:12,1
DA:26,1
DA:32,1
DA:41,1
DA:51,1
DA:60,1
LF:12
LH:12
BRF:0
BRH:0
end_of_record
TN:
SF:src\address\services\addressService.js
FN:9,(anonymous_0)
FN:16,(anonymous_1)
FN:31,(anonymous_2)
FN:38,(anonymous_3)
FN:45,(anonymous_4)
FN:55,(anonymous_5)
FN:141,getAddressService
FNF:7
FNH:7
FNDA:6,(anonymous_0)
FNDA:1,(anonymous_1)
FNDA:2,(anonymous_2)
FNDA:1,(anonymous_3)
FNDA:12,(anonymous_4)
FNDA:15,(anonymous_5)
FNDA:15,getAddressService
DA:4,3
DA:5,3
DA:6,3
DA:10,6
DA:17,1
DA:24,1
DA:25,1
DA:32,2
DA:39,1
DA:46,12
DA:56,15
DA:58,15
DA:59,0
DA:68,15
DA:69,1
DA:78,14
DA:79,1
DA:89,13
DA:90,13
DA:96,13
DA:97,13
DA:99,13
DA:111,0
DA:112,0
DA:113,0
DA:120,0
DA:129,0
DA:140,3
DA:142,15
DA:143,15
DA:146,3
LF:31
LH:25
BRDA:16,0,0,0
BRDA:18,1,0,1
BRDA:18,1,1,1
BRDA:19,2,0,1
BRDA:19,2,1,1
BRDA:20,3,0,1
BRDA:20,3,1,1
BRDA:21,4,0,1
BRDA:21,4,1,1
BRDA:58,5,0,0
BRDA:58,5,1,15
BRDA:64,6,0,0
BRDA:64,6,1,0
BRDA:68,7,0,1
BRDA:68,7,1,14
BRDA:68,8,0,15
BRDA:68,8,1,14
BRDA:74,9,0,1
BRDA:74,9,1,0
BRDA:78,10,0,1
BRDA:78,10,1,13
BRDA:78,11,0,14
BRDA:78,11,1,13
BRDA:84,12,0,1
BRDA:84,12,1,1
BRDA:89,13,0,13
BRDA:89,13,1,0
BRDA:96,14,0,13
BRDA:96,14,1,0
BRDA:101,15,0,9
BRDA:101,15,1,4
BRDA:106,16,0,13
BRDA:106,16,1,0
BRDA:111,17,0,0
BRDA:111,17,1,0
BRDA:111,18,0,0
BRDA:111,18,1,0
BRDA:122,19,0,0
BRDA:122,19,1,0
BRDA:125,20,0,0
BRDA:125,20,1,0
BRDA:134,21,0,0
BRDA:134,21,1,0
BRDA:142,22,0,2
BRDA:142,22,1,13
BRF:45
BRH:27
end_of_record
TN:
SF:src\config\index.js
FNF:0
FNH:0
DA:4,3
DA:57,3
LF:2
LH:2
BRDA:5,0,0,3
BRDA:5,0,1,3
BRDA:6,1,0,3
BRDA:6,1,1,0
BRDA:9,2,0,3
BRDA:9,2,1,0
BRDA:11,3,0,3
BRDA:11,3,1,3
BRDA:12,4,0,3
BRDA:12,4,1,3
BRDA:13,5,0,3
BRDA:13,5,1,3
BRDA:14,6,0,3
BRDA:14,6,1,3
BRDA:17,7,0,3
BRDA:17,7,1,0
BRDA:20,8,0,3
BRDA:20,8,1,3
BRDA:21,9,0,3
BRDA:21,9,1,3
BRDA:24,10,0,3
BRDA:24,10,1,3
BRDA:29,11,0,3
BRDA:29,11,1,1
BRDA:31,12,0,3
BRDA:31,12,1,3
BRDA:32,13,0,3
BRDA:32,13,1,3
BRDA:33,14,0,3
BRDA:33,14,1,0
BRDA:35,15,0,3
BRDA:35,15,1,3
BRDA:36,16,0,3
BRDA:36,16,1,3
BRDA:37,17,0,3
BRDA:37,17,1,0
BRDA:38,18,0,3
BRDA:38,18,1,0
BRDA:39,19,0,3
BRDA:39,19,1,3
BRDA:40,20,0,3
BRDA:40,20,1,3
BRDA:41,21,0,3
BRDA:41,21,1,3
BRDA:47,22,0,3
BRDA:47,22,1,3
BRDA:48,23,0,3
BRDA:48,23,1,3
BRDA:51,24,0,3
BRDA:51,24,1,3
BRDA:52,25,0,3
BRDA:52,25,1,3
BRF:52
BRH:46
end_of_record
TN:
SF:src\delivery\controllers\deliveryController.js
FN:24,(anonymous_0)
FN:80,(anonymous_1)
FN:118,(anonymous_2)
FN:148,(anonymous_3)
FN:172,(anonymous_4)
FN:193,(anonymous_5)
FNF:6
FNH:4
FNDA:5,(anonymous_0)
FNDA:0,(anonymous_1)
FNDA:0,(anonymous_2)
FNDA:1,(anonymous_3)
FNDA:1,(anonymous_4)
FNDA:1,(anonymous_5)
DA:4,1
DA:5,1
DA:7,1
DA:25,5
DA:26,5
DA:28,5
DA:29,0
DA:31,5
DA:32,0
DA:34,5
DA:35,0
DA:38,5
DA:39,5
DA:46,5
DA:47,5
DA:49,5
DA:50,2
DA:64,3
DA:65,3
DA:66,3
DA:69,3
DA:71,0
DA:72,0
DA:81,0
DA:82,0
DA:84,0
DA:85,0
DA:88,0
DA:89,0
DA:96,0
DA:97,0
DA:99,0
DA:100,0
DA:107,0
DA:109,0
DA:110,0
DA:119,0
DA:120,0
DA:122,0
DA:123,0
DA:126,0
DA:127,0
DA:128,0
DA:130,0
DA:131,0
DA:137,0
DA:139,0
DA:140,0
DA:149,1
DA:150,1
DA:151,1
DA:152,0
DA:155,1
DA:156,1
DA:158,1
DA:159,1
DA:161,1
DA:163,0
DA:164,0
DA:173,1
DA:174,1
DA:175,1
DA:176,0
DA:179,1
DA:180,1
DA:182,1
DA:184,0
DA:185,0
DA:194,1
DA:195,1
DA:196,1
DA:197,1
DA:199,1
DA:204,0
DA:205,0
DA:210,1
LF:76
LH:38
BRDA:28,0,0,0
BRDA:28,0,1,5
BRDA:31,1,0,0
BRDA:31,1,1,5
BRDA:31,2,0,5
BRDA:31,2,1,0
BRDA:34,3,0,0
BRDA:34,3,1,5
BRDA:40,4,0,5
BRDA:40,4,1,5
BRDA:41,5,0,5
BRDA:41,5,1,5
BRDA:42,6,0,5
BRDA:42,6,1,5
BRDA:43,7,0,5
BRDA:43,7,1,0
BRDA:49,8,0,2
BRDA:49,8,1,3
BRDA:65,9,0,3
BRDA:65,9,1,0
BRDA:65,10,0,3
BRDA:65,10,1,3
BRDA:84,11,0,0
BRDA:84,11,1,0
BRDA:90,12,0,0
BRDA:90,12,1,0
BRDA:91,13,0,0
BRDA:91,13,1,0
BRDA:92,14,0,0
BRDA:92,14,1,0
BRDA:93,15,0,0
BRDA:93,15,1,0
BRDA:99,16,0,0
BRDA:99,16,1,0
BRDA:122,17,0,0
BRDA:122,17,1,0
BRDA:130,18,0,0
BRDA:130,18,1,0
BRDA:151,19,0,0
BRDA:151,19,1,1
BRDA:159,20,0,0
BRDA:159,20,1,1
BRDA:159,21,0,1
BRDA:159,21,1,1
BRDA:175,22,0,0
BRDA:175,22,1,1
BRF:46
BRH:21
end_of_record
TN:
SF:src\delivery\providers\index.js
FN:10,getDeliveryProvider
FNF:1
FNH:1
FNDA:9,getDeliveryProvider
DA:4,2
DA:5,2
DA:6,2
DA:8,2
DA:11,9
DA:13,2
DA:15,0
DA:16,0
DA:19,2
DA:20,2
DA:23,2
DA:24,2
DA:27,2
LF:13
LH:11
BRDA:11,0,0,7
BRDA:11,0,1,2
BRDA:13,1,0,0
BRDA:13,1,1,2
BRDA:13,1,2,2
BRF:5
BRH:4
end_of_record
TN:
SF:src\delivery\providers\base\DeliveryProvider.js
FN:5,(anonymous_0)
FN:18,(anonymous_1)
FN:27,(anonymous_2)
FN:36,(anonymous_3)
FN:45,(anonymous_4)
FN:54,(anonymous_5)
FN:63,(anonymous_6)
FNF:7
FNH:1
FNDA:3,(anonymous_0)
FNDA:0,(anonymous_1)
FNDA:0,(anonymous_2)
FNDA:0,(anonymous_3)
FNDA:0,(anonymous_4)
FNDA:0,(anonymous_5)
FNDA:0,(anonymous_6)
DA:6,3
DA:7,0
DA:9,3
DA:10,3
DA:19,0
DA:28,0
DA:37,0
DA:46,0
DA:55,0
DA:64,0
DA:68,2
LF:11
LH:4
BRDA:5,0,0,0
BRDA:6,1,0,0
BRDA:6,1,1,3
BRF:3
BRH:1
end_of_record
TN:
SF:src\delivery\providers\mock\MockDeliveryProvider.js
FN:9,(anonymous_0)
FN:15,(anonymous_1)
FN:38,(anonymous_2)
FN:45,(anonymous_3)
FN:52,(anonymous_4)
FN:58,(anonymous_5)
FN:64,(anonymous_6)
FNF:7
FNH:5
FNDA:2,(anonymous_0)
FNDA:8,(anonymous_1)
FNDA:0,(anonymous_2)
FNDA:0,(anonymous_3)
FNDA:2,(anonymous_4)
FNDA:2,(anonymous_5)
FNDA:10,(anonymous_6)
DA:4,2
DA:6,2
DA:10,2
DA:11,2
DA:12,2
DA:16,8
DA:17,8
DA:18,8
DA:19,8
DA:21,8
DA:34,8
DA:35,8
DA:39,0
DA:40,0
DA:41,0
DA:42,0
DA:46,0
DA:47,0
DA:48,0
DA:49,0
DA:53,2
DA:54,2
DA:55,2
DA:59,2
DA:60,2
DA:61,2
DA:65,10
DA:80,2
LF:28
LH:20
BRDA:54,0,0,0
BRDA:54,0,1,2
BRDA:55,1,0,2
BRDA:55,1,1,0
BRDA:60,2,0,2
BRDA:60,2,1,0
BRDA:66,3,0,10
BRDA:66,3,1,0
BRDA:67,4,0,10
BRDA:67,4,1,0
BRDA:68,5,0,10
BRDA:68,5,1,0
BRDA:69,6,0,10
BRDA:69,6,1,0
BRDA:69,6,2,0
BRDA:72,7,0,10
BRDA:72,7,1,0
BRDA:75,8,0,10
BRDA:75,8,1,1
BRF:19
BRH:10
end_of_record
TN:
SF:src\delivery\providers\tookan\TookanProvider.js
FN:21,(anonymous_0)
FN:44,(anonymous_1)
FN:73,(anonymous_2)
FN:92,(anonymous_3)
FN:125,(anonymous_4)
FN:159,(anonymous_5)
FN:189,(anonymous_6)
FN:214,(anonymous_7)
FN:369,(anonymous_8)
FN:370,(anonymous_9)
FN:374,(anonymous_10)
FN:383,(anonymous_11)
FNF:12
FNH:4
FNDA:1,(anonymous_0)
FNDA:0,(anonymous_1)
FNDA:0,(anonymous_2)
FNDA:0,(anonymous_3)
FNDA:0,(anonymous_4)
FNDA:0,(anonymous_5)
FNDA:0,(anonymous_6)
FNDA:1,(anonymous_7)
FNDA:1,(anonymous_8)
FNDA:4,(anonymous_9)
FNDA:0,(anonymous_10)
FNDA:0,(anonymous_11)
DA:4,2
DA:7,2
DA:22,1
DA:23,1
DA:24,1
DA:25,1
DA:26,1
DA:27,1
DA:28,1
DA:29,1
DA:30,1
DA:31,1
DA:32,1
DA:33,1
DA:34,1
DA:36,1
DA:37,0
DA:45,0
DA:46,0
DA:51,0
DA:57,0
DA:59,0
DA:60,0
DA:61,0
DA:62,0
DA:63,0
DA:64,0
DA:67,0
DA:74,0
DA:75,0
DA:77,0
DA:93,0
DA:110,0
DA:112,0
DA:114,0
DA:126,0
DA:144,0
DA:146,0
DA:148,0
DA:160,0
DA:164,0
DA:166,0
DA:190,0
DA:194,0
DA:215,1
DA:216,1
DA:219,1
DA:220,1
DA:221,0
DA:224,1
DA:272,1
DA:273,1
DA:278,1
DA:279,0
DA:284,1
DA:285,0
DA:290,1
DA:291,0
DA:293,1
DA:294,0
DA:296,1
DA:297,0
DA:302,1
DA:303,0
DA:305,1
DA:306,0
DA:312,1
DA:314,1
DA:315,1
DA:316,1
DA:321,1
DA:322,1
DA:327,1
DA:328,1
DA:336,1
DA:337,1
DA:349,1
DA:350,0
DA:354,1
DA:355,0
DA:359,1
DA:360,0
DA:363,1
DA:370,4
DA:371,1
DA:375,0
DA:384,0
DA:387,0
DA:390,0
DA:391,0
DA:394,0
DA:398,2
LF:92
LH:47
BRDA:25,0,0,1
BRDA:25,0,1,0
BRDA:26,1,0,1
BRDA:26,1,1,0
BRDA:27,2,0,1
BRDA:27,2,1,0
BRDA:28,3,0,1
BRDA:28,3,1,0
BRDA:29,4,0,1
BRDA:29,4,1,1
BRDA:30,5,0,1
BRDA:30,5,1,1
BRDA:31,6,0,1
BRDA:31,6,1,1
BRDA:32,7,0,1
BRDA:32,7,1,1
BRDA:33,8,0,1
BRDA:33,8,1,1
BRDA:34,9,0,1
BRDA:34,9,1,1
BRDA:36,10,0,0
BRDA:36,10,1,1
BRDA:44,11,0,0
BRDA:59,12,0,0
BRDA:59,12,1,0
BRDA:60,13,0,0
BRDA:60,13,1,0
BRDA:78,14,0,0
BRDA:78,14,1,0
BRDA:79,15,0,0
BRDA:79,15,1,0
BRDA:80,16,0,0
BRDA:80,16,1,0
BRDA:81,17,0,0
BRDA:81,17,1,0
BRDA:82,18,0,0
BRDA:82,18,1,0
BRDA:83,19,0,0
BRDA:83,19,1,0
BRDA:94,20,0,0
BRDA:94,20,1,0
BRDA:95,21,0,0
BRDA:95,21,1,0
BRDA:96,22,0,0
BRDA:96,22,1,0
BRDA:97,23,0,0
BRDA:97,23,1,0
BRDA:98,24,0,0
BRDA:98,24,1,0
BRDA:99,25,0,0
BRDA:99,25,1,0
BRDA:100,26,0,0
BRDA:100,26,1,0
BRDA:101,27,0,0
BRDA:101,27,1,0
BRDA:107,28,0,0
BRDA:107,28,1,0
BRDA:110,29,0,0
BRDA:110,29,1,0
BRDA:115,30,0,0
BRDA:115,30,1,0
BRDA:116,31,0,0
BRDA:116,31,1,0
BRDA:127,32,0,0
BRDA:127,32,1,0
BRDA:128,33,0,0
BRDA:128,33,1,0
BRDA:129,34,0,0
BRDA:129,34,1,0
BRDA:130,35,0,0
BRDA:130,35,1,0
BRDA:131,36,0,0
BRDA:131,36,1,0
BRDA:132,37,0,0
BRDA:132,37,1,0
BRDA:133,38,0,0
BRDA:133,38,1,0
BRDA:134,39,0,0
BRDA:134,39,1,0
BRDA:135,40,0,0
BRDA:135,40,1,0
BRDA:141,41,0,0
BRDA:141,41,1,0
BRDA:144,42,0,0
BRDA:144,42,1,0
BRDA:149,43,0,0
BRDA:149,43,1,0
BRDA:150,44,0,0
BRDA:150,44,1,0
BRDA:164,45,0,0
BRDA:164,45,1,0
BRDA:168,46,0,0
BRDA:168,46,1,0
BRDA:170,47,0,0
BRDA:170,47,1,0
BRDA:171,48,0,0
BRDA:171,48,1,0
BRDA:172,49,0,0
BRDA:172,49,1,0
BRDA:173,50,0,0
BRDA:173,50,1,0
BRDA:219,51,0,1
BRDA:219,51,1,0
BRDA:220,52,0,0
BRDA:220,52,1,1
BRDA:221,53,0,0
BRDA:221,53,1,0
BRDA:226,54,0,1
BRDA:226,54,1,0
BRDA:230,55,0,1
BRDA:230,55,1,0
BRDA:231,56,0,1
BRDA:231,56,1,0
BRDA:232,57,0,1
BRDA:232,57,1,0
BRDA:233,58,0,1
BRDA:233,58,1,0
BRDA:233,58,2,0
BRDA:234,59,0,1
BRDA:234,59,1,0
BRDA:235,60,0,1
BRDA:235,60,1,0
BRDA:238,61,0,1
BRDA:238,61,1,1
BRDA:239,62,0,1
BRDA:239,62,1,0
BRDA:240,63,0,1
BRDA:240,63,1,1
BRDA:241,64,0,1
BRDA:241,64,1,0
BRDA:242,65,0,1
BRDA:242,65,1,0
BRDA:243,66,0,1
BRDA:243,66,1,0
BRDA:247,67,0,0
BRDA:247,67,1,1
BRDA:248,68,0,0
BRDA:248,68,1,1
BRDA:268,69,0,1
BRDA:268,69,1,0
BRDA:272,70,0,1
BRDA:272,70,1,0
BRDA:278,71,0,0
BRDA:278,71,1,1
BRDA:278,72,0,1
BRDA:278,72,1,1
BRDA:279,73,0,0
BRDA:279,73,1,0
BRDA:284,74,0,0
BRDA:284,74,1,1
BRDA:284,75,0,1
BRDA:284,75,1,1
BRDA:285,76,0,0
BRDA:285,76,1,0
BRDA:290,77,0,0
BRDA:290,77,1,1
BRDA:290,78,0,1
BRDA:290,78,1,1
BRDA:291,79,0,0
BRDA:291,79,1,0
BRDA:293,80,0,0
BRDA:293,80,1,1
BRDA:293,81,0,1
BRDA:293,81,1,1
BRDA:294,82,0,0
BRDA:294,82,1,0
BRDA:296,83,0,0
BRDA:296,83,1,1
BRDA:296,84,0,1
BRDA:296,84,1,1
BRDA:297,85,0,0
BRDA:297,85,1,0
BRDA:302,86,0,0
BRDA:302,86,1,1
BRDA:305,87,0,0
BRDA:305,87,1,1
BRDA:314,88,0,1
BRDA:314,88,1,0
BRDA:315,89,0,1
BRDA:315,89,1,0
BRDA:321,90,0,1
BRDA:321,90,1,0
BRDA:324,91,0,1
BRDA:324,91,1,0
BRDA:327,92,0,1
BRDA:327,92,1,0
BRDA:336,93,0,1
BRDA:336,93,1,0
BRDA:339,94,0,1
BRDA:339,94,1,1
BRDA:340,95,0,1
BRDA:340,95,1,0
BRDA:341,96,0,1
BRDA:341,96,1,0
BRDA:342,97,0,1
BRDA:342,97,1,0
BRDA:343,98,0,1
BRDA:343,98,1,0
BRDA:344,99,0,1
BRDA:344,99,1,0
BRDA:349,100,0,0
BRDA:349,100,1,1
BRDA:354,101,0,0
BRDA:354,101,1,1
BRDA:359,102,0,0
BRDA:359,102,1,1
BRDA:384,103,0,0
BRDA:384,103,1,0
BRDA:387,104,0,0
BRDA:387,104,1,0
BRDA:391,105,0,0
BRDA:391,105,1,0
BRF:212
BRH:71
end_of_record
TN:
SF:src\delivery\routes\deliveryRoutes.js
FN:19,validateWith
FN:20,(anonymous_1)
FNF:2
FNH:2
FNDA:3,validateWith
FNDA:6,(anonymous_1)
DA:4,1
DA:5,1
DA:6,1
DA:7,1
DA:8,1
DA:9,1
DA:10,1
DA:13,1
DA:20,3
DA:21,6
DA:22,6
DA:23,1
DA:27,5
DA:33,1
DA:41,1
DA:49,1
DA:58,1
DA:65,1
DA:72,1
DA:78,1
LF:20
LH:20
BRDA:22,0,0,1
BRDA:22,0,1,5
BRF:2
BRH:2
end_of_record
TN:
SF:src\delivery\services\deliveryService.js
FN:8,(anonymous_0)
FN:18,(anonymous_1)
FN:94,(anonymous_2)
FN:112,(anonymous_3)
FN:124,(anonymous_4)
FN:131,(anonymous_5)
FN:138,(anonymous_6)
FN:145,(anonymous_7)
FN:181,getDeliveryService
FNF:9
FNH:6
FNDA:9,(anonymous_0)
FNDA:12,(anonymous_1)
FNDA:0,(anonymous_2)
FNDA:0,(anonymous_3)
FNDA:2,(anonymous_4)
FNDA:2,(anonymous_5)
FNDA:2,(anonymous_6)
FNDA:0,(anonymous_7)
FNDA:8,getDeliveryService
DA:4,2
DA:5,2
DA:9,9
DA:10,9
DA:24,12
DA:26,12
DA:35,12
DA:36,11
DA:47,11
DA:49,11
DA:50,2
DA:51,2
DA:52,2
DA:57,10
DA:58,10
DA:63,10
DA:65,10
DA:66,2
DA:67,2
DA:68,2
DA:73,8
DA:74,8
DA:75,8
DA:76,8
DA:77,8
DA:80,8
DA:81,8
DA:83,0
DA:84,0
DA:85,0
DA:88,8
DA:96,0
DA:97,0
DA:99,0
DA:100,0
DA:102,0
DA:103,0
DA:106,0
DA:113,0
DA:114,0
DA:115,0
DA:117,0
DA:125,2
DA:132,2
DA:139,2
DA:146,0
DA:148,0
DA:149,0
DA:156,0
DA:157,0
DA:158,0
DA:159,0
DA:163,0
DA:164,0
DA:168,0
DA:169,0
DA:170,0
DA:171,0
DA:175,0
DA:180,2
DA:182,8
DA:183,8
DA:186,2
LF:63
LH:35
BRDA:18,0,0,0
BRDA:20,1,0,6
BRDA:21,2,0,7
BRDA:22,3,0,6
BRDA:23,4,0,0
BRDA:35,5,0,11
BRDA:35,5,1,1
BRDA:49,6,0,2
BRDA:49,6,1,9
BRDA:57,7,0,10
BRDA:57,7,1,0
BRDA:57,8,0,10
BRDA:57,8,1,10
BRDA:65,9,0,2
BRDA:65,9,1,8
BRDA:65,10,0,10
BRDA:65,10,1,3
BRDA:73,11,0,4
BRDA:73,11,1,4
BRDA:74,12,0,8
BRDA:74,12,1,1
BRDA:75,13,0,8
BRDA:75,13,1,0
BRDA:85,14,0,0
BRDA:85,14,1,0
BRDA:94,15,0,0
BRDA:97,16,0,0
BRDA:97,16,1,0
BRDA:145,17,0,0
BRDA:148,18,0,0
BRDA:148,18,1,0
BRDA:156,19,0,0
BRDA:156,19,1,0
BRDA:163,20,0,0
BRDA:163,20,1,0
BRDA:163,21,0,0
BRDA:163,21,1,0
BRDA:168,22,0,0
BRDA:168,22,1,0
BRDA:168,23,0,0
BRDA:168,23,1,0
BRDA:182,24,0,1
BRDA:182,24,1,7
BRF:43
BRH:21
end_of_record
TN:
SF:src\delivery\validators\dispatchValidator.js
FN:8,validateDispatchPayload
FN:60,validateDeliveryOnlyPayload
FN:72,validatePickupOnlyPayload
FN:81,isValidDateFormat
FNF:4
FNH:1
FNDA:11,validateDispatchPayload
FNDA:0,validateDeliveryOnlyPayload
FNDA:0,validatePickupOnlyPayload
FNDA:0,isValidDateFormat
DA:9,11
DA:11,11
DA:12,1
DA:16,10
DA:17,2
DA:19,8
DA:20,8
DA:21,8
DA:22,0
DA:24,8
DA:25,6
DA:26,1
DA:29,8
DA:30,6
DA:31,0
DA:37,10
DA:38,1
DA:40,9
DA:44,10
DA:45,5
DA:46,5
DA:50,10
DA:51,0
DA:54,10
DA:61,0
DA:62,0
DA:64,0
DA:66,0
DA:73,0
DA:74,0
DA:76,0
DA:78,0
DA:83,0
DA:86,2
LF:34
LH:22
BRDA:11,0,0,1
BRDA:11,0,1,10
BRDA:16,1,0,2
BRDA:16,1,1,8
BRDA:19,2,0,0
BRDA:19,2,1,8
BRDA:20,3,0,0
BRDA:20,3,1,8
BRDA:21,4,0,0
BRDA:21,4,1,8
BRDA:21,5,0,8
BRDA:21,5,1,0
BRDA:24,6,0,6
BRDA:24,6,1,2
BRDA:24,7,0,8
BRDA:24,7,1,7
BRDA:25,8,0,1
BRDA:25,8,1,5
BRDA:25,9,0,6
BRDA:25,9,1,6
BRDA:25,9,2,6
BRDA:29,10,0,6
BRDA:29,10,1,2
BRDA:29,11,0,8
BRDA:29,11,1,7
BRDA:30,12,0,0
BRDA:30,12,1,6
BRDA:30,13,0,6
BRDA:30,13,1,6
BRDA:30,13,2,6
BRDA:37,14,0,1
BRDA:37,14,1,9
BRDA:40,15,0,0
BRDA:40,15,1,9
BRDA:44,16,0,5
BRDA:44,16,1,5
BRDA:45,17,0,0
BRDA:45,17,1,5
BRDA:46,18,0,0
BRDA:46,18,1,5
BRDA:50,19,0,0
BRDA:50,19,1,10
BRDA:50,20,0,10
BRDA:50,20,1,0
BRDA:62,21,0,0
BRDA:62,21,1,0
BRDA:64,22,0,0
BRDA:64,22,1,0
BRDA:64,23,0,0
BRDA:64,23,1,0
BRDA:74,24,0,0
BRDA:74,24,1,0
BRDA:76,25,0,0
BRDA:76,25,1,0
BRDA:83,26,0,0
BRDA:83,26,1,0
BRF:56
BRH:34
end_of_record
TN:
SF:src\middleware\rateLimiter.js
FN:6,rateLimiter
FN:7,(anonymous_1)
FN:42,(anonymous_2)
FNF:3
FNH:2
FNDA:2,rateLimiter
FNDA:9,(anonymous_1)
FNDA:0,(anonymous_2)
DA:4,1
DA:7,2
DA:8,9
DA:9,9
DA:11,9
DA:12,1
DA:13,1
DA:16,8
DA:18,8
DA:19,0
DA:20,0
DA:21,0
DA:24,8
DA:25,0
DA:33,0
DA:36,8
DA:37,8
DA:42,1
DA:43,0
DA:44,0
DA:45,0
DA:49,1
LF:22
LH:14
BRDA:6,0,0,0
BRDA:6,1,0,0
BRDA:6,2,0,0
BRDA:6,3,0,2
BRDA:8,4,0,0
BRDA:8,4,1,9
BRDA:11,5,0,1
BRDA:11,5,1,8
BRDA:18,6,0,0
BRDA:18,6,1,8
BRDA:24,7,0,0
BRDA:24,7,1,8
BRDA:45,8,0,0
BRDA:45,8,1,0
BRF:14
BRH:6
end_of_record
TN:
SF:src\middleware\validate.js
FN:8,validateQuery
FN:9,(anonymous_1)
FN:52,validateBody
FN:53,(anonymous_3)
FN:88,getNestedValue
FN:89,(anonymous_5)
FNF:6
FNH:6
FNDA:1,validateQuery
FNDA:2,(anonymous_1)
FNDA:3,validateBody
FNDA:3,(anonymous_3)
FNDA:5,getNestedValue
FNDA:5,(anonymous_5)
DA:9,1
DA:10,2
DA:11,2
DA:12,4
DA:14,4
DA:15,1
DA:16,1
DA:19,3
DA:21,1
DA:22,0
DA:23,0
DA:24,0
DA:26,0
DA:27,0
DA:31,1
DA:32,1
DA:33,0
DA:34,1
DA:35,0
DA:39,2
DA:40,1
DA:45,1
DA:53,3
DA:54,3
DA:55,3
DA:57,3
DA:58,5
DA:60,5
DA:61,0
DA:62,0
DA:65,5
DA:67,5
DA:68,0
DA:70,5
DA:71,0
DA:73,5
DA:74,0
DA:78,3
DA:79,0
DA:84,3
DA:89,5
DA:92,1
LF:42
LH:29
BRDA:14,0,0,1
BRDA:14,0,1,3
BRDA:14,1,0,4
BRDA:14,1,1,2
BRDA:14,1,2,1
BRDA:19,2,0,2
BRDA:19,2,1,1
BRDA:21,3,0,0
BRDA:21,3,1,1
BRDA:23,4,0,0
BRDA:23,4,1,0
BRDA:26,5,0,0
BRDA:26,5,1,0
BRDA:26,6,0,0
BRDA:26,6,1,0
BRDA:27,7,0,0
BRDA:27,7,1,0
BRDA:27,8,0,0
BRDA:27,8,1,0
BRDA:31,9,0,1
BRDA:31,9,1,0
BRDA:32,10,0,0
BRDA:32,10,1,1
BRDA:32,11,0,1
BRDA:32,11,1,1
BRDA:34,12,0,0
BRDA:34,12,1,1
BRDA:34,13,0,1
BRDA:34,13,1,1
BRDA:39,14,0,1
BRDA:39,14,1,1
BRDA:55,15,0,3
BRDA:55,15,1,0
BRDA:60,16,0,0
BRDA:60,16,1,5
BRDA:60,17,0,5
BRDA:60,17,1,5
BRDA:60,17,2,5
BRDA:60,17,3,5
BRDA:65,18,0,0
BRDA:65,18,1,5
BRDA:65,19,0,5
BRDA:65,19,1,5
BRDA:67,20,0,0
BRDA:67,20,1,5
BRDA:67,21,0,5
BRDA:67,21,1,2
BRDA:70,22,0,0
BRDA:70,22,1,5
BRDA:70,23,0,5
BRDA:70,23,1,0
BRDA:73,24,0,0
BRDA:73,24,1,5
BRDA:73,25,0,5
BRDA:73,25,1,0
BRDA:78,26,0,0
BRDA:78,26,1,3
BRF:57
BRH:34
end_of_record
TN:
SF:src\utils\geo.js
FN:10,haversineDistance
FN:11,(anonymous_1)
FN:27,isPointInPolygon
FN:40,isValidLatitude
FN:44,isValidLongitude
FNF:5
FNH:2
FNDA:13,haversineDistance
FNDA:52,(anonymous_1)
FNDA:0,isPointInPolygon
FNDA:0,isValidLatitude
FNDA:0,isValidLongitude
DA:4,3
DA:11,52
DA:12,13
DA:13,13
DA:15,13
DA:17,13
DA:28,0
DA:29,0
DA:30,0
DA:31,0
DA:33,0
DA:35,0
DA:37,0
DA:41,0
DA:45,0
DA:48,3
LF:16
LH:7
BRDA:33,0,0,0
BRDA:33,0,1,0
BRDA:35,1,0,0
BRDA:35,1,1,0
BRDA:41,2,0,0
BRDA:41,2,1,0
BRDA:41,2,2,0
BRDA:45,3,0,0
BRDA:45,3,1,0
BRDA:45,3,2,0
BRF:10
BRH:0
end_of_record
TN:
SF:src\utils\response.js
FN:4,success
FN:8,error
FNF:2
FNH:2
FNDA:12,success
FNDA:1,error
DA:5,12
DA:9,1
DA:10,1
DA:11,1
DA:14,1
LF:5
LH:5
BRDA:4,0,0,12
BRDA:8,1,0,0
BRDA:8,2,0,0
BRDA:10,3,0,1
BRDA:10,3,1,0
BRF:5
BRH:2
end_of_record
